#
# There is insufficient memory for the Java Runtime Environment to continue.
# Native memory allocation (malloc) failed to allocate 1035776 bytes for Chunk::new
# Possible reasons:
#   The system is out of physical RAM or swap space
#   The process is running with CompressedOops enabled, and the Java Heap may be blocking the growth of the native heap
# Possible solutions:
#   Reduce memory load on the system
#   Increase physical memory or swap space
#   Check if swap backing store is full
#   Decrease Java heap size (-Xmx/-Xms)
#   Decrease number of Java threads
#   Decrease Java thread stack sizes (-Xss)
#   Set larger code cache with -XX:ReservedCodeCacheSize=
#   JVM is running with Unscaled Compressed Oops mode in which the Java heap is
#     placed in the first 4GB address space. The Java Heap base address is the
#     maximum limit for the native heap growth. Please use -XX:HeapBaseMinAddress
#     to set the Java Heap base and to place the Java Heap above 4GB virtual address.
# This output file may be truncated or incomplete.
#
#  Out of Memory Error (arena.cpp:189), pid=624, tid=11044
#
# JRE version: OpenJDK Runtime Environment (17.0.7) (build 17.0.7+0-b2043.56-10550314)
# Java VM: OpenJDK 64-Bit Server VM (17.0.7+0-b2043.56-10550314, mixed mode, tiered, compressed oops, compressed class ptrs, g1 gc, windows-amd64)
# No core dump will be written. Minidumps are not enabled by default on client versions of Windows
#

---------------  S U M M A R Y ------------

Command Line: --add-opens=java.base/java.util=ALL-UNNAMED --add-opens=java.base/java.lang=ALL-UNNAMED --add-opens=java.base/java.lang.invoke=ALL-UNNAMED --add-opens=java.prefs/java.util.prefs=ALL-UNNAMED --add-opens=java.base/java.nio.charset=ALL-UNNAMED --add-opens=java.base/java.net=ALL-UNNAMED --add-opens=java.base/java.util.concurrent.atomic=ALL-UNNAMED -Xmx2048m -Dfile.encoding=UTF-8 -Duser.country=ES -Duser.language=es -Duser.variant -javaagent:D:\CarpetaGradle\.gradle\wrapper\dists\gradle-8.2-bin\bbg7u40eoinfdyxsxr3z4i7ta\gradle-8.2\lib\agents\gradle-instrumentation-agent-8.2.jar org.gradle.launcher.daemon.bootstrap.GradleDaemon 8.2

Host: AMD Ryzen 5 3500U with Radeon Vega Mobile Gfx  , 8 cores, 6G,  Windows 10 , 64 bit Build 19041 (10.0.19041.3636)
Time: Sat Feb 24 18:27:16 2024 Hora estándar romance elapsed time: 9.677507 seconds (0d 0h 0m 9s)

---------------  T H R E A D  ---------------

Current thread (0x00000172886258d0):  JavaThread "C2 CompilerThread2" daemon [_thread_in_native, id=11044, stack(0x00000046fb700000,0x00000046fb800000)]


Current CompileTask:
C2:   9677 6461   !   4       java.util.jar.Attributes::read (494 bytes)

Stack: [0x00000046fb700000,0x00000046fb800000]
Native frames: (J=compiled Java code, j=interpreted, Vv=VM code, C=native code)
V  [jvm.dll+0x683bfa]
V  [jvm.dll+0x8430a4]
V  [jvm.dll+0x8449be]
V  [jvm.dll+0x845023]
V  [jvm.dll+0x24ad2f]
V  [jvm.dll+0xac25c]
V  [jvm.dll+0xac82c]
V  [jvm.dll+0x36a187]
V  [jvm.dll+0x334821]
V  [jvm.dll+0x333cca]
V  [jvm.dll+0x21d251]
V  [jvm.dll+0x21c671]
V  [jvm.dll+0x1a605d]
V  [jvm.dll+0x22c148]
V  [jvm.dll+0x22a209]
V  [jvm.dll+0x7f858c]
V  [jvm.dll+0x7f2aea]
V  [jvm.dll+0x682a35]
C  [ucrtbase.dll+0x21bb2]
C  [KERNEL32.DLL+0x17344]
C  [ntdll.dll+0x526b1]


---------------  P R O C E S S  ---------------

Threads class SMR info:
_java_thread_list=0x0000017288a23b70, length=55, elements={
0x00000172e59b32e0, 0x00000172ff827c60, 0x00000172ff829890, 0x00000172ff858770,
0x00000172ff858e40, 0x00000172ff85bb20, 0x00000172ff85cc00, 0x00000172ff85d8a0,
0x00000172ff85e250, 0x00000172ffac4020, 0x00000172ffc53d00, 0x00000172ffc53360,
0x00000172ffc52020, 0x00000172ffc53830, 0x00000172ffc52e90, 0x0000017286ccebb0,
0x00000172ffc541d0, 0x00000172ffc51b50, 0x00000172ffc524f0, 0x00000172ffc529c0,
0x00000172ffc54b70, 0x00000172ffc546a0, 0x00000172ffc55040, 0x00000172ffc51680,
0x0000017285a4b7c0, 0x0000017285a4f180, 0x0000017285a4ecb0, 0x0000017285a4d970,
0x0000017285a4c160, 0x0000017285a4bc90, 0x0000017285a4e7e0, 0x0000017285a52670,
0x0000017285a52b40, 0x0000017285a4c630, 0x0000017285a50e60, 0x0000017285a4b2f0,
0x0000017285a4cfd0, 0x0000017285a4e310, 0x0000017285a4d4a0, 0x0000017285a4fff0,
0x0000017285a4fb20, 0x0000017285a504c0, 0x0000017285a51800, 0x0000017285a521a0,
0x0000017284923260, 0x000001728491ea30, 0x000001728491f8a0, 0x00000172849210b0,
0x0000017284922d90, 0x000001728491fd70, 0x000001728491f3d0, 0x0000017284920240,
0x00000172849258e0, 0x0000017284921580, 0x00000172886258d0
}

Java Threads: ( => current thread )
  0x00000172e59b32e0 JavaThread "main" [_thread_blocked, id=15508, stack(0x00000046f7100000,0x00000046f7200000)]
  0x00000172ff827c60 JavaThread "Reference Handler" daemon [_thread_blocked, id=12796, stack(0x00000046f7800000,0x00000046f7900000)]
  0x00000172ff829890 JavaThread "Finalizer" daemon [_thread_blocked, id=17332, stack(0x00000046f7900000,0x00000046f7a00000)]
  0x00000172ff858770 JavaThread "Signal Dispatcher" daemon [_thread_blocked, id=3068, stack(0x00000046f7a00000,0x00000046f7b00000)]
  0x00000172ff858e40 JavaThread "Attach Listener" daemon [_thread_blocked, id=13912, stack(0x00000046f7b00000,0x00000046f7c00000)]
  0x00000172ff85bb20 JavaThread "Service Thread" daemon [_thread_blocked, id=16836, stack(0x00000046f7c00000,0x00000046f7d00000)]
  0x00000172ff85cc00 JavaThread "Monitor Deflation Thread" daemon [_thread_blocked, id=15756, stack(0x00000046f7d00000,0x00000046f7e00000)]
  0x00000172ff85d8a0 JavaThread "C2 CompilerThread0" daemon [_thread_in_native, id=5224, stack(0x00000046f7e00000,0x00000046f7f00000)]
  0x00000172ff85e250 JavaThread "C1 CompilerThread0" daemon [_thread_blocked, id=4392, stack(0x00000046f7f00000,0x00000046f8000000)]
  0x00000172ffac4020 JavaThread "Sweeper thread" daemon [_thread_blocked, id=15728, stack(0x00000046f8000000,0x00000046f8100000)]
  0x00000172ffc53d00 JavaThread "Common-Cleaner" daemon [_thread_blocked, id=8324, stack(0x00000046f8100000,0x00000046f8200000)]
  0x00000172ffc53360 JavaThread "Notification Thread" daemon [_thread_blocked, id=15924, stack(0x00000046f8200000,0x00000046f8300000)]
  0x00000172ffc52020 JavaThread "Daemon health stats" [_thread_blocked, id=2360, stack(0x00000046f8a00000,0x00000046f8b00000)]
  0x00000172ffc53830 JavaThread "Incoming local TCP Connector on port 52985" [_thread_in_native, id=4508, stack(0x00000046f8400000,0x00000046f8500000)]
  0x00000172ffc52e90 JavaThread "Daemon periodic checks" [_thread_blocked, id=2808, stack(0x00000046f8900000,0x00000046f8a00000)]
  0x0000017286ccebb0 JavaThread "C2 CompilerThread1" daemon [_thread_in_native, id=6924, stack(0x00000046f8b00000,0x00000046f8c00000)]
  0x00000172ffc541d0 JavaThread "Daemon" [_thread_blocked, id=11236, stack(0x00000046f8d00000,0x00000046f8e00000)]
  0x00000172ffc51b50 JavaThread "Handler for socket connection from /127.0.0.1:52985 to /127.0.0.1:52986" [_thread_in_native, id=16280, stack(0x00000046f8e00000,0x00000046f8f00000)]
  0x00000172ffc524f0 JavaThread "Cancel handler" [_thread_blocked, id=16776, stack(0x00000046f8f00000,0x00000046f9000000)]
  0x00000172ffc529c0 JavaThread "Daemon worker" [_thread_in_Java, id=15640, stack(0x00000046f9000000,0x00000046f9100000)]
  0x00000172ffc54b70 JavaThread "Asynchronous log dispatcher for DefaultDaemonConnection: socket connection from /127.0.0.1:52985 to /127.0.0.1:52986" [_thread_blocked, id=11060, stack(0x00000046f9100000,0x00000046f9200000)]
  0x00000172ffc546a0 JavaThread "Stdin handler" [_thread_blocked, id=2144, stack(0x00000046f9200000,0x00000046f9300000)]
  0x00000172ffc55040 JavaThread "Daemon client event forwarder" [_thread_blocked, id=16012, stack(0x00000046f9300000,0x00000046f9400000)]
  0x00000172ffc51680 JavaThread "Cache worker for journal cache (D:\CarpetaGradle\.gradle\caches\journal-1)" [_thread_blocked, id=9300, stack(0x00000046f9700000,0x00000046f9800000)]
  0x0000017285a4b7c0 JavaThread "File lock request listener" [_thread_in_native, id=16432, stack(0x00000046f9800000,0x00000046f9900000)]
  0x0000017285a4f180 JavaThread "Cache worker for file hash cache (D:\CarpetaGradle\.gradle\caches\8.2\fileHashes)" [_thread_blocked, id=13880, stack(0x00000046f9900000,0x00000046f9a00000)]
  0x0000017285a4ecb0 JavaThread "File watcher server" daemon [_thread_in_native, id=12776, stack(0x00000046f9b00000,0x00000046f9c00000)]
  0x0000017285a4d970 JavaThread "File watcher consumer" daemon [_thread_blocked, id=12640, stack(0x00000046f9c00000,0x00000046f9d00000)]
  0x0000017285a4c160 JavaThread "Cache worker for checksums cache (D:\GEI\TFG\Travudget\FrontEnd\.gradle\8.2\checksums)" [_thread_blocked, id=16780, stack(0x00000046f9a00000,0x00000046f9b00000)]
  0x0000017285a4bc90 JavaThread "Cache worker for cache directory md-rule (D:\CarpetaGradle\.gradle\caches\8.2\md-rule)" [_thread_blocked, id=1988, stack(0x00000046f9d00000,0x00000046f9e00000)]
  0x0000017285a4e7e0 JavaThread "Cache worker for file content cache (D:\CarpetaGradle\.gradle\caches\8.2\fileContent)" [_thread_blocked, id=8968, stack(0x00000046f9e00000,0x00000046f9f00000)]
  0x0000017285a52670 JavaThread "Cache worker for file hash cache (D:\GEI\TFG\Travudget\FrontEnd\.gradle\8.2\fileHashes)" [_thread_blocked, id=4496, stack(0x00000046f9f00000,0x00000046fa000000)]
  0x0000017285a52b40 JavaThread "Cache worker for cache directory md-supplier (D:\CarpetaGradle\.gradle\caches\8.2\md-supplier)" [_thread_blocked, id=5904, stack(0x00000046fa000000,0x00000046fa100000)]
  0x0000017285a4c630 JavaThread "Cache worker for execution history cache (D:\CarpetaGradle\.gradle\caches\8.2\executionHistory)" [_thread_blocked, id=3268, stack(0x00000046fa100000,0x00000046fa200000)]
  0x0000017285a50e60 JavaThread "jar transforms" [_thread_blocked, id=8832, stack(0x00000046fa300000,0x00000046fa400000)]
  0x0000017285a4b2f0 JavaThread "jar transforms Thread 2" [_thread_blocked, id=17336, stack(0x00000046fa400000,0x00000046fa500000)]
  0x0000017285a4cfd0 JavaThread "Cache worker for kotlin-dsl (D:\CarpetaGradle\.gradle\caches\8.2\kotlin-dsl)" [_thread_blocked, id=7504, stack(0x00000046fa600000,0x00000046fa700000)]
  0x0000017285a4e310 JavaThread "jar transforms Thread 3" [_thread_blocked, id=1936, stack(0x00000046fa700000,0x00000046fa800000)]
  0x0000017285a4d4a0 JavaThread "jar transforms Thread 4" [_thread_blocked, id=3164, stack(0x00000046fa800000,0x00000046fa900000)]
  0x0000017285a4fff0 JavaThread "jar transforms Thread 5" [_thread_blocked, id=440, stack(0x00000046fa900000,0x00000046faa00000)]
  0x0000017285a4fb20 JavaThread "jar transforms Thread 6" [_thread_blocked, id=17096, stack(0x00000046faa00000,0x00000046fab00000)]
  0x0000017285a504c0 JavaThread "Cache worker for dependencies-accessors (D:\GEI\TFG\Travudget\FrontEnd\.gradle\8.2\dependencies-accessors)" [_thread_blocked, id=2588, stack(0x00000046fab00000,0x00000046fac00000)]
  0x0000017285a51800 JavaThread "Cache worker for Build Output Cleanup Cache (D:\GEI\TFG\Travudget\FrontEnd\.gradle\buildOutputCleanup)" [_thread_blocked, id=2608, stack(0x00000046fac00000,0x00000046fad00000)]
  0x0000017285a521a0 JavaThread "jar transforms Thread 7" [_thread_blocked, id=8972, stack(0x00000046fad00000,0x00000046fae00000)]
  0x0000017284923260 JavaThread "jar transforms Thread 8" [_thread_blocked, id=12392, stack(0x00000046fae00000,0x00000046faf00000)]
  0x000001728491ea30 JavaThread "Unconstrained build operations" [_thread_blocked, id=4332, stack(0x00000046faf00000,0x00000046fb000000)]
  0x000001728491f8a0 JavaThread "Unconstrained build operations Thread 2" [_thread_blocked, id=6552, stack(0x00000046fb000000,0x00000046fb100000)]
  0x00000172849210b0 JavaThread "Unconstrained build operations Thread 3" [_thread_blocked, id=15092, stack(0x00000046fb100000,0x00000046fb200000)]
  0x0000017284922d90 JavaThread "Unconstrained build operations Thread 4" [_thread_blocked, id=7408, stack(0x00000046fb200000,0x00000046fb300000)]
  0x000001728491fd70 JavaThread "Unconstrained build operations Thread 5" [_thread_blocked, id=16928, stack(0x00000046fb300000,0x00000046fb400000)]
  0x000001728491f3d0 JavaThread "Unconstrained build operations Thread 6" [_thread_blocked, id=12868, stack(0x00000046fb400000,0x00000046fb500000)]
  0x0000017284920240 JavaThread "Unconstrained build operations Thread 7" [_thread_blocked, id=3196, stack(0x00000046fb500000,0x00000046fb600000)]
  0x00000172849258e0 JavaThread "build event listener" [_thread_blocked, id=14484, stack(0x00000046fb600000,0x00000046fb700000)]
  0x0000017284921580 JavaThread "Memory manager" [_thread_blocked, id=17328, stack(0x00000046fa500000,0x00000046fa600000)]
=>0x00000172886258d0 JavaThread "C2 CompilerThread2" daemon [_thread_in_native, id=11044, stack(0x00000046fb700000,0x00000046fb800000)]

Other Threads:
  0x00000172ff825040 VMThread "VM Thread" [stack: 0x00000046f7700000,0x00000046f7800000] [id=1184]
  0x00000172e5a3e370 WatcherThread [stack: 0x00000046f8300000,0x00000046f8400000] [id=14192]
  0x00000172e5a0f2c0 GCTaskThread "GC Thread#0" [stack: 0x00000046f7200000,0x00000046f7300000] [id=10940]
  0x00000172849e3530 GCTaskThread "GC Thread#1" [stack: 0x00000046f8500000,0x00000046f8600000] [id=8340]
  0x0000017285032d20 GCTaskThread "GC Thread#2" [stack: 0x00000046f8600000,0x00000046f8700000] [id=11180]
  0x0000017284d9b3d0 GCTaskThread "GC Thread#3" [stack: 0x00000046f8700000,0x00000046f8800000] [id=7220]
  0x0000017284c66c80 GCTaskThread "GC Thread#4" [stack: 0x00000046f8800000,0x00000046f8900000] [id=15928]
  0x00000172843e2d60 GCTaskThread "GC Thread#5" [stack: 0x00000046f8c00000,0x00000046f8d00000] [id=10048]
  0x000001728586e050 GCTaskThread "GC Thread#6" [stack: 0x00000046f9400000,0x00000046f9500000] [id=9976]
  0x00000172859183e0 GCTaskThread "GC Thread#7" [stack: 0x00000046f9500000,0x00000046f9600000] [id=1320]
  0x00000172e5a20920 ConcurrentGCThread "G1 Main Marker" [stack: 0x00000046f7300000,0x00000046f7400000] [id=16224]
  0x00000172e5a21240 ConcurrentGCThread "G1 Conc#0" [stack: 0x00000046f7400000,0x00000046f7500000] [id=1704]
  0x0000017286db0520 ConcurrentGCThread "G1 Conc#1" [stack: 0x00000046f9600000,0x00000046f9700000] [id=152]
  0x00000172ff6820b0 ConcurrentGCThread "G1 Refine#0" [stack: 0x00000046f7500000,0x00000046f7600000] [id=16492]
  0x000001728772ec00 ConcurrentGCThread "G1 Refine#1" [stack: 0x00000046fa200000,0x00000046fa300000] [id=12668]
  0x00000172ff6829e0 ConcurrentGCThread "G1 Service" [stack: 0x00000046f7600000,0x00000046f7700000] [id=11196]

Threads with active compile tasks:
C2 CompilerThread0     9697 6433   !   4       java.net.URLClassLoader::findClass (47 bytes)
C1 CompilerThread0     9697 6539       3       java.math.MutableBigInteger::subtract (226 bytes)
C2 CompilerThread1     9697 6421       4       java.net.URLClassLoader$1::run (5 bytes)
C2 CompilerThread2     9697 6461   !   4       java.util.jar.Attributes::read (494 bytes)

VM state: not at safepoint (normal execution)

VM Mutex/Monitor currently owned by a thread: None

Heap address: 0x0000000080000000, size: 2048 MB, Compressed Oops mode: 32-bit

CDS archive(s) not mapped
Compressed class space mapped at: 0x0000000100000000-0x0000000140000000, reserved size: 1073741824
Narrow klass base: 0x0000000000000000, Narrow klass shift: 3, Narrow klass range: 0x140000000

GC Precious Log:
 CPUs: 8 total, 8 available
 Memory: 7103M
 Large Page Support: Disabled
 NUMA Support: Disabled
 Compressed Oops: Enabled (32-bit)
 Heap Region Size: 1M
 Heap Min Capacity: 8M
 Heap Initial Capacity: 112M
 Heap Max Capacity: 2G
 Pre-touch: Disabled
 Parallel Workers: 8
 Concurrent Workers: 2
 Concurrent Refinement Workers: 8
 Periodic GC: Disabled

Heap:
 garbage-first heap   total 134144K, used 80866K [0x0000000080000000, 0x0000000100000000)
  region size 1024K, 14 young (14336K), 2 survivors (2048K)
 Metaspace       used 65329K, committed 65920K, reserved 1114112K
  class space    used 8748K, committed 9024K, reserved 1048576K

Heap Regions: E=young(eden), S=young(survivor), O=old, HS=humongous(starts), HC=humongous(continues), CS=collection set, F=free, OA=open archive, CA=closed archive, TAMS=top-at-mark-start (previous, next)
|   0|0x0000000080000000, 0x0000000080100000, 0x0000000080100000|100%|HS|  |TAMS 0x0000000080100000, 0x0000000080000000| Complete 
|   1|0x0000000080100000, 0x0000000080200000, 0x0000000080200000|100%|HC|  |TAMS 0x0000000080200000, 0x0000000080100000| Complete 
|   2|0x0000000080200000, 0x0000000080300000, 0x0000000080300000|100%|HC|  |TAMS 0x0000000080300000, 0x0000000080200000| Complete 
|   3|0x0000000080300000, 0x0000000080400000, 0x0000000080400000|100%|HC|  |TAMS 0x0000000080400000, 0x0000000080300000| Complete 
|   4|0x0000000080400000, 0x0000000080500000, 0x0000000080500000|100%| O|  |TAMS 0x0000000080500000, 0x0000000080400000| Untracked 
|   5|0x0000000080500000, 0x0000000080600000, 0x0000000080600000|100%| O|  |TAMS 0x0000000080600000, 0x0000000080500000| Untracked 
|   6|0x0000000080600000, 0x0000000080700000, 0x0000000080700000|100%| O|  |TAMS 0x0000000080700000, 0x0000000080600000| Untracked 
|   7|0x0000000080700000, 0x0000000080800000, 0x0000000080800000|100%| O|  |TAMS 0x0000000080800000, 0x0000000080700000| Updating 
|   8|0x0000000080800000, 0x0000000080900000, 0x0000000080900000|100%| O|  |TAMS 0x0000000080900000, 0x0000000080800000| Updating 
|   9|0x0000000080900000, 0x0000000080a00000, 0x0000000080a00000|100%| O|  |TAMS 0x0000000080a00000, 0x0000000080900000| Updating 
|  10|0x0000000080a00000, 0x0000000080b00000, 0x0000000080b00000|100%| O|  |TAMS 0x0000000080b00000, 0x0000000080a00000| Untracked 
|  11|0x0000000080b00000, 0x0000000080c00000, 0x0000000080c00000|100%| O|  |TAMS 0x0000000080c00000, 0x0000000080b00000| Untracked 
|  12|0x0000000080c00000, 0x0000000080d00000, 0x0000000080d00000|100%| O|  |TAMS 0x0000000080d00000, 0x0000000080c00000| Untracked 
|  13|0x0000000080d00000, 0x0000000080e00000, 0x0000000080e00000|100%| O|  |TAMS 0x0000000080e00000, 0x0000000080d00000| Untracked 
|  14|0x0000000080e00000, 0x0000000080f00000, 0x0000000080f00000|100%| O|  |TAMS 0x0000000080f00000, 0x0000000080e00000| Updating 
|  15|0x0000000080f00000, 0x0000000081000000, 0x0000000081000000|100%| O|  |TAMS 0x0000000081000000, 0x0000000080f00000| Untracked 
|  16|0x0000000081000000, 0x0000000081100000, 0x0000000081100000|100%| O|  |TAMS 0x0000000081100000, 0x0000000081000000| Untracked 
|  17|0x0000000081100000, 0x0000000081200000, 0x0000000081200000|100%| O|  |TAMS 0x0000000081200000, 0x0000000081100000| Untracked 
|  18|0x0000000081200000, 0x0000000081300000, 0x0000000081300000|100%| O|  |TAMS 0x0000000081300000, 0x0000000081200000| Untracked 
|  19|0x0000000081300000, 0x0000000081400000, 0x0000000081400000|100%| O|  |TAMS 0x0000000081400000, 0x0000000081300000| Untracked 
|  20|0x0000000081400000, 0x0000000081500000, 0x0000000081500000|100%| O|  |TAMS 0x0000000081500000, 0x0000000081400000| Updating 
|  21|0x0000000081500000, 0x0000000081600000, 0x0000000081600000|100%| O|  |TAMS 0x0000000081600000, 0x0000000081500000| Untracked 
|  22|0x0000000081600000, 0x0000000081700000, 0x0000000081700000|100%| O|  |TAMS 0x0000000081700000, 0x0000000081600000| Untracked 
|  23|0x0000000081700000, 0x0000000081800000, 0x0000000081800000|100%|HS|  |TAMS 0x0000000081700000, 0x0000000081700000| Complete 
|  24|0x0000000081800000, 0x0000000081900000, 0x0000000081900000|100%| O|  |TAMS 0x0000000081900000, 0x0000000081800000| Untracked 
|  25|0x0000000081900000, 0x0000000081a00000, 0x0000000081a00000|100%| O|  |TAMS 0x0000000081a00000, 0x0000000081900000| Untracked 
|  26|0x0000000081a00000, 0x0000000081b00000, 0x0000000081b00000|100%| O|  |TAMS 0x0000000081b00000, 0x0000000081a00000| Untracked 
|  27|0x0000000081b00000, 0x0000000081c00000, 0x0000000081c00000|100%| O|  |TAMS 0x0000000081c00000, 0x0000000081b00000| Untracked 
|  28|0x0000000081c00000, 0x0000000081d00000, 0x0000000081d00000|100%|HS|  |TAMS 0x0000000081d00000, 0x0000000081c00000| Complete 
|  29|0x0000000081d00000, 0x0000000081e00000, 0x0000000081e00000|100%| O|  |TAMS 0x0000000081e00000, 0x0000000081d00000| Untracked 
|  30|0x0000000081e00000, 0x0000000081f00000, 0x0000000081f00000|100%| O|  |TAMS 0x0000000081f00000, 0x0000000081e00000| Untracked 
|  31|0x0000000081f00000, 0x0000000082000000, 0x0000000082000000|100%| O|  |TAMS 0x0000000082000000, 0x0000000081f00000| Untracked 
|  32|0x0000000082000000, 0x0000000082100000, 0x0000000082100000|100%| O|  |TAMS 0x0000000082100000, 0x0000000082000000| Untracked 
|  33|0x0000000082100000, 0x0000000082200000, 0x0000000082200000|100%|HS|  |TAMS 0x0000000082200000, 0x0000000082100000| Complete 
|  34|0x0000000082200000, 0x0000000082300000, 0x0000000082300000|100%| O|  |TAMS 0x0000000082300000, 0x0000000082200000| Untracked 
|  35|0x0000000082300000, 0x0000000082400000, 0x0000000082400000|100%| O|  |TAMS 0x0000000082400000, 0x0000000082300000| Updating 
|  36|0x0000000082400000, 0x0000000082500000, 0x0000000082500000|100%| O|  |TAMS 0x0000000082500000, 0x0000000082400000| Untracked 
|  37|0x0000000082500000, 0x0000000082600000, 0x0000000082600000|100%| O|  |TAMS 0x0000000082600000, 0x0000000082500000| Untracked 
|  38|0x0000000082600000, 0x0000000082700000, 0x0000000082700000|100%| O|  |TAMS 0x0000000082700000, 0x0000000082600000| Untracked 
|  39|0x0000000082700000, 0x0000000082800000, 0x0000000082800000|100%| O|  |TAMS 0x0000000082800000, 0x0000000082700000| Untracked 
|  40|0x0000000082800000, 0x0000000082900000, 0x0000000082900000|100%| O|  |TAMS 0x0000000082900000, 0x0000000082800000| Untracked 
|  41|0x0000000082900000, 0x0000000082a00000, 0x0000000082a00000|100%| O|  |TAMS 0x0000000082a00000, 0x0000000082900000| Updating 
|  42|0x0000000082a00000, 0x0000000082b00000, 0x0000000082b00000|100%|HS|  |TAMS 0x0000000082b00000, 0x0000000082a00000| Complete 
|  43|0x0000000082b00000, 0x0000000082c00000, 0x0000000082c00000|100%|HC|  |TAMS 0x0000000082c00000, 0x0000000082b00000| Complete 
|  44|0x0000000082c00000, 0x0000000082d00000, 0x0000000082d00000|100%|HS|  |TAMS 0x0000000082d00000, 0x0000000082c00000| Complete 
|  45|0x0000000082d00000, 0x0000000082e00000, 0x0000000082e00000|100%|HC|  |TAMS 0x0000000082e00000, 0x0000000082d00000| Complete 
|  46|0x0000000082e00000, 0x0000000082f00000, 0x0000000082f00000|100%|HS|  |TAMS 0x0000000082f00000, 0x0000000082e00000| Complete 
|  47|0x0000000082f00000, 0x0000000083000000, 0x0000000083000000|100%|HS|  |TAMS 0x0000000083000000, 0x0000000082f00000| Complete 
|  48|0x0000000083000000, 0x0000000083100000, 0x0000000083100000|100%|HC|  |TAMS 0x0000000083100000, 0x0000000083000000| Complete 
|  49|0x0000000083100000, 0x0000000083200000, 0x0000000083200000|100%|HC|  |TAMS 0x0000000083200000, 0x0000000083100000| Complete 
|  50|0x0000000083200000, 0x0000000083300000, 0x0000000083300000|100%|HC|  |TAMS 0x0000000083300000, 0x0000000083200000| Complete 
|  51|0x0000000083300000, 0x0000000083400000, 0x0000000083400000|100%| O|  |TAMS 0x0000000083400000, 0x0000000083300000| Untracked 
|  52|0x0000000083400000, 0x0000000083500000, 0x0000000083500000|100%|HS|  |TAMS 0x0000000083500000, 0x0000000083400000| Complete 
|  53|0x0000000083500000, 0x0000000083600000, 0x0000000083600000|100%| O|  |TAMS 0x0000000083600000, 0x0000000083500000| Untracked 
|  54|0x0000000083600000, 0x0000000083700000, 0x0000000083700000|100%| O|  |TAMS 0x0000000083700000, 0x0000000083600000| Untracked 
|  55|0x0000000083700000, 0x0000000083800000, 0x0000000083800000|100%| O|  |TAMS 0x0000000083800000, 0x0000000083700000| Untracked 
|  56|0x0000000083800000, 0x0000000083900000, 0x0000000083900000|100%| O|  |TAMS 0x0000000083900000, 0x0000000083800000| Updating 
|  57|0x0000000083900000, 0x0000000083a00000, 0x0000000083a00000|100%| O|  |TAMS 0x0000000083a00000, 0x0000000083900000| Updating 
|  58|0x0000000083a00000, 0x0000000083b00000, 0x0000000083b00000|100%|HS|  |TAMS 0x0000000083b00000, 0x0000000083a00000| Complete 
|  59|0x0000000083b00000, 0x0000000083c00000, 0x0000000083c00000|100%| O|  |TAMS 0x0000000083c00000, 0x0000000083b00000| Untracked 
|  60|0x0000000083c00000, 0x0000000083d00000, 0x0000000083d00000|100%| O|  |TAMS 0x0000000083d00000, 0x0000000083c00000| Untracked 
|  61|0x0000000083d00000, 0x0000000083da6e00, 0x0000000083e00000| 65%| O|  |TAMS 0x0000000083da6e00, 0x0000000083d00000| Updating 
|  62|0x0000000083e00000, 0x0000000083f00000, 0x0000000083f00000|100%|HS|  |TAMS 0x0000000083e00000, 0x0000000083e00000| Complete 
|  63|0x0000000083f00000, 0x0000000084000000, 0x0000000084000000|100%|HS|  |TAMS 0x0000000083f00000, 0x0000000083f00000| Complete 
|  64|0x0000000084000000, 0x0000000084100000, 0x0000000084100000|100%|HS|  |TAMS 0x0000000084000000, 0x0000000084000000| Complete 
|  65|0x0000000084100000, 0x0000000084200000, 0x0000000084200000|100%|HS|  |TAMS 0x0000000084100000, 0x0000000084100000| Complete 
|  66|0x0000000084200000, 0x0000000084300000, 0x0000000084300000|100%|HS|  |TAMS 0x0000000084200000, 0x0000000084200000| Complete 
|  67|0x0000000084300000, 0x0000000084300000, 0x0000000084400000|  0%| F|  |TAMS 0x0000000084300000, 0x0000000084300000| Untracked 
|  68|0x0000000084400000, 0x0000000084400000, 0x0000000084500000|  0%| F|  |TAMS 0x0000000084400000, 0x0000000084400000| Untracked 
|  69|0x0000000084500000, 0x0000000084500000, 0x0000000084600000|  0%| F|  |TAMS 0x0000000084500000, 0x0000000084500000| Untracked 
|  70|0x0000000084600000, 0x0000000084600000, 0x0000000084700000|  0%| F|  |TAMS 0x0000000084600000, 0x0000000084600000| Untracked 
|  71|0x0000000084700000, 0x0000000084700000, 0x0000000084800000|  0%| F|  |TAMS 0x0000000084700000, 0x0000000084700000| Untracked 
|  72|0x0000000084800000, 0x0000000084800000, 0x0000000084900000|  0%| F|  |TAMS 0x0000000084800000, 0x0000000084800000| Untracked 
|  73|0x0000000084900000, 0x0000000084900000, 0x0000000084a00000|  0%| F|  |TAMS 0x0000000084900000, 0x0000000084900000| Untracked 
|  74|0x0000000084a00000, 0x0000000084a00000, 0x0000000084b00000|  0%| F|  |TAMS 0x0000000084a00000, 0x0000000084a00000| Untracked 
|  75|0x0000000084b00000, 0x0000000084b00000, 0x0000000084c00000|  0%| F|  |TAMS 0x0000000084b00000, 0x0000000084b00000| Untracked 
|  76|0x0000000084c00000, 0x0000000084c00000, 0x0000000084d00000|  0%| F|  |TAMS 0x0000000084c00000, 0x0000000084c00000| Untracked 
|  77|0x0000000084d00000, 0x0000000084d00000, 0x0000000084e00000|  0%| F|  |TAMS 0x0000000084d00000, 0x0000000084d00000| Untracked 
|  78|0x0000000084e00000, 0x0000000084e00000, 0x0000000084f00000|  0%| F|  |TAMS 0x0000000084e00000, 0x0000000084e00000| Untracked 
|  79|0x0000000084f00000, 0x0000000084f00000, 0x0000000085000000|  0%| F|  |TAMS 0x0000000084f00000, 0x0000000084f00000| Untracked 
|  80|0x0000000085000000, 0x0000000085000000, 0x0000000085100000|  0%| F|  |TAMS 0x0000000085000000, 0x0000000085000000| Untracked 
|  81|0x0000000085100000, 0x0000000085100000, 0x0000000085200000|  0%| F|  |TAMS 0x0000000085100000, 0x0000000085100000| Untracked 
|  82|0x0000000085200000, 0x0000000085200000, 0x0000000085300000|  0%| F|  |TAMS 0x0000000085200000, 0x0000000085200000| Untracked 
|  83|0x0000000085300000, 0x0000000085300000, 0x0000000085400000|  0%| F|  |TAMS 0x0000000085300000, 0x0000000085300000| Untracked 
|  84|0x0000000085400000, 0x0000000085400000, 0x0000000085500000|  0%| F|  |TAMS 0x0000000085400000, 0x0000000085400000| Untracked 
|  85|0x0000000085500000, 0x0000000085500000, 0x0000000085600000|  0%| F|  |TAMS 0x0000000085500000, 0x0000000085500000| Untracked 
|  86|0x0000000085600000, 0x0000000085600000, 0x0000000085700000|  0%| F|  |TAMS 0x0000000085600000, 0x0000000085600000| Untracked 
|  87|0x0000000085700000, 0x0000000085700000, 0x0000000085800000|  0%| F|  |TAMS 0x0000000085700000, 0x0000000085700000| Untracked 
|  88|0x0000000085800000, 0x0000000085800000, 0x0000000085900000|  0%| F|  |TAMS 0x0000000085800000, 0x0000000085800000| Untracked 
|  89|0x0000000085900000, 0x0000000085900000, 0x0000000085a00000|  0%| F|  |TAMS 0x0000000085900000, 0x0000000085900000| Untracked 
|  90|0x0000000085a00000, 0x0000000085a00000, 0x0000000085b00000|  0%| F|  |TAMS 0x0000000085a00000, 0x0000000085a00000| Untracked 
|  91|0x0000000085b00000, 0x0000000085b00000, 0x0000000085c00000|  0%| F|  |TAMS 0x0000000085b00000, 0x0000000085b00000| Untracked 
|  92|0x0000000085c00000, 0x0000000085c00000, 0x0000000085d00000|  0%| F|  |TAMS 0x0000000085c00000, 0x0000000085c00000| Untracked 
|  93|0x0000000085d00000, 0x0000000085d00000, 0x0000000085e00000|  0%| F|  |TAMS 0x0000000085d00000, 0x0000000085d00000| Untracked 
|  94|0x0000000085e00000, 0x0000000085e00000, 0x0000000085f00000|  0%| F|  |TAMS 0x0000000085e00000, 0x0000000085e00000| Untracked 
|  95|0x0000000085f00000, 0x0000000085f00000, 0x0000000086000000|  0%| F|  |TAMS 0x0000000085f00000, 0x0000000085f00000| Untracked 
|  96|0x0000000086000000, 0x0000000086000000, 0x0000000086100000|  0%| F|  |TAMS 0x0000000086000000, 0x0000000086000000| Untracked 
|  97|0x0000000086100000, 0x0000000086100000, 0x0000000086200000|  0%| F|  |TAMS 0x0000000086100000, 0x0000000086100000| Untracked 
|  98|0x0000000086200000, 0x0000000086200000, 0x0000000086300000|  0%| F|  |TAMS 0x0000000086200000, 0x0000000086200000| Untracked 
|  99|0x0000000086300000, 0x0000000086300000, 0x0000000086400000|  0%| F|  |TAMS 0x0000000086300000, 0x0000000086300000| Untracked 
| 100|0x0000000086400000, 0x0000000086400000, 0x0000000086500000|  0%| F|  |TAMS 0x0000000086400000, 0x0000000086400000| Untracked 
| 101|0x0000000086500000, 0x0000000086500000, 0x0000000086600000|  0%| F|  |TAMS 0x0000000086500000, 0x0000000086500000| Untracked 
| 102|0x0000000086600000, 0x0000000086600000, 0x0000000086700000|  0%| F|  |TAMS 0x0000000086600000, 0x0000000086600000| Untracked 
| 103|0x0000000086700000, 0x0000000086700000, 0x0000000086800000|  0%| F|  |TAMS 0x0000000086700000, 0x0000000086700000| Untracked 
| 104|0x0000000086800000, 0x0000000086800000, 0x0000000086900000|  0%| F|  |TAMS 0x0000000086800000, 0x0000000086800000| Untracked 
| 105|0x0000000086900000, 0x0000000086900000, 0x0000000086a00000|  0%| F|  |TAMS 0x0000000086900000, 0x0000000086900000| Untracked 
| 106|0x0000000086a00000, 0x0000000086a00000, 0x0000000086b00000|  0%| F|  |TAMS 0x0000000086a00000, 0x0000000086a00000| Untracked 
| 107|0x0000000086b00000, 0x0000000086b00000, 0x0000000086c00000|  0%| F|  |TAMS 0x0000000086b00000, 0x0000000086b00000| Untracked 
| 108|0x0000000086c00000, 0x0000000086c00000, 0x0000000086d00000|  0%| F|  |TAMS 0x0000000086c00000, 0x0000000086c00000| Untracked 
| 109|0x0000000086d00000, 0x0000000086d00000, 0x0000000086e00000|  0%| F|  |TAMS 0x0000000086d00000, 0x0000000086d00000| Untracked 
| 110|0x0000000086e00000, 0x0000000086e00000, 0x0000000086f00000|  0%| F|  |TAMS 0x0000000086e00000, 0x0000000086e00000| Untracked 
| 111|0x0000000086f00000, 0x0000000086f00000, 0x0000000087000000|  0%| F|  |TAMS 0x0000000086f00000, 0x0000000086f00000| Untracked 
| 112|0x0000000087000000, 0x0000000087000000, 0x0000000087100000|  0%| F|  |TAMS 0x0000000087000000, 0x0000000087000000| Untracked 
| 113|0x0000000087100000, 0x0000000087100000, 0x0000000087200000|  0%| F|  |TAMS 0x0000000087100000, 0x0000000087100000| Untracked 
| 114|0x0000000087200000, 0x0000000087200000, 0x0000000087300000|  0%| F|  |TAMS 0x0000000087200000, 0x0000000087200000| Untracked 
| 115|0x0000000087300000, 0x0000000087300000, 0x0000000087400000|  0%| F|  |TAMS 0x0000000087300000, 0x0000000087300000| Untracked 
| 116|0x0000000087400000, 0x0000000087400000, 0x0000000087500000|  0%| F|  |TAMS 0x0000000087400000, 0x0000000087400000| Untracked 
| 117|0x0000000087500000, 0x0000000087580800, 0x0000000087600000| 50%| E|  |TAMS 0x0000000087500000, 0x0000000087500000| Complete 
| 118|0x0000000087600000, 0x0000000087700000, 0x0000000087700000|100%| E|CS|TAMS 0x0000000087600000, 0x0000000087600000| Complete 
| 119|0x0000000087700000, 0x0000000087800000, 0x0000000087800000|100%| E|CS|TAMS 0x0000000087700000, 0x0000000087700000| Complete 
| 120|0x0000000087800000, 0x0000000087900000, 0x0000000087900000|100%| E|CS|TAMS 0x0000000087800000, 0x0000000087800000| Complete 
| 121|0x0000000087900000, 0x0000000087a00000, 0x0000000087a00000|100%| E|CS|TAMS 0x0000000087900000, 0x0000000087900000| Complete 
| 122|0x0000000087a00000, 0x0000000087b00000, 0x0000000087b00000|100%| E|CS|TAMS 0x0000000087a00000, 0x0000000087a00000| Complete 
| 123|0x0000000087b00000, 0x0000000087c00000, 0x0000000087c00000|100%| E|CS|TAMS 0x0000000087b00000, 0x0000000087b00000| Complete 
| 124|0x0000000087c00000, 0x0000000087d00000, 0x0000000087d00000|100%| E|CS|TAMS 0x0000000087c00000, 0x0000000087c00000| Complete 
| 125|0x0000000087d00000, 0x0000000087e00000, 0x0000000087e00000|100%| E|CS|TAMS 0x0000000087d00000, 0x0000000087d00000| Complete 
| 126|0x0000000087e00000, 0x0000000087f00000, 0x0000000087f00000|100%| E|CS|TAMS 0x0000000087e00000, 0x0000000087e00000| Complete 
| 127|0x0000000087f00000, 0x0000000087f51b28, 0x0000000088000000| 31%| S|CS|TAMS 0x0000000087f00000, 0x0000000087f00000| Complete 
| 128|0x0000000088000000, 0x0000000088100000, 0x0000000088100000|100%| S|CS|TAMS 0x0000000088000000, 0x0000000088000000| Complete 
| 129|0x0000000088100000, 0x0000000088200000, 0x0000000088200000|100%| E|CS|TAMS 0x0000000088100000, 0x0000000088100000| Complete 
| 130|0x0000000088200000, 0x0000000088300000, 0x0000000088300000|100%| E|CS|TAMS 0x0000000088200000, 0x0000000088200000| Complete 

Card table byte_map: [0x00000172f85d0000,0x00000172f89d0000] _byte_map_base: 0x00000172f81d0000

Marking Bits (Prev, Next): (CMBitMap*) 0x00000172e5a0f820, (CMBitMap*) 0x00000172e5a0f7e0
 Prev Bits: [0x00000172fadd0000, 0x00000172fcdd0000)
 Next Bits: [0x00000172f8dd0000, 0x00000172fadd0000)

Polling page: 0x00000172e3950000

Metaspace:

Usage:
  Non-class:     55.26 MB used.
      Class:      8.54 MB used.
       Both:     63.80 MB used.

Virtual space:
  Non-class space:       64.00 MB reserved,      55.56 MB ( 87%) committed,  1 nodes.
      Class space:        1.00 GB reserved,       8.81 MB ( <1%) committed,  1 nodes.
             Both:        1.06 GB reserved,      64.38 MB (  6%) committed. 

Chunk freelists:
   Non-Class:  8.05 MB
       Class:  7.14 MB
        Both:  15.19 MB

MaxMetaspaceSize: unlimited
CompressedClassSpaceSize: 1.00 GB
Initial GC threshold: 21.00 MB
Current GC threshold: 107.31 MB
CDS: off
MetaspaceReclaimPolicy: balanced
 - commit_granule_bytes: 65536.
 - commit_granule_words: 8192.
 - virtual_space_node_default_size: 8388608.
 - enlarge_chunks_in_place: 1.
 - new_chunks_are_fully_committed: 0.
 - uncommit_free_chunks: 1.
 - use_allocation_guard: 0.
 - handle_deallocations: 1.


Internal statistics:

num_allocs_failed_limit: 6.
num_arena_births: 734.
num_arena_deaths: 0.
num_vsnodes_births: 2.
num_vsnodes_deaths: 0.
num_space_committed: 1030.
num_space_uncommitted: 0.
num_chunks_returned_to_freelist: 6.
num_chunks_taken_from_freelist: 2872.
num_chunk_merges: 6.
num_chunk_splits: 1910.
num_chunks_enlarged: 1286.
num_inconsistent_stats: 0.

CodeHeap 'non-profiled nmethods': size=120000Kb used=3138Kb max_used=3611Kb free=116861Kb
 bounds [0x00000172f0960000, 0x00000172f0cf0000, 0x00000172f7e90000]
CodeHeap 'profiled nmethods': size=120000Kb used=10615Kb max_used=11325Kb free=109384Kb
 bounds [0x00000172e8e90000, 0x00000172e99a0000, 0x00000172f03c0000]
CodeHeap 'non-nmethods': size=5760Kb used=2350Kb max_used=2405Kb free=3410Kb
 bounds [0x00000172f03c0000, 0x00000172f0630000, 0x00000172f0960000]
 total_blobs=6555 nmethods=5681 adapters=786
 compilation: enabled
              stopped_count=0, restarted_count=0
 full_count=0

Compilation events (20 events):
Event: 9.623 Thread 0x00000172ff85e250 nmethod 6514 0x00000172e9483090 code [0x00000172e9483220, 0x00000172e9483418]
Event: 9.623 Thread 0x00000172ff85e250 6515       3       java.util.regex.ASCII::isUpper (18 bytes)
Event: 9.623 Thread 0x00000172ff85e250 nmethod 6515 0x00000172e96e4410 code [0x00000172e96e45a0, 0x00000172e96e46f8]
Event: 9.625 Thread 0x00000172ff85e250 6516       3       sun.security.util.SignatureFileVerifier::updateSigners (132 bytes)
Event: 9.627 Thread 0x00000172ff85e250 nmethod 6516 0x00000172e8e96710 code [0x00000172e8e969c0, 0x00000172e8e97958]
Event: 9.627 Thread 0x00000172ff85e250 6517       3       sun.security.util.SignatureFileVerifier::matches (93 bytes)
Event: 9.628 Thread 0x00000172ff85e250 nmethod 6517 0x00000172e9137990 code [0x00000172e9137bc0, 0x00000172e9138478]
Event: 9.628 Thread 0x00000172ff85e250 6518       3       java.security.Provider$UString::hashCode (8 bytes)
Event: 9.628 Thread 0x00000172ff85e250 nmethod 6518 0x00000172e8e96310 code [0x00000172e8e964c0, 0x00000172e8e96608]
Event: 9.628 Thread 0x00000172ff85e250 6519       3       sun.security.util.SecurityProviderConstants::getAliases (65 bytes)
Event: 9.629 Thread 0x00000172ff85e250 nmethod 6519 0x00000172e9136b10 code [0x00000172e9136d80, 0x00000172e9137688]
Event: 9.671 Thread 0x00000172ff85e250 6525       3       sun.security.util.DerValue::toDigit (51 bytes)
Event: 9.672 Thread 0x00000172ff85e250 nmethod 6525 0x00000172e9482310 code [0x00000172e9482560, 0x00000172e9482c88]
Event: 9.672 Thread 0x00000172ff85e250 6526       3       sun.security.util.DerValue::getOID (76 bytes)
Event: 9.673 Thread 0x00000172ff85e250 nmethod 6526 0x00000172e8ea6710 code [0x00000172e8ea6960, 0x00000172e8ea70b8]
Event: 9.673 Thread 0x00000172ff85e250 6527       3       sun.security.util.ObjectIdentifier::<init> (39 bytes)
Event: 9.673 Thread 0x00000172ff85e250 nmethod 6527 0x00000172e8e95c90 code [0x00000172e8e95e40, 0x00000172e8e960f8]
Event: 9.673 Thread 0x00000172ff85e250 6528       3       java.util.concurrent.ConcurrentHashMap::isEmpty (15 bytes)
Event: 9.673 Thread 0x00000172ff85e250 nmethod 6528 0x00000172e9136490 code [0x00000172e9136640, 0x00000172e91367e8]
Event: 9.675 Thread 0x00000172ff85e250 6529       3       java.math.MutableBigInteger::add (346 bytes)

GC Heap History (20 events):
Event: 7.860 GC heap before
{Heap before GC invocations=15 (full 0):
 garbage-first heap   total 82944K, used 41344K [0x0000000080000000, 0x0000000100000000)
  region size 1024K, 6 young (6144K), 5 survivors (5120K)
 Metaspace       used 54349K, committed 54848K, reserved 1114112K
  class space    used 7312K, committed 7552K, reserved 1048576K
}
Event: 7.865 GC heap after
{Heap after GC invocations=16 (full 0):
 garbage-first heap   total 82944K, used 42326K [0x0000000080000000, 0x0000000100000000)
  region size 1024K, 1 young (1024K), 1 survivors (1024K)
 Metaspace       used 54349K, committed 54848K, reserved 1114112K
  class space    used 7312K, committed 7552K, reserved 1048576K
}
Event: 7.940 GC heap before
{Heap before GC invocations=17 (full 0):
 garbage-first heap   total 83968K, used 50518K [0x0000000080000000, 0x0000000100000000)
  region size 1024K, 6 young (6144K), 1 survivors (1024K)
 Metaspace       used 54453K, committed 54912K, reserved 1114112K
  class space    used 7323K, committed 7552K, reserved 1048576K
}
Event: 7.942 GC heap after
{Heap after GC invocations=18 (full 0):
 garbage-first heap   total 83968K, used 49290K [0x0000000080000000, 0x0000000100000000)
  region size 1024K, 3 young (3072K), 3 survivors (3072K)
 Metaspace       used 54453K, committed 54912K, reserved 1114112K
  class space    used 7323K, committed 7552K, reserved 1048576K
}
Event: 8.097 GC heap before
{Heap before GC invocations=19 (full 0):
 garbage-first heap   total 102400K, used 66698K [0x0000000080000000, 0x0000000100000000)
  region size 1024K, 15 young (15360K), 3 survivors (3072K)
 Metaspace       used 55072K, committed 55552K, reserved 1114112K
  class space    used 7412K, committed 7616K, reserved 1048576K
}
Event: 8.101 GC heap after
{Heap after GC invocations=20 (full 0):
 garbage-first heap   total 102400K, used 58332K [0x0000000080000000, 0x0000000100000000)
  region size 1024K, 2 young (2048K), 2 survivors (2048K)
 Metaspace       used 55072K, committed 55552K, reserved 1114112K
  class space    used 7412K, committed 7616K, reserved 1048576K
}
Event: 8.141 GC heap before
{Heap before GC invocations=20 (full 0):
 garbage-first heap   total 102400K, used 61404K [0x0000000080000000, 0x0000000100000000)
  region size 1024K, 7 young (7168K), 2 survivors (2048K)
 Metaspace       used 55363K, committed 55872K, reserved 1114112K
  class space    used 7434K, committed 7680K, reserved 1048576K
}
Event: 8.143 GC heap after
{Heap after GC invocations=21 (full 0):
 garbage-first heap   total 102400K, used 58819K [0x0000000080000000, 0x0000000100000000)
  region size 1024K, 1 young (1024K), 1 survivors (1024K)
 Metaspace       used 55363K, committed 55872K, reserved 1114112K
  class space    used 7434K, committed 7680K, reserved 1048576K
}
Event: 8.455 GC heap before
{Heap before GC invocations=22 (full 0):
 garbage-first heap   total 107520K, used 77251K [0x0000000080000000, 0x0000000100000000)
  region size 1024K, 18 young (18432K), 1 survivors (1024K)
 Metaspace       used 56895K, committed 57408K, reserved 1114112K
  class space    used 7669K, committed 7872K, reserved 1048576K
}
Event: 8.457 GC heap after
{Heap after GC invocations=23 (full 0):
 garbage-first heap   total 107520K, used 60443K [0x0000000080000000, 0x0000000100000000)
  region size 1024K, 2 young (2048K), 2 survivors (2048K)
 Metaspace       used 56895K, committed 57408K, reserved 1114112K
  class space    used 7669K, committed 7872K, reserved 1048576K
}
Event: 8.493 GC heap before
{Heap before GC invocations=23 (full 0):
 garbage-first heap   total 107520K, used 63515K [0x0000000080000000, 0x0000000100000000)
  region size 1024K, 5 young (5120K), 2 survivors (2048K)
 Metaspace       used 57208K, committed 57728K, reserved 1114112K
  class space    used 7714K, committed 7936K, reserved 1048576K
}
Event: 8.494 GC heap after
{Heap after GC invocations=24 (full 0):
 garbage-first heap   total 107520K, used 60694K [0x0000000080000000, 0x0000000100000000)
  region size 1024K, 1 young (1024K), 1 survivors (1024K)
 Metaspace       used 57208K, committed 57728K, reserved 1114112K
  class space    used 7714K, committed 7936K, reserved 1048576K
}
Event: 8.761 GC heap before
{Heap before GC invocations=24 (full 0):
 garbage-first heap   total 107520K, used 79126K [0x0000000080000000, 0x0000000100000000)
  region size 1024K, 20 young (20480K), 1 survivors (1024K)
 Metaspace       used 59248K, committed 59712K, reserved 1114112K
  class space    used 7936K, committed 8128K, reserved 1048576K
}
Event: 8.764 GC heap after
{Heap after GC invocations=25 (full 0):
 garbage-first heap   total 134144K, used 61182K [0x0000000080000000, 0x0000000100000000)
  region size 1024K, 1 young (1024K), 1 survivors (1024K)
 Metaspace       used 59248K, committed 59712K, reserved 1114112K
  class space    used 7936K, committed 8128K, reserved 1048576K
}
Event: 9.475 GC heap before
{Heap before GC invocations=26 (full 0):
 garbage-first heap   total 134144K, used 97022K [0x0000000080000000, 0x0000000100000000)
  region size 1024K, 36 young (36864K), 1 survivors (1024K)
 Metaspace       used 63949K, committed 64448K, reserved 1114112K
  class space    used 8597K, committed 8832K, reserved 1048576K
}
Event: 9.478 GC heap after
{Heap after GC invocations=27 (full 0):
 garbage-first heap   total 134144K, used 62539K [0x0000000080000000, 0x0000000100000000)
  region size 1024K, 2 young (2048K), 2 survivors (2048K)
 Metaspace       used 63949K, committed 64448K, reserved 1114112K
  class space    used 8597K, committed 8832K, reserved 1048576K
}
Event: 9.588 GC heap before
{Heap before GC invocations=27 (full 0):
 garbage-first heap   total 134144K, used 66635K [0x0000000080000000, 0x0000000100000000)
  region size 1024K, 6 young (6144K), 2 survivors (2048K)
 Metaspace       used 65265K, committed 65856K, reserved 1114112K
  class space    used 8740K, committed 9024K, reserved 1048576K
}
Event: 9.593 GC heap after
{Heap after GC invocations=28 (full 0):
 garbage-first heap   total 134144K, used 63131K [0x0000000080000000, 0x0000000100000000)
  region size 1024K, 1 young (1024K), 1 survivors (1024K)
 Metaspace       used 65265K, committed 65856K, reserved 1114112K
  class space    used 8740K, committed 9024K, reserved 1048576K
}
Event: 9.636 GC heap before
{Heap before GC invocations=28 (full 0):
 garbage-first heap   total 134144K, used 64155K [0x0000000080000000, 0x0000000100000000)
  region size 1024K, 3 young (3072K), 1 survivors (1024K)
 Metaspace       used 65316K, committed 65920K, reserved 1114112K
  class space    used 8746K, committed 9024K, reserved 1048576K
}
Event: 9.637 GC heap after
{Heap after GC invocations=29 (full 0):
 garbage-first heap   total 134144K, used 63458K [0x0000000080000000, 0x0000000100000000)
  region size 1024K, 2 young (2048K), 2 survivors (2048K)
 Metaspace       used 65316K, committed 65920K, reserved 1114112K
  class space    used 8746K, committed 9024K, reserved 1048576K
}

Dll operation events (3 events):
Event: 0.009 Loaded shared library D:\AndroidStudio\jbr\bin\java.dll
Event: 0.144 Loaded shared library D:\AndroidStudio\jbr\bin\zip.dll
Event: 0.439 Loaded shared library D:\AndroidStudio\jbr\bin\verify.dll

Deoptimization events (20 events):
Event: 9.669 Thread 0x00000172ffc529c0 DEOPT PACKING pc=0x00000172e9056200 sp=0x00000046f90f2570
Event: 9.669 Thread 0x00000172ffc529c0 DEOPT UNPACKING pc=0x00000172f0417143 sp=0x00000046f90f1a00 mode 0
Event: 9.669 Thread 0x00000172ffc529c0 DEOPT PACKING pc=0x00000172e9056200 sp=0x00000046f90f23d0
Event: 9.669 Thread 0x00000172ffc529c0 DEOPT UNPACKING pc=0x00000172f0417143 sp=0x00000046f90f1860 mode 0
Event: 9.669 Thread 0x00000172ffc529c0 DEOPT PACKING pc=0x00000172e9056200 sp=0x00000046f90f23d0
Event: 9.669 Thread 0x00000172ffc529c0 DEOPT UNPACKING pc=0x00000172f0417143 sp=0x00000046f90f1860 mode 0
Event: 9.670 Thread 0x00000172ffc529c0 DEOPT PACKING pc=0x00000172e9056200 sp=0x00000046f90f2570
Event: 9.670 Thread 0x00000172ffc529c0 DEOPT UNPACKING pc=0x00000172f0417143 sp=0x00000046f90f1a00 mode 0
Event: 9.670 Thread 0x00000172ffc529c0 DEOPT PACKING pc=0x00000172e9056200 sp=0x00000046f90f2570
Event: 9.670 Thread 0x00000172ffc529c0 DEOPT UNPACKING pc=0x00000172f0417143 sp=0x00000046f90f1a00 mode 0
Event: 9.670 Thread 0x00000172ffc529c0 DEOPT PACKING pc=0x00000172e9056200 sp=0x00000046f90f2570
Event: 9.670 Thread 0x00000172ffc529c0 DEOPT UNPACKING pc=0x00000172f0417143 sp=0x00000046f90f1a00 mode 0
Event: 9.670 Thread 0x00000172ffc529c0 DEOPT PACKING pc=0x00000172e9056200 sp=0x00000046f90f2570
Event: 9.670 Thread 0x00000172ffc529c0 DEOPT UNPACKING pc=0x00000172f0417143 sp=0x00000046f90f1a00 mode 0
Event: 9.671 Thread 0x00000172ffc529c0 DEOPT PACKING pc=0x00000172e9056200 sp=0x00000046f90f23d0
Event: 9.671 Thread 0x00000172ffc529c0 DEOPT UNPACKING pc=0x00000172f0417143 sp=0x00000046f90f1860 mode 0
Event: 9.671 Thread 0x00000172ffc529c0 DEOPT PACKING pc=0x00000172e9056200 sp=0x00000046f90f23d0
Event: 9.671 Thread 0x00000172ffc529c0 DEOPT UNPACKING pc=0x00000172f0417143 sp=0x00000046f90f1860 mode 0
Event: 9.671 Thread 0x00000172ffc529c0 DEOPT PACKING pc=0x00000172e9056200 sp=0x00000046f90f2570
Event: 9.671 Thread 0x00000172ffc529c0 DEOPT UNPACKING pc=0x00000172f0417143 sp=0x00000046f90f1a00 mode 0

Classes unloaded (0 events):
No events

Classes redefined (0 events):
No events

Internal exceptions (20 events):
Event: 7.758 Thread 0x00000172ffc55040 Exception <a 'java/lang/NoSuchMethodError'{0x00000000839aded0}: static Lorg/gradle/internal/build/event/types/DefaultProjectConfigurationSuccessResult;.<clinit>()V> (0x00000000839aded0) 
thrown [s\src\hotspot\share\prims\jni.cpp, line 1108]
Event: 7.758 Thread 0x00000172ffc55040 Exception <a 'java/lang/NoSuchMethodError'{0x00000000839af1d8}: static Lorg/gradle/internal/build/event/types/AbstractProjectConfigurationResult;.<clinit>()V> (0x00000000839af1d8) 
thrown [s\src\hotspot\share\prims\jni.cpp, line 1108]
Event: 7.758 Thread 0x00000172ffc55040 Exception <a 'java/lang/NoSuchMethodError'{0x00000000839b06d0}: static Lorg/gradle/internal/build/event/types/AbstractOperationResult;.<clinit>()V> (0x00000000839b06d0) 
thrown [s\src\hotspot\share\prims\jni.cpp, line 1108]
Event: 7.758 Thread 0x00000172ffc55040 Exception <a 'java/lang/NoSuchMethodError'{0x00000000839b1690}: static Lorg/gradle/internal/build/event/types/AbstractResult;.<clinit>()V> (0x00000000839b1690) 
thrown [s\src\hotspot\share\prims\jni.cpp, line 1108]
Event: 7.761 Thread 0x00000172ffc55040 Exception <a 'java/lang/NoSuchMethodError'{0x00000000839c79d0}: static Lorg/gradle/internal/build/event/types/DefaultPluginApplicationResult;.<clinit>()V> (0x00000000839c79d0) 
thrown [s\src\hotspot\share\prims\jni.cpp, line 1108]
Event: 7.763 Thread 0x00000172ffc55040 Exception <a 'java/lang/NoSuchMethodError'{0x00000000839d3170}: static Lorg/gradle/internal/build/event/types/DefaultBinaryPluginIdentifier;.<clinit>()V> (0x00000000839d3170) 
thrown [s\src\hotspot\share\prims\jni.cpp, line 1108]
Event: 7.766 Thread 0x00000172ffc55040 Exception <a 'java/lang/NoSuchMethodError'{0x00000000839f93e0}: static Lorg/gradle/internal/build/event/types/DefaultScriptPluginIdentifier;.<clinit>()V> (0x00000000839f93e0) 
thrown [s\src\hotspot\share\prims\jni.cpp, line 1108]
Event: 7.832 Thread 0x00000172ffc529c0 Implicit null exception at 0x00000172f0c5f192 to 0x00000172f0c5f7f4
Event: 7.832 Thread 0x00000172ffc529c0 Implicit null exception at 0x00000172f0c60994 to 0x00000172f0c61004
Event: 7.988 Thread 0x00000172ffc529c0 Exception <a 'java/lang/ClassNotFoundException'{0x0000000084d345a0}: sun/misc/SharedSecrets> (0x0000000084d345a0) 
thrown [s\src\hotspot\share\classfile\systemDictionary.cpp, line 256]
Event: 7.988 Thread 0x00000172ffc529c0 Exception <a 'java/lang/ClassNotFoundException'{0x0000000084d3a218}: org/gradle/api/internal/plugins/DefaultObjectConfigurationActionBeanInfo> (0x0000000084d3a218) 
thrown [s\src\hotspot\share\classfile\systemDictionary.cpp, line 256]
Event: 7.990 Thread 0x00000172ffc529c0 Exception <a 'java/lang/ClassNotFoundException'{0x0000000084d4eb60}: org/gradle/api/internal/plugins/DefaultObjectConfigurationActionCustomizer> (0x0000000084d4eb60) 
thrown [s\src\hotspot\share\classfile\systemDictionary.cpp, line 256]
Event: 8.289 Thread 0x00000172ffc529c0 Exception <a 'java/lang/NoSuchMethodError'{0x00000000863c60b0}: 'java.lang.Object java.lang.invoke.DirectMethodHandle$Holder.newInvokeSpecial(java.lang.Object, java.lang.Object, java.lang.Object, java.lang.Object, int)'> (0x00000000863c60b0) 
thrown [s\src\hotspot\share\interpreter\linkResolver.cpp, line 771]
Event: 8.290 Thread 0x00000172ffc529c0 Exception <a 'java/lang/NoSuchMethodError'{0x00000000863cb4f8}: 'java.lang.Object java.lang.invoke.DirectMethodHandle$Holder.invokeSpecial(java.lang.Object, java.lang.Object, java.lang.Object, java.lang.Object, java.lang.Object, int)'> (0x00000000863cb4f8) 
thrown [s\src\hotspot\share\interpreter\linkResolver.cpp, line 771]
Event: 8.290 Thread 0x00000172ffc529c0 Exception <a 'java/lang/NoSuchMethodError'{0x00000000863d0278}: 'java.lang.Object java.lang.invoke.Invokers$Holder.linkToTargetMethod(java.lang.Object, java.lang.Object, java.lang.Object, int, java.lang.Object)'> (0x00000000863d0278) 
thrown [s\src\hotspot\share\interpreter\linkResolver.cpp, line 771]
Event: 8.585 Thread 0x00000172ffc529c0 Exception <a 'java/lang/NoSuchMethodError'{0x00000000861379c0}: 'int java.lang.invoke.DirectMethodHandle$Holder.invokeInterface(java.lang.Object, java.lang.Object, java.lang.Object, java.lang.Object)'> (0x00000000861379c0) 
thrown [s\src\hotspot\share\interpreter\linkResolver.cpp, line 771]
Event: 9.279 Thread 0x00000172ffc529c0 Exception <a 'java/lang/IncompatibleClassChangeError'{0x00000000868037f0}: Found class java.lang.Object, but interface was expected> (0x00000000868037f0) 
thrown [s\src\hotspot\share\interpreter\linkResolver.cpp, line 838]
Event: 9.341 Thread 0x00000172ffc529c0 Implicit null exception at 0x00000172f0b953d4 to 0x00000172f0b95584
Event: 9.341 Thread 0x00000172ffc529c0 Implicit null exception at 0x00000172f0be49f9 to 0x00000172f0be512c
Event: 9.541 Thread 0x00000172ffc529c0 Implicit null exception at 0x00000172f0b1c60c to 0x00000172f0b1c742

VM Operations (20 events):
Event: 8.575 Executing VM operation: HandshakeAllThreads
Event: 8.575 Executing VM operation: HandshakeAllThreads done
Event: 8.584 Executing VM operation: HandshakeAllThreads
Event: 8.584 Executing VM operation: HandshakeAllThreads done
Event: 8.761 Executing VM operation: G1CollectForAllocation
Event: 8.764 Executing VM operation: G1CollectForAllocation done
Event: 8.796 Executing VM operation: G1Concurrent
Event: 8.799 Executing VM operation: G1Concurrent done
Event: 8.815 Executing VM operation: G1Concurrent
Event: 8.815 Executing VM operation: G1Concurrent done
Event: 9.475 Executing VM operation: G1CollectForAllocation
Event: 9.478 Executing VM operation: G1CollectForAllocation done
Event: 9.501 Executing VM operation: HandshakeAllThreads
Event: 9.502 Executing VM operation: HandshakeAllThreads done
Event: 9.552 Executing VM operation: HandshakeAllThreads
Event: 9.553 Executing VM operation: HandshakeAllThreads done
Event: 9.588 Executing VM operation: G1CollectForAllocation
Event: 9.593 Executing VM operation: G1CollectForAllocation done
Event: 9.636 Executing VM operation: G1TryInitiateConcMark
Event: 9.637 Executing VM operation: G1TryInitiateConcMark done

Events (20 events):
Event: 9.587 loading class java/security/cert/CertPathValidatorException$BasicReason
Event: 9.587 loading class java/security/cert/CertPathValidatorException$Reason
Event: 9.587 loading class java/security/cert/CertPathValidatorException$Reason done
Event: 9.587 loading class java/security/cert/CertPathValidatorException$BasicReason done
Event: 9.587 loading class java/security/SignatureException
Event: 9.587 loading class java/security/SignatureException done
Event: 9.600 loading class sun/security/rsa/RSASignature$SHA256withRSA
Event: 9.600 loading class sun/security/rsa/RSASignature$SHA256withRSA done
Event: 9.602 loading class sun/security/provider/DSA$SHA256withDSA
Event: 9.602 loading class sun/security/provider/DSA$SHA256withDSA done
Event: 9.623 loading class java/util/Base64
Event: 9.624 loading class java/util/Base64 done
Event: 9.624 loading class java/util/Base64$Decoder
Event: 9.624 loading class java/util/Base64$Decoder done
Event: 9.624 loading class java/util/Base64$Encoder
Event: 9.624 loading class java/util/Base64$Encoder done
Event: 9.626 loading class java/util/jar/JarVerifier$VerifierStream
Event: 9.626 loading class java/util/jar/JarVerifier$VerifierStream done
Event: 9.627 loading class sun/security/util/ManifestEntryVerifier$SunProviderHolder
Event: 9.627 loading class sun/security/util/ManifestEntryVerifier$SunProviderHolder done


Dynamic libraries:
0x00007ff7c1390000 - 0x00007ff7c139a000 	D:\AndroidStudio\jbr\bin\java.exe
0x00007ff9a0050000 - 0x00007ff9a0248000 	C:\WINDOWS\SYSTEM32\ntdll.dll
0x00007ff99e900000 - 0x00007ff99e9bd000 	C:\WINDOWS\System32\KERNEL32.DLL
0x00007ff99d710000 - 0x00007ff99da06000 	C:\WINDOWS\System32\KERNELBASE.dll
0x00007ff99da10000 - 0x00007ff99db10000 	C:\WINDOWS\System32\ucrtbase.dll
0x00007ff994cb0000 - 0x00007ff994cc7000 	D:\AndroidStudio\jbr\bin\jli.dll
0x00007ff997680000 - 0x00007ff99769b000 	D:\AndroidStudio\jbr\bin\VCRUNTIME140.dll
0x00007ff99eab0000 - 0x00007ff99ec4e000 	C:\WINDOWS\System32\USER32.dll
0x00007ff99e060000 - 0x00007ff99e082000 	C:\WINDOWS\System32\win32u.dll
0x00007ff985820000 - 0x00007ff985aba000 	C:\WINDOWS\WinSxS\amd64_microsoft.windows.common-controls_6595b64144ccf1df_6.0.19041.3636_none_60b6a03d71f818d5\COMCTL32.dll
0x00007ff99e9c0000 - 0x00007ff99e9eb000 	C:\WINDOWS\System32\GDI32.dll
0x00007ff99fd80000 - 0x00007ff99fe1e000 	C:\WINDOWS\System32\msvcrt.dll
0x00007ff99ddb0000 - 0x00007ff99dec7000 	C:\WINDOWS\System32\gdi32full.dll
0x00007ff99db10000 - 0x00007ff99dbad000 	C:\WINDOWS\System32\msvcp_win.dll
0x00007ff99e680000 - 0x00007ff99e6b2000 	C:\WINDOWS\System32\IMM32.DLL
0x00007ff998a90000 - 0x00007ff998a9c000 	D:\AndroidStudio\jbr\bin\vcruntime140_1.dll
0x00007ff9841d0000 - 0x00007ff98425d000 	D:\AndroidStudio\jbr\bin\msvcp140.dll
0x00007ff9517b0000 - 0x00007ff952430000 	D:\AndroidStudio\jbr\bin\server\jvm.dll
0x00007ff99ee20000 - 0x00007ff99eed3000 	C:\WINDOWS\System32\ADVAPI32.dll
0x00007ff99e3f0000 - 0x00007ff99e48f000 	C:\WINDOWS\System32\sechost.dll
0x00007ff99e7d0000 - 0x00007ff99e8f6000 	C:\WINDOWS\System32\RPCRT4.dll
0x00007ff99dd10000 - 0x00007ff99dd37000 	C:\WINDOWS\System32\bcrypt.dll
0x00007ff993070000 - 0x00007ff99307a000 	C:\WINDOWS\SYSTEM32\VERSION.dll
0x00007ff993040000 - 0x00007ff993067000 	C:\WINDOWS\SYSTEM32\WINMM.dll
0x00007ff99a860000 - 0x00007ff99a869000 	C:\WINDOWS\SYSTEM32\WSOCK32.dll
0x00007ff99ecb0000 - 0x00007ff99ed1b000 	C:\WINDOWS\System32\WS2_32.dll
0x00007ff99bf60000 - 0x00007ff99bf72000 	C:\WINDOWS\SYSTEM32\kernel.appcore.dll
0x00007ff99a850000 - 0x00007ff99a85a000 	D:\AndroidStudio\jbr\bin\jimage.dll
0x00007ff99b9c0000 - 0x00007ff99bba4000 	C:\WINDOWS\SYSTEM32\DBGHELP.DLL
0x00007ff98c340000 - 0x00007ff98c374000 	C:\WINDOWS\SYSTEM32\dbgcore.DLL
0x00007ff99dfd0000 - 0x00007ff99e052000 	C:\WINDOWS\System32\bcryptPrimitives.dll
0x00007ff998d40000 - 0x00007ff998d4e000 	D:\AndroidStudio\jbr\bin\instrument.dll
0x00007ff99a820000 - 0x00007ff99a845000 	D:\AndroidStudio\jbr\bin\java.dll
0x00007ff99a800000 - 0x00007ff99a818000 	D:\AndroidStudio\jbr\bin\zip.dll
0x00007ff99f000000 - 0x00007ff99f745000 	C:\WINDOWS\System32\SHELL32.dll
0x00007ff99b150000 - 0x00007ff99b8ec000 	C:\WINDOWS\SYSTEM32\windows.storage.dll
0x00007ff99e090000 - 0x00007ff99e3e4000 	C:\WINDOWS\System32\combase.dll
0x00007ff99d070000 - 0x00007ff99d09e000 	C:\WINDOWS\SYSTEM32\Wldp.dll
0x00007ff99e490000 - 0x00007ff99e55d000 	C:\WINDOWS\System32\OLEAUT32.dll
0x00007ff99e720000 - 0x00007ff99e7cd000 	C:\WINDOWS\System32\SHCORE.dll
0x00007ff99e6c0000 - 0x00007ff99e715000 	C:\WINDOWS\System32\shlwapi.dll
0x00007ff99d640000 - 0x00007ff99d665000 	C:\WINDOWS\SYSTEM32\profapi.dll
0x00007ff99a7e0000 - 0x00007ff99a7f9000 	D:\AndroidStudio\jbr\bin\net.dll
0x00007ff994040000 - 0x00007ff99414a000 	C:\WINDOWS\SYSTEM32\WINHTTP.dll
0x00007ff99cdb0000 - 0x00007ff99ce1a000 	C:\WINDOWS\system32\mswsock.dll
0x00007ff99a7c0000 - 0x00007ff99a7d6000 	D:\AndroidStudio\jbr\bin\nio.dll
0x00007ff99a7a0000 - 0x00007ff99a7b0000 	D:\AndroidStudio\jbr\bin\verify.dll
0x00007ff9427d0000 - 0x00007ff9427f7000 	D:\CarpetaGradle\.gradle\native\68d5fa5c4cc2d200863cafc0d521ce42e7d3e7ee720ec0a83991735586a16f82\windows-amd64\native-platform.dll
0x00007ff984080000 - 0x00007ff9841c4000 	D:\CarpetaGradle\.gradle\native\e376f236ea51e6404a007f0833ffe2c6e607c4080706a723a18a27aeea778392\windows-amd64\native-platform-file-events.dll
0x00007ff998d60000 - 0x00007ff998d69000 	D:\AndroidStudio\jbr\bin\management.dll
0x00007ff998d50000 - 0x00007ff998d5b000 	D:\AndroidStudio\jbr\bin\management_ext.dll
0x00007ff99f900000 - 0x00007ff99f908000 	C:\WINDOWS\System32\PSAPI.DLL
0x00007ff99cfc0000 - 0x00007ff99cfd8000 	C:\WINDOWS\SYSTEM32\CRYPTSP.dll
0x00007ff99c6c0000 - 0x00007ff99c6f4000 	C:\WINDOWS\system32\rsaenh.dll
0x00007ff99d600000 - 0x00007ff99d62e000 	C:\WINDOWS\SYSTEM32\USERENV.dll
0x00007ff99cfe0000 - 0x00007ff99cfec000 	C:\WINDOWS\SYSTEM32\CRYPTBASE.dll
0x00007ff99ca90000 - 0x00007ff99cacb000 	C:\WINDOWS\SYSTEM32\IPHLPAPI.DLL
0x00007ff99e5f0000 - 0x00007ff99e5f8000 	C:\WINDOWS\System32\NSI.dll
0x00007ff995a70000 - 0x00007ff995a87000 	C:\WINDOWS\SYSTEM32\dhcpcsvc6.DLL
0x00007ff995a50000 - 0x00007ff995a6d000 	C:\WINDOWS\SYSTEM32\dhcpcsvc.DLL
0x00007ff99cad0000 - 0x00007ff99cb9b000 	C:\WINDOWS\SYSTEM32\DNSAPI.dll
0x00007ff99a7b0000 - 0x00007ff99a7b7000 	C:\WINDOWS\system32\wshunix.dll

dbghelp: loaded successfully - version: 4.0.5 - missing functions: none
symbol engine: initialized successfully - sym options: 0x614 - pdb path: .;D:\AndroidStudio\jbr\bin;C:\WINDOWS\SYSTEM32;C:\WINDOWS\WinSxS\amd64_microsoft.windows.common-controls_6595b64144ccf1df_6.0.19041.3636_none_60b6a03d71f818d5;D:\AndroidStudio\jbr\bin\server;D:\CarpetaGradle\.gradle\native\68d5fa5c4cc2d200863cafc0d521ce42e7d3e7ee720ec0a83991735586a16f82\windows-amd64;D:\CarpetaGradle\.gradle\native\e376f236ea51e6404a007f0833ffe2c6e607c4080706a723a18a27aeea778392\windows-amd64

VM Arguments:
jvm_args: --add-opens=java.base/java.util=ALL-UNNAMED --add-opens=java.base/java.lang=ALL-UNNAMED --add-opens=java.base/java.lang.invoke=ALL-UNNAMED --add-opens=java.prefs/java.util.prefs=ALL-UNNAMED --add-opens=java.base/java.nio.charset=ALL-UNNAMED --add-opens=java.base/java.net=ALL-UNNAMED --add-opens=java.base/java.util.concurrent.atomic=ALL-UNNAMED -Xmx2048m -Dfile.encoding=UTF-8 -Duser.country=ES -Duser.language=es -Duser.variant -javaagent:D:\CarpetaGradle\.gradle\wrapper\dists\gradle-8.2-bin\bbg7u40eoinfdyxsxr3z4i7ta\gradle-8.2\lib\agents\gradle-instrumentation-agent-8.2.jar 
java_command: org.gradle.launcher.daemon.bootstrap.GradleDaemon 8.2
java_class_path (initial): D:\CarpetaGradle\.gradle\wrapper\dists\gradle-8.2-bin\bbg7u40eoinfdyxsxr3z4i7ta\gradle-8.2\lib\gradle-launcher-8.2.jar
Launcher Type: SUN_STANDARD

[Global flags]
     intx CICompilerCount                          = 4                                         {product} {ergonomic}
     uint ConcGCThreads                            = 2                                         {product} {ergonomic}
     uint G1ConcRefinementThreads                  = 8                                         {product} {ergonomic}
   size_t G1HeapRegionSize                         = 1048576                                   {product} {ergonomic}
    uintx GCDrainStackTargetSize                   = 64                                        {product} {ergonomic}
   size_t InitialHeapSize                          = 117440512                                 {product} {ergonomic}
   size_t MarkStackSize                            = 4194304                                   {product} {ergonomic}
   size_t MaxHeapSize                              = 2147483648                                {product} {command line}
   size_t MaxNewSize                               = 1287651328                                {product} {ergonomic}
   size_t MinHeapDeltaBytes                        = 1048576                                   {product} {ergonomic}
   size_t MinHeapSize                              = 8388608                                   {product} {ergonomic}
    uintx NonNMethodCodeHeapSize                   = 5839372                                {pd product} {ergonomic}
    uintx NonProfiledCodeHeapSize                  = 122909434                              {pd product} {ergonomic}
    uintx ProfiledCodeHeapSize                     = 122909434                              {pd product} {ergonomic}
    uintx ReservedCodeCacheSize                    = 251658240                              {pd product} {ergonomic}
     bool SegmentedCodeCache                       = true                                      {product} {ergonomic}
   size_t SoftMaxHeapSize                          = 2147483648                             {manageable} {ergonomic}
     bool UseCompressedClassPointers               = true                           {product lp64_product} {ergonomic}
     bool UseCompressedOops                        = true                           {product lp64_product} {ergonomic}
     bool UseG1GC                                  = true                                      {product} {ergonomic}
     bool UseLargePagesIndividualAllocation        = false                                  {pd product} {ergonomic}

Logging:
Log output configuration:
 #0: stdout all=warning uptime,level,tags
 #1: stderr all=off uptime,level,tags

Environment Variables:
PATH=C:\Program Files\Common Files\Oracle\Java\javapath;C:\Program Files (x86)\Common Files\Oracle\Java\javapath;C:\Program Files (x86)\Razer\ChromaBroadcast\bin;C:\Program Files\Razer\ChromaBroadcast\bin;C:\Windows\system32;C:\Windows;C:\Windows\System32\Wbem;C:\Windows\System32\WindowsPowerShell\v1.0\;C:\Windows\System32\OpenSSH\;C:\Windows\system32\config\systemprofile\AppData\Local\Microsoft\WindowsApps;C:\WINDOWS\system32;C:\WINDOWS;C:\WINDOWS\System32\Wbem;C:\WINDOWS\System32\WindowsPowerShell\v1.0\;C:\WINDOWS\System32\OpenSSH\;C:\Program Files (x86)\Labcenter Electronics\Proteus 8 Professional\Tools\xc8\bin;C:\Program Files\Git\cmd;C:\Program Files\PuTTY\;D:\kotlin-compiler-1.9.22\kotlinc;D:\kotlin-compiler-1.9.22\kotlinc\bin;;C:\Program Files\Docker\Docker\resources\bin;C:\Users\Pol Salvador\AppData\Local\Programs\Python\Python39\Scripts\;C:\Users\Pol Salvador\AppData\Local\Programs\Python\Python39\;C:\Users\Pol Salvador\AppData\Local\Microsoft\WindowsApps;C:\Users\Pol Salvador\AppData\Local\Programs\Microsoft VS Code\bin;D:\kotlin-compiler-1.9.22\kotlinc;D:\kotlin-compiler-1.9.22\kotlinc\bin;D:\Docker;
USERNAME=Pol Salvador
OS=Windows_NT
PROCESSOR_IDENTIFIER=AMD64 Family 23 Model 24 Stepping 1, AuthenticAMD
TMP=C:\Users\POLSAL~1\AppData\Local\Temp
TEMP=C:\Users\POLSAL~1\AppData\Local\Temp


JNI global refs:
JNI global refs: 26, weak refs: 0

JNI global refs memory usage: 843, weak refs: 841

OOME stack traces (most recent first):
Classloader memory used:
Loader org.gradle.internal.classloader.VisitableURLClassLoader                         : 3497K
Loader bootstrap                                                                       : 2792K
Loader org.gradle.initialization.MixInLegacyTypesClassLoader                           : 1094K
Loader org.gradle.internal.classloader.VisitableURLClassLoader$InstrumentingVisitableURLClassLoader: 662K
Loader jdk.internal.loader.ClassLoaders$PlatformClassLoader                            : 66863B
Loader jdk.internal.loader.ClassLoaders$AppClassLoader                                 : 28073B
Loader jdk.internal.reflect.DelegatingClassLoader                                      : 24044B
Loader org.gradle.groovy.scripts.internal.DefaultScriptCompilationHandler$ScriptClassLoader: 1714B
Loader sun.reflect.misc.MethodUtil                                                     : 373B
Loader org.codehaus.groovy.runtime.callsite.CallSiteClassLoader                        : 356B

Classes loaded by more than one classloader:
Class Program                                                                         : loaded 4 times (x 72B)
Class com.google.common.collect.Iterators$MergingIterator                             : loaded 2 times (x 79B)
Class [Lcom.google.common.collect.AbstractMapEntry;                                   : loaded 2 times (x 67B)
Class com.google.common.collect.SingletonImmutableList                                : loaded 2 times (x 167B)
Class com.google.common.cache.CacheLoader$SupplierToCacheLoader                       : loaded 2 times (x 73B)
Class org.gradle.internal.classpath.ClassPath                                         : loaded 2 times (x 68B)
Class com.google.common.cache.RemovalListener                                         : loaded 2 times (x 68B)
Class org.gradle.api.internal.classpath.DefaultModuleRegistry                         : loaded 2 times (x 84B)
Class Settings_gradle$1$1                                                             : loaded 2 times (x 72B)
Class com.google.common.collect.ListMultimap                                          : loaded 2 times (x 68B)
Class com.google.common.base.CharMatcher$JavaDigit                                    : loaded 2 times (x 109B)
Class com.google.common.base.CharMatcher$Digit                                        : loaded 2 times (x 110B)
Class com.google.common.collect.AbstractMultimap                                      : loaded 2 times (x 121B)
Class com.google.common.cache.CacheBuilder$OneWeigher                                 : loaded 2 times (x 80B)
Class org.gradle.api.Action                                                           : loaded 2 times (x 68B)
Class com.google.common.collect.ImmutableEntry                                        : loaded 2 times (x 80B)
Class com.google.common.collect.Lists$StringAsImmutableList                           : loaded 2 times (x 167B)
Class com.google.common.base.CharMatcher                                              : loaded 2 times (x 109B)
Class com.google.common.base.CharMatcher$IsNot                                        : loaded 2 times (x 109B)
Class com.google.common.base.Splitter                                                 : loaded 2 times (x 70B)
Class [Lcom.google.common.cache.Weigher;                                              : loaded 2 times (x 67B)
Class com.google.common.collect.Iterators$ArrayItr                                    : loaded 2 times (x 95B)
Class com.google.common.cache.LocalCache$Segment                                      : loaded 2 times (x 152B)
Class org.gradle.api.internal.DefaultClassPathProvider                                : loaded 2 times (x 74B)
Class org.gradle.internal.installation.GradleInstallation$1                           : loaded 2 times (x 73B)
Class com.google.common.base.CharMatcher$BitSetMatcher                                : loaded 2 times (x 110B)
Class com.google.common.collect.ImmutableMap$IteratorBasedImmutableMap                : loaded 2 times (x 123B)
Class com.google.common.collect.ImmutableMap                                          : loaded 2 times (x 118B)
Class com.google.common.base.Converter                                                : loaded 2 times (x 88B)
Class com.google.common.collect.ImmutableSet$EmptySetBuilderImpl                      : loaded 2 times (x 74B)
Class com.google.common.base.Equivalence                                              : loaded 2 times (x 80B)
Class com.google.common.cache.LocalCache$EntryFactory$1                               : loaded 2 times (x 81B)
Class com.google.common.cache.LocalCache$EntryFactory$2                               : loaded 2 times (x 81B)
Class com.google.common.cache.LocalCache$EntryFactory$3                               : loaded 2 times (x 81B)
Class com.google.common.cache.LocalCache$EntryFactory$4                               : loaded 2 times (x 81B)
Class com.google.common.cache.LocalCache$EntryFactory$5                               : loaded 2 times (x 81B)
Class com.google.common.cache.LocalCache$EntryFactory$6                               : loaded 2 times (x 81B)
Class com.google.common.cache.LocalCache$EntryFactory$7                               : loaded 2 times (x 81B)
Class com.google.common.cache.LocalCache$EntryFactory$8                               : loaded 2 times (x 81B)
Class com.google.common.base.Predicate                                                : loaded 2 times (x 68B)
Class org.gradle.internal.classloader.FilteringClassLoader                            : loaded 2 times (x 102B)
Class com.google.common.collect.RegularImmutableSet                                   : loaded 2 times (x 146B)
Class [Lcom.google.common.cache.LocalCache$Strength;                                  : loaded 2 times (x 67B)
Class org.gradle.internal.classpath.DefaultClassPath$ImmutableUniqueList$Builder      : loaded 2 times (x 73B)
Class com.google.common.collect.Maps$8                                                : loaded 2 times (x 80B)
Class com.google.common.base.PatternCompiler                                          : loaded 2 times (x 68B)
Class [Lcom.google.common.cache.CacheBuilder$NullListener;                            : loaded 2 times (x 67B)
Class com.google.common.base.CharMatcher$InRange                                      : loaded 2 times (x 109B)
Class com.google.common.collect.BiMap                                                 : loaded 2 times (x 68B)
Class com.google.common.collect.Lists                                                 : loaded 2 times (x 69B)
Class com.google.common.math.IntMath$1                                                : loaded 2 times (x 69B)
Class org.gradle.internal.classloader.ClassLoaderVisitor                              : loaded 2 times (x 74B)
Class com.google.common.cache.CacheBuilder$NullListener                               : loaded 2 times (x 80B)
Class com.google.common.math.MathPreconditions                                        : loaded 2 times (x 69B)
Class org.gradle.internal.service.DefaultServiceLocator                               : loaded 2 times (x 81B)
Class org.gradle.internal.service.UnknownServiceException                             : loaded 2 times (x 81B)
Class com.google.common.collect.ArrayListMultimap                                     : loaded 2 times (x 170B)
Class com.google.common.base.Strings                                                  : loaded 2 times (x 69B)
Class com.google.common.cache.CacheLoader$InvalidCacheLoadException                   : loaded 2 times (x 80B)
Class org.gradle.internal.classloader.DefaultClassLoaderFactory                       : loaded 2 times (x 80B)
Class com.google.common.collect.UnmodifiableIterator                                  : loaded 2 times (x 78B)
Class com.google.common.base.Platform$JdkPatternCompiler                              : loaded 2 times (x 73B)
Class com.google.common.cache.LocalCache$LoadingValueReference                        : loaded 2 times (x 94B)
Class com.google.common.base.CharMatcher$SingleWidth                                  : loaded 2 times (x 110B)
Class com.google.common.collect.Hashing                                               : loaded 2 times (x 69B)
Class com.google.common.base.JdkPattern                                               : loaded 2 times (x 73B)
Class com.google.common.collect.Multimap                                              : loaded 2 times (x 68B)
Class com.google.common.base.FunctionalEquivalence                                    : loaded 2 times (x 81B)
Class com.google.common.cache.LocalCache$1                                            : loaded 2 times (x 87B)
Class com.google.common.cache.LocalCache$2                                            : loaded 2 times (x 140B)
Class com.google.common.collect.RegularImmutableBiMap                                 : loaded 2 times (x 146B)
Class org.gradle.internal.classloader.VisitableURLClassLoader$Spec                    : loaded 2 times (x 72B)
Class org.gradle.api.GradleException                                                  : loaded 2 times (x 80B)
Class com.google.common.base.CharMatcher$JavaLetterOrDigit                            : loaded 2 times (x 109B)
Class org.gradle.api.internal.classpath.ModuleRegistry                                : loaded 2 times (x 68B)
Class com.google.common.collect.ForwardingObject                                      : loaded 2 times (x 70B)
Class com.google.common.cache.CacheBuilder                                            : loaded 2 times (x 70B)
Class com.google.common.collect.ImmutableCollection                                   : loaded 2 times (x 123B)
Class com.google.common.base.PairwiseEquivalence                                      : loaded 2 times (x 81B)
Class com.google.common.base.Ticker                                                   : loaded 2 times (x 70B)
Class org.gradle.api.internal.ClassPathProvider                                       : loaded 2 times (x 68B)
Class com.google.common.collect.RegularImmutableMap$Values                            : loaded 2 times (x 167B)
Class org.gradle.internal.classloader.ClasspathUtil$1                                 : loaded 2 times (x 74B)
Class com.google.common.collect.ImmutableEnumMap                                      : loaded 2 times (x 123B)
Class com.google.common.collect.ForwardingMap                                         : loaded 2 times (x 130B)
Class com.google.common.collect.ImmutableList$ReverseImmutableList                    : loaded 2 times (x 168B)
Class com.google.common.cache.AbstractCache$StatsCounter                              : loaded 2 times (x 68B)
Class com.google.common.cache.LocalCache$Strength$1                                   : loaded 2 times (x 79B)
Class com.google.common.cache.LocalCache$Strength$2                                   : loaded 2 times (x 79B)
Class com.google.common.cache.LocalCache$Strength$3                                   : loaded 2 times (x 79B)
Class org.gradle.internal.classloader.ClassLoaderFactory                              : loaded 2 times (x 68B)
Class com.google.common.collect.ObjectArrays                                          : loaded 2 times (x 69B)
Class com.google.common.collect.Iterators$10                                          : loaded 2 times (x 79B)
Class com.google.common.collect.ImmutableList                                         : loaded 2 times (x 166B)
Class org.gradle.api.internal.classpath.ManifestUtil                                  : loaded 2 times (x 69B)
Class org.gradle.api.specs.Spec                                                       : loaded 2 times (x 68B)
Class com.google.common.cache.CacheLoader$UnsupportedLoadingOperationException        : loaded 2 times (x 80B)
Class com.google.common.base.CharMatcher$Whitespace                                   : loaded 2 times (x 110B)
Class com.google.common.collect.Iterators$1                                           : loaded 2 times (x 79B)
Class com.google.common.collect.Iterators$4                                           : loaded 2 times (x 80B)
Class com.google.common.collect.RegularImmutableMap$BucketOverflowException           : loaded 2 times (x 80B)
Class com.google.common.collect.Iterators$5                                           : loaded 2 times (x 80B)
Class com.google.common.base.Equivalence$Equals                                       : loaded 2 times (x 80B)
Class com.google.common.base.Preconditions                                            : loaded 2 times (x 69B)
Class com.google.common.base.Function                                                 : loaded 2 times (x 68B)
Class com.google.common.collect.Iterators$9                                           : loaded 2 times (x 79B)
Class org.gradle.internal.IoActions                                                   : loaded 2 times (x 69B)
Class com.google.common.cache.ReferenceEntry                                          : loaded 2 times (x 68B)
Class com.google.common.collect.RegularImmutableMap$KeySet                            : loaded 2 times (x 148B)
Class com.google.common.collect.CollectPreconditions                                  : loaded 2 times (x 69B)
Class com.google.common.collect.Maps                                                  : loaded 2 times (x 69B)
Class com.google.common.collect.RegularImmutableMap                                   : loaded 2 times (x 119B)
Class com.google.common.collect.AbstractIndexedListIterator                           : loaded 2 times (x 94B)
Class com.google.common.base.CharMatcher$None                                         : loaded 2 times (x 110B)
Class org.gradle.api.internal.classpath.EffectiveClassPath                            : loaded 2 times (x 88B)
Class com.google.common.collect.UnmodifiableListIterator                              : loaded 2 times (x 93B)
Class com.google.common.cache.CacheLoader$FunctionToCacheLoader                       : loaded 2 times (x 73B)
Class com.google.common.cache.CacheBuilder$1                                          : loaded 2 times (x 83B)
Class com.google.common.cache.CacheBuilder$2                                          : loaded 2 times (x 77B)
Class com.google.common.collect.ImmutableList$1                                       : loaded 2 times (x 95B)
Class com.google.common.base.Splitter$Strategy                                        : loaded 2 times (x 68B)
Class com.google.common.cache.CacheBuilder$3                                          : loaded 2 times (x 70B)
Class com.google.common.collect.ImmutableMapEntrySet$RegularEntrySet                  : loaded 2 times (x 149B)
Class [Lcom.google.common.cache.RemovalListener;                                      : loaded 2 times (x 67B)
Class [Lcom.google.common.collect.ImmutableMapEntry;                                  : loaded 2 times (x 67B)
Class org.gradle.internal.installation.CurrentGradleInstallation                      : loaded 2 times (x 71B)
Class org.gradle.internal.agents.InstrumentingClassLoader                             : loaded 2 times (x 68B)
Class org.gradle.internal.installation.CurrentGradleInstallationLocator               : loaded 2 times (x 69B)
Class [Lcom.google.common.cache.LocalCache$Segment;                                   : loaded 2 times (x 67B)
Class org.gradle.api.internal.classpath.Module                                        : loaded 2 times (x 68B)
Class com.google.common.base.Splitter$1$1                                             : loaded 2 times (x 84B)
Class com.google.common.collect.ImmutableSet$JdkBackedSetBuilderImpl                  : loaded 2 times (x 74B)
Class com.google.common.collect.ImmutableSet$RegularSetBuilderImpl                    : loaded 2 times (x 75B)
Class org.gradle.internal.service.CachingServiceLocator                               : loaded 2 times (x 80B)
Class [Lcom.google.common.collect.ImmutableEntry;                                     : loaded 2 times (x 67B)
Class org.gradle.internal.classpath.DefaultClassPath                                  : loaded 2 times (x 88B)
Class com.google.common.base.Splitter$SplittingIterator                               : loaded 2 times (x 82B)
Class com.google.common.cache.LocalCache$LocalManualCache$1                           : loaded 2 times (x 73B)
Class [Lcom.google.common.cache.LocalCache$EntryFactory;                              : loaded 2 times (x 67B)
Class com.google.common.base.CharMatcher$Is                                           : loaded 2 times (x 109B)
Class com.google.common.base.Platform                                                 : loaded 2 times (x 69B)
Class com.google.common.collect.RegularImmutableAsList                                : loaded 2 times (x 176B)
Class com.google.common.collect.PeekingIterator                                       : loaded 2 times (x 68B)
Class com.google.common.collect.ImmutableMapEntrySet                                  : loaded 2 times (x 149B)
Class com.google.common.cache.CacheLoader                                             : loaded 2 times (x 72B)
Class com.google.common.collect.ImmutableBiMapFauxverideShim                          : loaded 2 times (x 118B)
Class com.google.common.cache.Cache                                                   : loaded 2 times (x 68B)
Class org.gradle.internal.classloader.SystemClassLoaderSpec                           : loaded 2 times (x 69B)
Class com.google.common.collect.SingletonImmutableSet                                 : loaded 2 times (x 144B)
Class [Lcom.google.common.base.AbstractIterator$State;                                : loaded 2 times (x 67B)
Class com.google.common.collect.ImmutableMap$Builder                                  : loaded 2 times (x 80B)
Class com.google.common.base.AbstractIterator                                         : loaded 2 times (x 78B)
Class com.google.common.base.AbstractIterator$1                                       : loaded 2 times (x 69B)
Class [Lcom.google.common.cache.CacheBuilder$OneWeigher;                              : loaded 2 times (x 67B)
Class com.google.common.collect.Iterators                                             : loaded 2 times (x 69B)
Class com.google.common.base.CharMatcher$Ascii                                        : loaded 2 times (x 110B)
Class com.google.common.base.CharMatcher$1                                            : loaded 2 times (x 111B)
Class com.google.common.cache.LocalCache$ComputingValueReference                      : loaded 2 times (x 94B)
Class org.gradle.api.UncheckedIOException                                             : loaded 2 times (x 80B)
Class com.google.common.base.CharMatcher$And                                          : loaded 2 times (x 110B)
Class com.google.common.collect.IndexedImmutableSet                                   : loaded 2 times (x 148B)
Class com.google.common.collect.AbstractListMultimap                                  : loaded 2 times (x 170B)
Class com.google.common.base.CharMatcher$Any                                          : loaded 2 times (x 110B)
Class org.gradle.internal.installation.GradleInstallation                             : loaded 2 times (x 73B)
Class com.google.common.cache.LocalCache$Strength                                     : loaded 2 times (x 79B)
Class com.google.common.collect.ArrayListMultimapGwtSerializationDependencies         : loaded 2 times (x 170B)
Class com.google.common.base.CharMatcher$RangesMatcher                                : loaded 2 times (x 110B)
Class com.google.common.collect.ImmutableList$SubList                                 : loaded 2 times (x 168B)
Class com.google.common.cache.LocalCache$ValueReference                               : loaded 2 times (x 68B)
Class org.gradle.internal.classloader.ClasspathUtil                                   : loaded 2 times (x 69B)
Class com.google.common.base.Splitter$1                                               : loaded 2 times (x 75B)
Class com.google.common.base.Ticker$1                                                 : loaded 2 times (x 70B)
Class com.google.common.collect.Maps$BiMapConverter                                   : loaded 2 times (x 88B)
Class org.gradle.api.internal.DefaultClassPathRegistry                                : loaded 2 times (x 74B)
Class com.google.common.collect.ImmutableSet$SetBuilderImpl                           : loaded 2 times (x 74B)
Class org.gradle.api.internal.classpath.DefaultModuleRegistry$DefaultModule           : loaded 2 times (x 84B)
Class com.google.common.base.CharMatcher$JavaIsoControl                               : loaded 2 times (x 110B)
Class com.google.common.collect.ImmutableMap$1                                        : loaded 2 times (x 79B)
Class com.google.common.base.CharMatcher$Or                                           : loaded 2 times (x 110B)
Class com.google.common.base.Suppliers$SupplierOfInstance                             : loaded 2 times (x 77B)
Class com.google.common.collect.Iterables                                             : loaded 2 times (x 69B)
Class com.google.common.base.CharMatcher$JavaLowerCase                                : loaded 2 times (x 109B)
Class org.gradle.api.internal.classpath.UnknownModuleException                        : loaded 2 times (x 80B)
Class com.google.common.collect.Maps$EntryTransformer                                 : loaded 2 times (x 68B)
Class com.google.common.collect.ImmutableCollection$Builder                           : loaded 2 times (x 74B)
Class com.google.common.collect.SingletonImmutableBiMap                               : loaded 2 times (x 141B)
Class com.google.common.base.CommonPattern                                            : loaded 2 times (x 72B)
Class com.google.common.base.Suppliers                                                : loaded 2 times (x 69B)
Class com.google.common.cache.LoadingCache                                            : loaded 2 times (x 68B)
Class org.gradle.internal.service.ServiceLookupException                              : loaded 2 times (x 80B)
Class org.gradle.cache.GlobalCache                                                    : loaded 2 times (x 68B)
Class com.google.common.base.CharMatcher$NegatedFastMatcher                           : loaded 2 times (x 111B)
Class [Lorg.gradle.api.internal.ClassPathProvider;                                    : loaded 2 times (x 67B)
Class org.gradle.util.internal.GUtil                                                  : loaded 2 times (x 69B)
Class com.google.common.math.IntMath                                                  : loaded 2 times (x 69B)
Class com.google.common.collect.AbstractIterator                                      : loaded 2 times (x 80B)
Class org.gradle.internal.classloader.ClassLoaderSpec                                 : loaded 2 times (x 69B)
Class com.google.common.base.NullnessCasts                                            : loaded 2 times (x 69B)
Class com.google.common.cache.LocalCache$LocalManualCache                             : loaded 2 times (x 97B)
Class com.google.common.collect.AbstractMapEntry                                      : loaded 2 times (x 79B)
Class com.google.common.base.CharMatcher$Negated                                      : loaded 2 times (x 111B)
Class com.google.common.cache.CacheLoader$1                                           : loaded 2 times (x 73B)
Class com.google.common.collect.ImmutableSet$Builder                                  : loaded 2 times (x 83B)
Class com.google.common.base.CharMatcher$ForPredicate                                 : loaded 2 times (x 110B)
Class com.google.common.collect.ImmutableMap$MapViewOfValuesAsSingletonSets           : loaded 2 times (x 123B)
Class com.google.common.base.MoreObjects                                              : loaded 2 times (x 69B)
Class com.google.common.collect.SortedMapDifference                                   : loaded 2 times (x 68B)
Class com.google.common.cache.CacheStats                                              : loaded 2 times (x 69B)
Class org.gradle.internal.classloader.VisitableURLClassLoader                         : loaded 2 times (x 114B)
Class com.google.common.cache.LocalCache$LocalLoadingCache                            : loaded 2 times (x 132B)
Class com.google.common.base.Supplier                                                 : loaded 2 times (x 68B)
Class com.google.common.collect.ImmutableBiMap                                        : loaded 2 times (x 141B)
Class org.gradle.internal.Cast                                                        : loaded 2 times (x 69B)
Class org.gradle.api.internal.ClassPathRegistry                                       : loaded 2 times (x 68B)
Class com.google.common.cache.LocalCache$EntryFactory                                 : loaded 2 times (x 81B)
Class com.google.common.util.concurrent.UncheckedExecutionException                   : loaded 2 times (x 80B)
Class com.google.common.collect.ImmutableSet                                          : loaded 2 times (x 143B)
Class org.gradle.internal.classloader.VisitableURLClassLoader$InstrumentingVisitableURLClassLoader: loaded 2 times (x 120B)
Class org.gradle.internal.classloader.ClassLoaderHierarchy                            : loaded 2 times (x 68B)
Class com.google.common.base.AbstractIterator$State                                   : loaded 2 times (x 77B)
Class com.google.common.cache.Weigher                                                 : loaded 2 times (x 68B)
Class com.google.common.base.CharMatcher$NamedFastMatcher                             : loaded 2 times (x 110B)
Class org.gradle.internal.InternalTransformer                                         : loaded 2 times (x 68B)
Class org.gradle.internal.service.ServiceLocator                                      : loaded 2 times (x 68B)
Class Settings_gradle$1                                                               : loaded 2 times (x 72B)
Class com.google.common.collect.ImmutableMapEntry                                     : loaded 2 times (x 83B)
Class com.google.common.base.CharMatcher$Invisible                                    : loaded 2 times (x 110B)
Class com.google.common.base.CharMatcher$FastMatcher                                  : loaded 2 times (x 109B)
Class org.gradle.internal.classpath.DefaultClassPath$ImmutableUniqueList              : loaded 2 times (x 159B)
Class com.google.common.base.CharMatcher$JavaLetter                                   : loaded 2 times (x 109B)
Class org.gradle.internal.classpath.TransformedClassPath                              : loaded 2 times (x 94B)
Class com.google.common.collect.MapDifference                                         : loaded 2 times (x 68B)
Class Settings_gradle                                                                 : loaded 2 times (x 126B)
Class com.google.common.collect.Platform                                              : loaded 2 times (x 69B)
Class com.google.common.collect.ImmutableAsList                                       : loaded 2 times (x 169B)
Class com.google.common.util.concurrent.ExecutionError                                : loaded 2 times (x 80B)
Class com.google.common.base.Equivalence$Identity                                     : loaded 2 times (x 80B)
Class com.google.common.base.CharMatcher$AnyOf                                        : loaded 2 times (x 110B)
Class com.google.common.base.CharMatcher$IsEither                                     : loaded 2 times (x 109B)
Class com.google.common.cache.LocalCache                                              : loaded 2 times (x 185B)
Class com.google.common.collect.RegularImmutableList                                  : loaded 2 times (x 172B)
Class com.google.common.base.CharMatcher$JavaUpperCase                                : loaded 2 times (x 109B)
Class com.google.common.collect.Multiset                                              : loaded 2 times (x 68B)
Class com.google.common.collect.ImmutableSet$CachingAsList                            : loaded 2 times (x 145B)
Class com.google.common.collect.ImmutableMapEntry$NonTerminalImmutableMapEntry        : loaded 2 times (x 83B)
Class com.google.common.collect.AbstractMapBasedMultimap                              : loaded 2 times (x 137B)


---------------  S Y S T E M  ---------------

OS:
 Windows 10 , 64 bit Build 19041 (10.0.19041.3636)
OS uptime: 0 days 7:55 hours
Hyper-V role detected

CPU: total 8 (initial active 8) (8 cores per cpu, 2 threads per core) family 23 model 24 stepping 1 microcode 0x0, cx8, cmov, fxsr, ht, mmx, 3dnowpref, sse, sse2, sse3, ssse3, sse4a, sse4.1, sse4.2, popcnt, lzcnt, tsc, tscinvbit, avx, avx2, aes, clmul, bmi1, bmi2, adx, sha, fma, vzeroupper, clflush, clflushopt, hv

Memory: 4k page, system-wide physical 7103M (1001M free)
TotalPageFile size 14650M (AvailPageFile size 4M)
current process WorkingSet (physical memory assigned to process): 361M, peak: 361M
current process commit charge ("private bytes"): 399M, peak: 402M

vm_info: OpenJDK 64-Bit Server VM (17.0.7+0-b2043.56-10550314) for windows-amd64 JRE (17.0.7+0-b2043.56-10550314), built on Jul 24 2023 18:27:45 by "androidbuild" with MS VC++ 16.10 / 16.11 (VS2019)

END.
