#
# There is insufficient memory for the Java Runtime Environment to continue.
# Native memory allocation (malloc) failed to allocate 64608 bytes for Chunk::new
# Possible reasons:
#   The system is out of physical RAM or swap space
#   The process is running with CompressedOops enabled, and the Java Heap may be blocking the growth of the native heap
# Possible solutions:
#   Reduce memory load on the system
#   Increase physical memory or swap space
#   Check if swap backing store is full
#   Decrease Java heap size (-Xmx/-Xms)
#   Decrease number of Java threads
#   Decrease Java thread stack sizes (-Xss)
#   Set larger code cache with -XX:ReservedCodeCacheSize=
#   JVM is running with Unscaled Compressed Oops mode in which the Java heap is
#     placed in the first 4GB address space. The Java Heap base address is the
#     maximum limit for the native heap growth. Please use -XX:HeapBaseMinAddress
#     to set the Java Heap base and to place the Java Heap above 4GB virtual address.
# This output file may be truncated or incomplete.
#
#  Out of Memory Error (arena.cpp:189), pid=10488, tid=16680
#
# JRE version: OpenJDK Runtime Environment (17.0.7) (build 17.0.7+0-b2043.56-10550314)
# Java VM: OpenJDK 64-Bit Server VM (17.0.7+0-b2043.56-10550314, mixed mode, tiered, compressed oops, compressed class ptrs, g1 gc, windows-amd64)
# No core dump will be written. Minidumps are not enabled by default on client versions of Windows
#

---------------  S U M M A R Y ------------

Command Line: org.jetbrains.kotlin.cli.jvm.K2JVMCompiler @D:\GEI\TFG\Travudget\FrontEnd\app\build\20240223_12282749494655461089.compiler.options

Host: AMD Ryzen 5 3500U with Radeon Vega Mobile Gfx  , 8 cores, 6G,  Windows 10 , 64 bit Build 19041 (10.0.19041.3636)
Time: Fri Feb 23 23:24:06 2024 Hora estándar romance elapsed time: 4.504424 seconds (0d 0h 0m 4s)

---------------  T H R E A D  ---------------

Current thread (0x0000023706a8ae70):  JavaThread "C2 CompilerThread2" daemon [_thread_in_native, id=16680, stack(0x000000f0e3500000,0x000000f0e3600000)]


Current CompileTask:
C2:   4504 2448       4       sun.net.www.ParseUtil::firstEncodeIndex (86 bytes)

Stack: [0x000000f0e3500000,0x000000f0e3600000]
Native frames: (J=compiled Java code, j=interpreted, Vv=VM code, C=native code)
V  [jvm.dll+0x683bfa]
V  [jvm.dll+0x8430a4]
V  [jvm.dll+0x8449be]
V  [jvm.dll+0x845023]
V  [jvm.dll+0x24ad2f]
V  [jvm.dll+0xac25c]
V  [jvm.dll+0xac82c]
V  [jvm.dll+0x36a187]
V  [jvm.dll+0x1bdbe5]
V  [jvm.dll+0x21d3a9]
V  [jvm.dll+0x21c671]
V  [jvm.dll+0x1a605d]
V  [jvm.dll+0x22c148]
V  [jvm.dll+0x22a209]
V  [jvm.dll+0x7f858c]
V  [jvm.dll+0x7f2aea]
V  [jvm.dll+0x682a35]
C  [ucrtbase.dll+0x21bb2]
C  [KERNEL32.DLL+0x17344]
C  [ntdll.dll+0x526b1]


---------------  P R O C E S S  ---------------

Threads class SMR info:
_java_thread_list=0x000002370639c8a0, length=14, elements={
0x0000023762382f90, 0x000002377b7e5bc0, 0x000002377b7e80f0, 0x00000237041385d0,
0x000002370413a0a0, 0x000002370413c970, 0x000002370413dbe0, 0x00000237041587e0,
0x000002370415ce30, 0x000002370415ea80, 0x00000237042c3530, 0x00000237043016b0,
0x0000023705c30c60, 0x0000023706a8ae70
}

Java Threads: ( => current thread )
  0x0000023762382f90 JavaThread "main" [_thread_in_native, id=15084, stack(0x000000f0e1900000,0x000000f0e1a00000)]
  0x000002377b7e5bc0 JavaThread "Reference Handler" daemon [_thread_blocked, id=7088, stack(0x000000f0e2000000,0x000000f0e2100000)]
  0x000002377b7e80f0 JavaThread "Finalizer" daemon [_thread_blocked, id=6600, stack(0x000000f0e2100000,0x000000f0e2200000)]
  0x00000237041385d0 JavaThread "Signal Dispatcher" daemon [_thread_blocked, id=12152, stack(0x000000f0e2200000,0x000000f0e2300000)]
  0x000002370413a0a0 JavaThread "Attach Listener" daemon [_thread_blocked, id=15120, stack(0x000000f0e2300000,0x000000f0e2400000)]
  0x000002370413c970 JavaThread "Service Thread" daemon [_thread_blocked, id=1796, stack(0x000000f0e2400000,0x000000f0e2500000)]
  0x000002370413dbe0 JavaThread "Monitor Deflation Thread" daemon [_thread_blocked, id=16336, stack(0x000000f0e2500000,0x000000f0e2600000)]
  0x00000237041587e0 JavaThread "C2 CompilerThread0" daemon [_thread_blocked, id=5780, stack(0x000000f0e2600000,0x000000f0e2700000)]
  0x000002370415ce30 JavaThread "C1 CompilerThread0" daemon [_thread_in_native, id=3196, stack(0x000000f0e2700000,0x000000f0e2800000)]
  0x000002370415ea80 JavaThread "Sweeper thread" daemon [_thread_blocked, id=14056, stack(0x000000f0e2800000,0x000000f0e2900000)]
  0x00000237042c3530 JavaThread "Notification Thread" daemon [_thread_blocked, id=7584, stack(0x000000f0e2900000,0x000000f0e2a00000)]
  0x00000237043016b0 JavaThread "Common-Cleaner" daemon [_thread_blocked, id=6984, stack(0x000000f0e2b00000,0x000000f0e2c00000)]
  0x0000023705c30c60 JavaThread "C2 CompilerThread1" daemon [_thread_blocked, id=13392, stack(0x000000f0e3400000,0x000000f0e3500000)]
=>0x0000023706a8ae70 JavaThread "C2 CompilerThread2" daemon [_thread_in_native, id=16680, stack(0x000000f0e3500000,0x000000f0e3600000)]

Other Threads:
  0x000002377b7c3c60 VMThread "VM Thread" [stack: 0x000000f0e1f00000,0x000000f0e2000000] [id=15244]
  0x00000237623ee610 WatcherThread [stack: 0x000000f0e2a00000,0x000000f0e2b00000] [id=6056]
  0x00000237623d80c0 GCTaskThread "GC Thread#0" [stack: 0x000000f0e1a00000,0x000000f0e1b00000] [id=2644]
  0x000002370487af80 GCTaskThread "GC Thread#1" [stack: 0x000000f0e2c00000,0x000000f0e2d00000] [id=152]
  0x0000023704896230 GCTaskThread "GC Thread#2" [stack: 0x000000f0e2d00000,0x000000f0e2e00000] [id=16836]
  0x00000237048f41b0 GCTaskThread "GC Thread#3" [stack: 0x000000f0e2e00000,0x000000f0e2f00000] [id=18020]
  0x00000237048f4460 GCTaskThread "GC Thread#4" [stack: 0x000000f0e2f00000,0x000000f0e3000000] [id=12812]
  0x00000237048f4b20 GCTaskThread "GC Thread#5" [stack: 0x000000f0e3000000,0x000000f0e3100000] [id=10444]
  0x0000023704d7cc90 GCTaskThread "GC Thread#6" [stack: 0x000000f0e3100000,0x000000f0e3200000] [id=8444]
  0x0000023704c1ee00 GCTaskThread "GC Thread#7" [stack: 0x000000f0e3200000,0x000000f0e3300000] [id=6868]
  0x00000237623e6d10 ConcurrentGCThread "G1 Main Marker" [stack: 0x000000f0e1b00000,0x000000f0e1c00000] [id=7708]
  0x00000237623e7dd0 ConcurrentGCThread "G1 Conc#0" [stack: 0x000000f0e1c00000,0x000000f0e1d00000] [id=7856]
  0x0000023704d36510 ConcurrentGCThread "G1 Conc#1" [stack: 0x000000f0e3300000,0x000000f0e3400000] [id=15572]
  0x000002376244d1f0 ConcurrentGCThread "G1 Refine#0" [stack: 0x000000f0e1d00000,0x000000f0e1e00000] [id=10084]
  0x00000237047a0dc0 ConcurrentGCThread "G1 Refine#1" [stack: 0x000000f0e3600000,0x000000f0e3700000] [id=17628]
  0x00000237054bbf90 ConcurrentGCThread "G1 Refine#2" [stack: 0x000000f0e3700000,0x000000f0e3800000] [id=12164]
  0x00000237054bc270 ConcurrentGCThread "G1 Refine#3" [stack: 0x000000f0e3800000,0x000000f0e3900000] [id=14368]
  0x000002376244db20 ConcurrentGCThread "G1 Service" [stack: 0x000000f0e1e00000,0x000000f0e1f00000] [id=9868]

Threads with active compile tasks:
C2 CompilerThread2     4520 2448       4       sun.net.www.ParseUtil::firstEncodeIndex (86 bytes)

VM state: not at safepoint (normal execution)

VM Mutex/Monitor currently owned by a thread: None

Heap address: 0x0000000091000000, size: 1776 MB, Compressed Oops mode: 32-bit

CDS archive(s) not mapped
Compressed class space mapped at: 0x0000000100000000-0x0000000140000000, reserved size: 1073741824
Narrow klass base: 0x0000000000000000, Narrow klass shift: 3, Narrow klass range: 0x140000000

GC Precious Log:
 CPUs: 8 total, 8 available
 Memory: 7103M
 Large Page Support: Disabled
 NUMA Support: Disabled
 Compressed Oops: Enabled (32-bit)
 Heap Region Size: 1M
 Heap Min Capacity: 8M
 Heap Initial Capacity: 112M
 Heap Max Capacity: 1776M
 Pre-touch: Disabled
 Parallel Workers: 8
 Concurrent Workers: 2
 Concurrent Refinement Workers: 8
 Periodic GC: Disabled

Heap:
 garbage-first heap   total 61440K, used 37252K [0x0000000091000000, 0x0000000100000000)
  region size 1024K, 21 young (21504K), 1 survivors (1024K)
 Metaspace       used 40697K, committed 40960K, reserved 1114112K
  class space    used 4938K, committed 5056K, reserved 1048576K

Heap Regions: E=young(eden), S=young(survivor), O=old, HS=humongous(starts), HC=humongous(continues), CS=collection set, F=free, OA=open archive, CA=closed archive, TAMS=top-at-mark-start (previous, next)
|   0|0x0000000091000000, 0x0000000091100000, 0x0000000091100000|100%|HS|  |TAMS 0x0000000091100000, 0x0000000091000000| Complete 
|   1|0x0000000091100000, 0x0000000091200000, 0x0000000091200000|100%|HC|  |TAMS 0x0000000091200000, 0x0000000091100000| Complete 
|   2|0x0000000091200000, 0x0000000091300000, 0x0000000091300000|100%|HC|  |TAMS 0x0000000091300000, 0x0000000091200000| Complete 
|   3|0x0000000091300000, 0x0000000091400000, 0x0000000091400000|100%|HC|  |TAMS 0x0000000091400000, 0x0000000091300000| Complete 
|   4|0x0000000091400000, 0x0000000091500000, 0x0000000091500000|100%| O|  |TAMS 0x0000000091500000, 0x0000000091400000| Untracked 
|   5|0x0000000091500000, 0x0000000091600000, 0x0000000091600000|100%| O|  |TAMS 0x0000000091600000, 0x0000000091500000| Untracked 
|   6|0x0000000091600000, 0x0000000091700000, 0x0000000091700000|100%| O|  |TAMS 0x00000000916ade00, 0x0000000091600000| Untracked 
|   7|0x0000000091700000, 0x0000000091800000, 0x0000000091800000|100%| O|  |TAMS 0x0000000091700000, 0x0000000091700000| Untracked 
|   8|0x0000000091800000, 0x0000000091900000, 0x0000000091900000|100%| O|  |TAMS 0x0000000091800000, 0x0000000091800000| Untracked 
|   9|0x0000000091900000, 0x0000000091a00000, 0x0000000091a00000|100%| O|  |TAMS 0x0000000091a00000, 0x0000000091900000| Untracked 
|  10|0x0000000091a00000, 0x0000000091b00000, 0x0000000091b00000|100%| O|  |TAMS 0x0000000091a00000, 0x0000000091a00000| Untracked 
|  11|0x0000000091b00000, 0x0000000091bb5c00, 0x0000000091c00000| 70%| O|  |TAMS 0x0000000091b00000, 0x0000000091b00000| Untracked 
|  12|0x0000000091c00000, 0x0000000091c00000, 0x0000000091d00000|  0%| F|  |TAMS 0x0000000091c00000, 0x0000000091c00000| Untracked 
|  13|0x0000000091d00000, 0x0000000091e00000, 0x0000000091e00000|100%| O|  |TAMS 0x0000000091e00000, 0x0000000091d00000| Untracked 
|  14|0x0000000091e00000, 0x0000000091f00000, 0x0000000091f00000|100%| O|  |TAMS 0x0000000091f00000, 0x0000000091e00000| Untracked 
|  15|0x0000000091f00000, 0x0000000092000000, 0x0000000092000000|100%| O|  |TAMS 0x0000000092000000, 0x0000000091f00000| Untracked 
|  16|0x0000000092000000, 0x0000000092000000, 0x0000000092100000|  0%| F|  |TAMS 0x0000000092000000, 0x0000000092000000| Untracked 
|  17|0x0000000092100000, 0x0000000092100000, 0x0000000092200000|  0%| F|  |TAMS 0x0000000092100000, 0x0000000092100000| Untracked 
|  18|0x0000000092200000, 0x0000000092200000, 0x0000000092300000|  0%| F|  |TAMS 0x0000000092200000, 0x0000000092200000| Untracked 
|  19|0x0000000092300000, 0x0000000092300000, 0x0000000092400000|  0%| F|  |TAMS 0x0000000092300000, 0x0000000092300000| Untracked 
|  20|0x0000000092400000, 0x0000000092400000, 0x0000000092500000|  0%| F|  |TAMS 0x0000000092400000, 0x0000000092400000| Untracked 
|  21|0x0000000092500000, 0x0000000092500000, 0x0000000092600000|  0%| F|  |TAMS 0x0000000092500000, 0x0000000092500000| Untracked 
|  22|0x0000000092600000, 0x0000000092600000, 0x0000000092700000|  0%| F|  |TAMS 0x0000000092600000, 0x0000000092600000| Untracked 
|  23|0x0000000092700000, 0x0000000092700000, 0x0000000092800000|  0%| F|  |TAMS 0x0000000092700000, 0x0000000092700000| Untracked 
|  24|0x0000000092800000, 0x0000000092800000, 0x0000000092900000|  0%| F|  |TAMS 0x0000000092800000, 0x0000000092800000| Untracked 
|  25|0x0000000092900000, 0x0000000092900000, 0x0000000092a00000|  0%| F|  |TAMS 0x0000000092900000, 0x0000000092900000| Untracked 
|  26|0x0000000092a00000, 0x0000000092a00000, 0x0000000092b00000|  0%| F|  |TAMS 0x0000000092a00000, 0x0000000092a00000| Untracked 
|  27|0x0000000092b00000, 0x0000000092b00000, 0x0000000092c00000|  0%| F|  |TAMS 0x0000000092b00000, 0x0000000092b00000| Untracked 
|  28|0x0000000092c00000, 0x0000000092c00000, 0x0000000092d00000|  0%| F|  |TAMS 0x0000000092c00000, 0x0000000092c00000| Untracked 
|  29|0x0000000092d00000, 0x0000000092d00000, 0x0000000092e00000|  0%| F|  |TAMS 0x0000000092d00000, 0x0000000092d00000| Untracked 
|  30|0x0000000092e00000, 0x0000000092e00000, 0x0000000092f00000|  0%| F|  |TAMS 0x0000000092e00000, 0x0000000092e00000| Untracked 
|  31|0x0000000092f00000, 0x0000000092f00000, 0x0000000093000000|  0%| F|  |TAMS 0x0000000092f00000, 0x0000000092f00000| Untracked 
|  32|0x0000000093000000, 0x0000000093000000, 0x0000000093100000|  0%| F|  |TAMS 0x0000000093000000, 0x0000000093000000| Untracked 
|  33|0x0000000093100000, 0x0000000093100000, 0x0000000093200000|  0%| F|  |TAMS 0x0000000093100000, 0x0000000093100000| Untracked 
|  34|0x0000000093200000, 0x0000000093200000, 0x0000000093300000|  0%| F|  |TAMS 0x0000000093200000, 0x0000000093200000| Untracked 
|  35|0x0000000093300000, 0x0000000093300000, 0x0000000093400000|  0%| F|  |TAMS 0x0000000093300000, 0x0000000093300000| Untracked 
|  36|0x0000000093400000, 0x0000000093400000, 0x0000000093500000|  0%| F|  |TAMS 0x0000000093400000, 0x0000000093400000| Untracked 
|  37|0x0000000093500000, 0x0000000093580800, 0x0000000093600000| 50%| E|  |TAMS 0x0000000093500000, 0x0000000093500000| Complete 
|  38|0x0000000093600000, 0x0000000093700000, 0x0000000093700000|100%| E|CS|TAMS 0x0000000093600000, 0x0000000093600000| Complete 
|  39|0x0000000093700000, 0x0000000093800000, 0x0000000093800000|100%| E|CS|TAMS 0x0000000093700000, 0x0000000093700000| Complete 
|  40|0x0000000093800000, 0x0000000093900000, 0x0000000093900000|100%| E|CS|TAMS 0x0000000093800000, 0x0000000093800000| Complete 
|  41|0x0000000093900000, 0x0000000093a00000, 0x0000000093a00000|100%| E|CS|TAMS 0x0000000093900000, 0x0000000093900000| Complete 
|  42|0x0000000093a00000, 0x0000000093b00000, 0x0000000093b00000|100%| E|CS|TAMS 0x0000000093a00000, 0x0000000093a00000| Complete 
|  43|0x0000000093b00000, 0x0000000093c00000, 0x0000000093c00000|100%| E|CS|TAMS 0x0000000093b00000, 0x0000000093b00000| Complete 
|  44|0x0000000093c00000, 0x0000000093d00000, 0x0000000093d00000|100%| E|CS|TAMS 0x0000000093c00000, 0x0000000093c00000| Complete 
|  45|0x0000000093d00000, 0x0000000093e00000, 0x0000000093e00000|100%| E|CS|TAMS 0x0000000093d00000, 0x0000000093d00000| Complete 
|  46|0x0000000093e00000, 0x0000000093eab480, 0x0000000093f00000| 66%| S|CS|TAMS 0x0000000093e00000, 0x0000000093e00000| Complete 
|  47|0x0000000093f00000, 0x0000000094000000, 0x0000000094000000|100%| E|CS|TAMS 0x0000000093f00000, 0x0000000093f00000| Complete 
|  48|0x0000000094000000, 0x0000000094100000, 0x0000000094100000|100%| E|CS|TAMS 0x0000000094000000, 0x0000000094000000| Complete 
|  49|0x0000000094100000, 0x0000000094200000, 0x0000000094200000|100%| E|CS|TAMS 0x0000000094100000, 0x0000000094100000| Complete 
|  50|0x0000000094200000, 0x0000000094300000, 0x0000000094300000|100%| E|CS|TAMS 0x0000000094200000, 0x0000000094200000| Complete 
|  51|0x0000000094300000, 0x0000000094400000, 0x0000000094400000|100%| E|CS|TAMS 0x0000000094300000, 0x0000000094300000| Complete 
|  52|0x0000000094400000, 0x0000000094500000, 0x0000000094500000|100%| E|CS|TAMS 0x0000000094400000, 0x0000000094400000| Complete 
|  53|0x0000000094500000, 0x0000000094600000, 0x0000000094600000|100%| E|CS|TAMS 0x0000000094500000, 0x0000000094500000| Complete 
|  54|0x0000000094600000, 0x0000000094700000, 0x0000000094700000|100%| E|CS|TAMS 0x0000000094600000, 0x0000000094600000| Complete 
|  55|0x0000000094700000, 0x0000000094800000, 0x0000000094800000|100%| E|CS|TAMS 0x0000000094700000, 0x0000000094700000| Complete 
|  91|0x0000000096b00000, 0x0000000096c00000, 0x0000000096c00000|100%| E|CS|TAMS 0x0000000096b00000, 0x0000000096b00000| Complete 
| 111|0x0000000097f00000, 0x0000000098000000, 0x0000000098000000|100%| E|CS|TAMS 0x0000000097f00000, 0x0000000097f00000| Complete 
|1774|0x00000000ffe00000, 0x00000000fff00000, 0x00000000fff00000|100%| O|  |TAMS 0x00000000fff00000, 0x00000000ffe00000| Untracked 
|1775|0x00000000fff00000, 0x0000000100000000, 0x0000000100000000|100%| O|  |TAMS 0x0000000100000000, 0x00000000fff00000| Untracked 

Card table byte_map: [0x0000023774f10000,0x0000023775290000] _byte_map_base: 0x0000023774a88000

Marking Bits (Prev, Next): (CMBitMap*) 0x00000237623d85e0, (CMBitMap*) 0x00000237623d8620
 Prev Bits: [0x0000023775610000, 0x00000237771d0000)
 Next Bits: [0x00000237771d0000, 0x0000023778d90000)

Polling page: 0x0000023761b50000

Metaspace:

Usage:
  Non-class:     34.93 MB used.
      Class:      4.82 MB used.
       Both:     39.76 MB used.

Virtual space:
  Non-class space:       64.00 MB reserved,      35.06 MB ( 55%) committed,  1 nodes.
      Class space:        1.00 GB reserved,       4.94 MB ( <1%) committed,  1 nodes.
             Both:        1.06 GB reserved,      40.00 MB (  4%) committed. 

Chunk freelists:
   Non-Class:  12.87 MB
       Class:  11.05 MB
        Both:  23.92 MB

MaxMetaspaceSize: unlimited
CompressedClassSpaceSize: 1.00 GB
Initial GC threshold: 21.00 MB
Current GC threshold: 58.69 MB
CDS: off
MetaspaceReclaimPolicy: balanced
 - commit_granule_bytes: 65536.
 - commit_granule_words: 8192.
 - virtual_space_node_default_size: 8388608.
 - enlarge_chunks_in_place: 1.
 - new_chunks_are_fully_committed: 0.
 - uncommit_free_chunks: 1.
 - use_allocation_guard: 0.
 - handle_deallocations: 1.


Internal statistics:

num_allocs_failed_limit: 6.
num_arena_births: 144.
num_arena_deaths: 0.
num_vsnodes_births: 2.
num_vsnodes_deaths: 0.
num_space_committed: 639.
num_space_uncommitted: 0.
num_chunks_returned_to_freelist: 6.
num_chunks_taken_from_freelist: 1269.
num_chunk_merges: 6.
num_chunk_splits: 1060.
num_chunks_enlarged: 962.
num_inconsistent_stats: 0.

CodeHeap 'non-profiled nmethods': size=120000Kb used=1096Kb max_used=1096Kb free=118903Kb
 bounds [0x000002376d330000, 0x000002376d5a0000, 0x0000023774860000]
CodeHeap 'profiled nmethods': size=120000Kb used=4531Kb max_used=4531Kb free=115468Kb
 bounds [0x0000023765860000, 0x0000023765cd0000, 0x000002376cd90000]
CodeHeap 'non-nmethods': size=5760Kb used=1250Kb max_used=1297Kb free=4509Kb
 bounds [0x000002376cd90000, 0x000002376d000000, 0x000002376d330000]
 total_blobs=3022 nmethods=2466 adapters=468
 compilation: enabled
              stopped_count=0, restarted_count=0
 full_count=0

Compilation events (20 events):
Event: 4.458 Thread 0x000002370415ce30 2443       3       org.jetbrains.kotlin.lexer._JetLexer::getTokenEnd (10 bytes)
Event: 4.458 Thread 0x000002370415ce30 nmethod 2443 0x0000023765cc4890 code [0x0000023765cc4a20, 0x0000023765cc4bb8]
Event: 4.458 Thread 0x000002370415ce30 2444       3       java.util.ArrayList::fastRemove (44 bytes)
Event: 4.458 Thread 0x000002370415ce30 nmethod 2444 0x0000023765cc4c90 code [0x0000023765cc4e40, 0x0000023765cc5228]
Event: 4.459 Thread 0x000002370415ce30 2446       3       org.jetbrains.kotlin.com.intellij.psi.impl.source.tree.CompositeElement::setFirstChildNode (10 bytes)
Event: 4.459 Thread 0x000002370415ce30 nmethod 2446 0x0000023765cc5390 code [0x0000023765cc5540, 0x0000023765cc5818]
Event: 4.459 Thread 0x0000023706a8ae70 nmethod 2445 0x000002376d437f90 code [0x000002376d438120, 0x000002376d438258]
Event: 4.471 Thread 0x00000237041587e0 nmethod 2440 0x000002376d438410 code [0x000002376d438600, 0x000002376d4394e8]
Event: 4.472 Thread 0x0000023705c30c60 nmethod 2223 0x000002376d439e10 code [0x000002376d43a1c0, 0x000002376d43e738]
Event: 4.491 Thread 0x00000237041587e0 2447       4       java.lang.String::substring (58 bytes)
Event: 4.493 Thread 0x0000023706a8ae70 2448       4       sun.net.www.ParseUtil::firstEncodeIndex (86 bytes)
Event: 4.498 Thread 0x00000237041587e0 nmethod 2447 0x000002376d440d90 code [0x000002376d440f40, 0x000002376d441468]
Event: 4.498 Thread 0x000002370415ce30 2449       3       kotlin.reflect.jvm.internal.impl.name.FqNameUnsafe::isRoot (8 bytes)
Event: 4.499 Thread 0x000002370415ce30 nmethod 2449 0x0000023765cc5910 code [0x0000023765cc5ac0, 0x0000023765cc5c98]
Event: 4.500 Thread 0x000002370415ce30 2450       3       kotlin.reflect.jvm.internal.impl.name.FqName::asString (16 bytes)
Event: 4.500 Thread 0x000002370415ce30 nmethod 2450 0x0000023765cc5d90 code [0x0000023765cc5f40, 0x0000023765cc6198]
Event: 4.501 Thread 0x000002370415ce30 2452       3       kotlin.reflect.jvm.internal.impl.name.FqName::toUnsafe (13 bytes)
Event: 4.501 Thread 0x000002370415ce30 nmethod 2452 0x0000023765cc6290 code [0x0000023765cc6440, 0x0000023765cc65c8]
Event: 4.501 Thread 0x000002370415ce30 2451       3       kotlin.reflect.jvm.internal.impl.name.FqNameUnsafe::asString (13 bytes)
Event: 4.501 Thread 0x000002370415ce30 nmethod 2451 0x0000023765cc6690 code [0x0000023765cc6840, 0x0000023765cc69c8]

GC Heap History (16 events):
Event: 1.104 GC heap before
{Heap before GC invocations=0 (full 0):
 garbage-first heap   total 114688K, used 27648K [0x0000000091000000, 0x0000000100000000)
  region size 1024K, 23 young (23552K), 0 survivors (0K)
 Metaspace       used 14496K, committed 14656K, reserved 1114112K
  class space    used 1441K, committed 1536K, reserved 1048576K
}
Event: 1.112 GC heap after
{Heap after GC invocations=1 (full 0):
 garbage-first heap   total 114688K, used 7050K [0x0000000091000000, 0x0000000100000000)
  region size 1024K, 3 young (3072K), 3 survivors (3072K)
 Metaspace       used 14496K, committed 14656K, reserved 1114112K
  class space    used 1441K, committed 1536K, reserved 1048576K
}
Event: 1.739 GC heap before
{Heap before GC invocations=1 (full 0):
 garbage-first heap   total 114688K, used 26506K [0x0000000091000000, 0x0000000100000000)
  region size 1024K, 23 young (23552K), 3 survivors (3072K)
 Metaspace       used 21343K, committed 21504K, reserved 1114112K
  class space    used 2414K, committed 2496K, reserved 1048576K
}
Event: 1.747 GC heap after
{Heap after GC invocations=2 (full 0):
 garbage-first heap   total 114688K, used 7763K [0x0000000091000000, 0x0000000100000000)
  region size 1024K, 1 young (1024K), 1 survivors (1024K)
 Metaspace       used 21343K, committed 21504K, reserved 1114112K
  class space    used 2414K, committed 2496K, reserved 1048576K
}
Event: 2.128 GC heap before
{Heap before GC invocations=3 (full 0):
 garbage-first heap   total 30720K, used 25171K [0x0000000091000000, 0x0000000100000000)
  region size 1024K, 17 young (17408K), 1 survivors (1024K)
 Metaspace       used 22885K, committed 23104K, reserved 1114112K
  class space    used 2777K, committed 2880K, reserved 1048576K
}
Event: 2.147 GC heap after
{Heap after GC invocations=4 (full 0):
 garbage-first heap   total 32768K, used 14261K [0x0000000091000000, 0x0000000100000000)
  region size 1024K, 3 young (3072K), 3 survivors (3072K)
 Metaspace       used 22885K, committed 23104K, reserved 1114112K
  class space    used 2777K, committed 2880K, reserved 1048576K
}
Event: 2.183 GC heap before
{Heap before GC invocations=4 (full 0):
 garbage-first heap   total 32768K, used 15285K [0x0000000091000000, 0x0000000100000000)
  region size 1024K, 4 young (4096K), 3 survivors (3072K)
 Metaspace       used 23032K, committed 23232K, reserved 1114112K
  class space    used 2802K, committed 2880K, reserved 1048576K
}
Event: 2.194 GC heap after
{Heap after GC invocations=5 (full 0):
 garbage-first heap   total 32768K, used 14759K [0x0000000091000000, 0x0000000100000000)
  region size 1024K, 1 young (1024K), 1 survivors (1024K)
 Metaspace       used 23032K, committed 23232K, reserved 1114112K
  class space    used 2802K, committed 2880K, reserved 1048576K
}
Event: 2.503 GC heap before
{Heap before GC invocations=5 (full 0):
 garbage-first heap   total 32768K, used 22951K [0x0000000091000000, 0x0000000100000000)
  region size 1024K, 9 young (9216K), 1 survivors (1024K)
 Metaspace       used 25697K, committed 25920K, reserved 1114112K
  class space    used 3311K, committed 3392K, reserved 1048576K
}
Event: 2.512 GC heap after
{Heap after GC invocations=6 (full 0):
 garbage-first heap   total 32768K, used 15061K [0x0000000091000000, 0x0000000100000000)
  region size 1024K, 1 young (1024K), 1 survivors (1024K)
 Metaspace       used 25697K, committed 25920K, reserved 1114112K
  class space    used 3311K, committed 3392K, reserved 1048576K
}
Event: 2.771 GC heap before
{Heap before GC invocations=6 (full 0):
 garbage-first heap   total 32768K, used 22229K [0x0000000091000000, 0x0000000100000000)
  region size 1024K, 9 young (9216K), 1 survivors (1024K)
 Metaspace       used 27758K, committed 27904K, reserved 1114112K
  class space    used 3539K, committed 3584K, reserved 1048576K
}
Event: 2.776 GC heap after
{Heap after GC invocations=7 (full 0):
 garbage-first heap   total 61440K, used 16116K [0x0000000091000000, 0x0000000100000000)
  region size 1024K, 2 young (2048K), 2 survivors (2048K)
 Metaspace       used 27758K, committed 27904K, reserved 1114112K
  class space    used 3539K, committed 3584K, reserved 1048576K
}
Event: 3.483 GC heap before
{Heap before GC invocations=7 (full 0):
 garbage-first heap   total 61440K, used 44788K [0x0000000091000000, 0x0000000100000000)
  region size 1024K, 30 young (30720K), 2 survivors (2048K)
 Metaspace       used 33617K, committed 33856K, reserved 1114112K
  class space    used 4102K, committed 4224K, reserved 1048576K
}
Event: 3.500 GC heap after
{Heap after GC invocations=8 (full 0):
 garbage-first heap   total 61440K, used 17079K [0x0000000091000000, 0x0000000100000000)
  region size 1024K, 4 young (4096K), 4 survivors (4096K)
 Metaspace       used 33617K, committed 33856K, reserved 1114112K
  class space    used 4102K, committed 4224K, reserved 1048576K
}
Event: 3.811 GC heap before
{Heap before GC invocations=8 (full 0):
 garbage-first heap   total 61440K, used 27319K [0x0000000091000000, 0x0000000100000000)
  region size 1024K, 15 young (15360K), 4 survivors (4096K)
 Metaspace       used 35777K, committed 35968K, reserved 1114112K
  class space    used 4337K, committed 4480K, reserved 1048576K
}
Event: 3.822 GC heap after
{Heap after GC invocations=9 (full 0):
 garbage-first heap   total 61440K, used 17796K [0x0000000091000000, 0x0000000100000000)
  region size 1024K, 1 young (1024K), 1 survivors (1024K)
 Metaspace       used 35777K, committed 35968K, reserved 1114112K
  class space    used 4337K, committed 4480K, reserved 1048576K
}

Dll operation events (2 events):
Event: 0.009 Loaded shared library D:\AndroidStudio\jbr\bin\java.dll
Event: 1.494 Loaded shared library D:\AndroidStudio\jbr\bin\verify.dll

Deoptimization events (20 events):
Event: 4.187 Thread 0x0000023762382f90 Uncommon trap: trap_request=0xffffffde fr.pc=0x000002376d41a1c8 relative=0x0000000000000188
Event: 4.187 Thread 0x0000023762382f90 Uncommon trap: reason=class_check action=maybe_recompile pc=0x000002376d41a1c8 method=java.lang.Character.codePointAt(Ljava/lang/CharSequence;I)I @ 2 c2
Event: 4.187 Thread 0x0000023762382f90 DEOPT PACKING pc=0x000002376d41a1c8 sp=0x000000f0e19fc160
Event: 4.187 Thread 0x0000023762382f90 DEOPT UNPACKING pc=0x000002376cde69a3 sp=0x000000f0e19fc118 mode 2
Event: 4.187 Thread 0x0000023762382f90 Uncommon trap: trap_request=0xffffffde fr.pc=0x000002376d41a1c8 relative=0x0000000000000188
Event: 4.187 Thread 0x0000023762382f90 Uncommon trap: reason=class_check action=maybe_recompile pc=0x000002376d41a1c8 method=java.lang.Character.codePointAt(Ljava/lang/CharSequence;I)I @ 2 c2
Event: 4.187 Thread 0x0000023762382f90 DEOPT PACKING pc=0x000002376d41a1c8 sp=0x000000f0e19fc160
Event: 4.187 Thread 0x0000023762382f90 DEOPT UNPACKING pc=0x000002376cde69a3 sp=0x000000f0e19fc118 mode 2
Event: 4.187 Thread 0x0000023762382f90 Uncommon trap: trap_request=0xffffffde fr.pc=0x000002376d41a1c8 relative=0x0000000000000188
Event: 4.187 Thread 0x0000023762382f90 Uncommon trap: reason=class_check action=maybe_recompile pc=0x000002376d41a1c8 method=java.lang.Character.codePointAt(Ljava/lang/CharSequence;I)I @ 2 c2
Event: 4.187 Thread 0x0000023762382f90 DEOPT PACKING pc=0x000002376d41a1c8 sp=0x000000f0e19fc160
Event: 4.187 Thread 0x0000023762382f90 DEOPT UNPACKING pc=0x000002376cde69a3 sp=0x000000f0e19fc118 mode 2
Event: 4.230 Thread 0x0000023762382f90 DEOPT PACKING pc=0x0000023765bc37b8 sp=0x000000f0e19faaf0
Event: 4.230 Thread 0x0000023762382f90 DEOPT UNPACKING pc=0x000002376cde7143 sp=0x000000f0e19fa008 mode 0
Event: 4.262 Thread 0x0000023762382f90 DEOPT PACKING pc=0x0000023765b844e5 sp=0x000000f0e19fa990
Event: 4.262 Thread 0x0000023762382f90 DEOPT UNPACKING pc=0x000002376cde7143 sp=0x000000f0e19f9de0 mode 0
Event: 4.405 Thread 0x0000023762382f90 DEOPT PACKING pc=0x0000023765bc37b8 sp=0x000000f0e19f7df0
Event: 4.405 Thread 0x0000023762382f90 DEOPT UNPACKING pc=0x000002376cde7143 sp=0x000000f0e19f7308 mode 0
Event: 4.493 Thread 0x0000023762382f90 DEOPT PACKING pc=0x0000023765bc37b8 sp=0x000000f0e19f93d0
Event: 4.493 Thread 0x0000023762382f90 DEOPT UNPACKING pc=0x000002376cde7143 sp=0x000000f0e19f88e8 mode 0

Classes unloaded (0 events):
No events

Classes redefined (0 events):
No events

Internal exceptions (20 events):
Event: 1.173 Thread 0x0000023762382f90 Exception <a 'java/lang/NoSuchMethodError'{0x0000000097c6d670}: 'java.lang.Object java.lang.invoke.DirectMethodHandle$Holder.invokeSpecial(java.lang.Object, java.lang.Object, java.lang.Object, java.lang.Object, long)'> (0x0000000097c6d670) 
thrown [s\src\hotspot\share\interpreter\linkResolver.cpp, line 771]
Event: 1.176 Thread 0x0000023762382f90 Exception <a 'java/lang/NoSuchMethodError'{0x0000000097c7ca30}: 'int java.lang.invoke.DelegatingMethodHandle$Holder.reinvoke_L(java.lang.Object, java.lang.Object, java.lang.Object, long, java.lang.Object, java.lang.Object)'> (0x0000000097c7ca30) 
thrown [s\src\hotspot\share\interpreter\linkResolver.cpp, line 771]
Event: 1.178 Thread 0x0000023762382f90 Exception <a 'java/lang/NoSuchMethodError'{0x0000000097c8b820}: 'int java.lang.invoke.DelegatingMethodHandle$Holder.reinvoke_L(java.lang.Object, java.lang.Object, java.lang.Object, long, int, int)'> (0x0000000097c8b820) 
thrown [s\src\hotspot\share\interpreter\linkResolver.cpp, line 771]
Event: 1.181 Thread 0x0000023762382f90 Exception <a 'java/lang/NoSuchMethodError'{0x0000000097c9a158}: 'int java.lang.invoke.DelegatingMethodHandle$Holder.reinvoke_L(java.lang.Object, java.lang.Object, java.lang.Object, long, long, long)'> (0x0000000097c9a158) 
thrown [s\src\hotspot\share\interpreter\linkResolver.cpp, line 771]
Event: 1.183 Thread 0x0000023762382f90 Exception <a 'java/lang/NoSuchMethodError'{0x0000000097ca8770}: 'int java.lang.invoke.DelegatingMethodHandle$Holder.reinvoke_L(java.lang.Object, java.lang.Object, java.lang.Object, long, int)'> (0x0000000097ca8770) 
thrown [s\src\hotspot\share\interpreter\linkResolver.cpp, line 771]
Event: 1.201 Thread 0x0000023762382f90 Exception <a 'java/lang/NoSuchMethodError'{0x0000000097b51140}: 'int java.lang.invoke.DirectMethodHandle$Holder.invokeStaticInit(java.lang.Object, java.lang.Object, java.lang.Object)'> (0x0000000097b51140) 
thrown [s\src\hotspot\share\interpreter\linkResolver.cpp, line 771]
Event: 1.207 Thread 0x0000023762382f90 Exception <a 'java/lang/NoSuchMethodError'{0x0000000097b7a148}: 'int java.lang.invoke.DirectMethodHandle$Holder.invokeStaticInit(java.lang.Object, java.lang.Object)'> (0x0000000097b7a148) 
thrown [s\src\hotspot\share\interpreter\linkResolver.cpp, line 771]
Event: 1.231 Thread 0x0000023762382f90 Exception <a 'java/lang/NoSuchMethodError'{0x0000000097a5a3e0}: 'void java.lang.invoke.DirectMethodHandle$Holder.invokeSpecial(java.lang.Object, java.lang.Object, java.lang.Object)'> (0x0000000097a5a3e0) 
thrown [s\src\hotspot\share\interpreter\linkResolver.cpp, line 771]
Event: 1.319 Thread 0x0000023762382f90 Exception <a 'java/lang/NoSuchMethodError'{0x000000009777fe80}: 'void java.lang.invoke.DirectMethodHandle$Holder.invokeStatic(java.lang.Object, java.lang.Object, java.lang.Object, java.lang.Object)'> (0x000000009777fe80) 
thrown [s\src\hotspot\share\interpreter\linkResolver.cpp, line 771]
Event: 1.410 Thread 0x0000023762382f90 Exception <a 'java/lang/NoSuchMethodError'{0x000000009734a928}: 'void java.lang.invoke.DirectMethodHandle$Holder.invokeStaticInit(java.lang.Object, java.lang.Object)'> (0x000000009734a928) 
thrown [s\src\hotspot\share\interpreter\linkResolver.cpp, line 771]
Event: 1.608 Thread 0x0000023762382f90 Exception <a 'java/lang/NoSuchMethodError'{0x0000000096e09978}: 'void java.lang.invoke.DirectMethodHandle$Holder.invokeVirtual(java.lang.Object, java.lang.Object)'> (0x0000000096e09978) 
thrown [s\src\hotspot\share\interpreter\linkResolver.cpp, line 771]
Event: 1.625 Thread 0x0000023762382f90 Exception <a 'java/lang/NoSuchMethodError'{0x0000000096e83e80}: 'int java.lang.invoke.DirectMethodHandle$Holder.invokeVirtual(java.lang.Object, java.lang.Object)'> (0x0000000096e83e80) 
thrown [s\src\hotspot\share\interpreter\linkResolver.cpp, line 771]
Event: 1.661 Thread 0x0000023762382f90 Exception <a 'java/lang/NoSuchMethodError'{0x0000000096d3ef18}: 'java.lang.Object java.lang.invoke.Invokers$Holder.invokeExact_MT(java.lang.Object, java.lang.Object, java.lang.Object, java.lang.Object, java.lang.Object, java.lang.Object)'> (0x0000000096d3ef18) 
thrown [s\src\hotspot\share\interpreter\linkResolver.cpp, line 771]
Event: 2.459 Thread 0x0000023762382f90 Implicit null exception at 0x000002376d353d72 to 0x000002376d35433c
Event: 2.715 Thread 0x0000023762382f90 Implicit null exception at 0x000002376d359f72 to 0x000002376d35a54c
Event: 2.797 Thread 0x0000023762382f90 Exception <a 'java/lang/NoSuchMethodError'{0x0000000097fab320}: 'java.lang.Object java.lang.invoke.DirectMethodHandle$Holder.invokeVirtual(java.lang.Object, java.lang.Object, java.lang.Object)'> (0x0000000097fab320) 
thrown [s\src\hotspot\share\interpreter\linkResolver.cpp, line 771]
Event: 3.956 Thread 0x0000023762382f90 Exception <a 'java/lang/NoSuchMethodError'{0x000000009452dc10}: 'java.lang.Object java.lang.invoke.DirectMethodHandle$Holder.newInvokeSpecial(java.lang.Object, java.lang.Object, int)'> (0x000000009452dc10) 
thrown [s\src\hotspot\share\interpreter\linkResolver.cpp, line 771]
Event: 4.067 Thread 0x0000023762382f90 Exception <a 'java/lang/NoSuchMethodError'{0x000000009430a448}: 'java.lang.Object java.lang.invoke.DirectMethodHandle$Holder.newInvokeSpecial(java.lang.Object, java.lang.Object, java.lang.Object, int)'> (0x000000009430a448) 
thrown [s\src\hotspot\share\interpreter\linkResolver.cpp, line 771]
Event: 4.067 Thread 0x0000023762382f90 Exception <a 'java/lang/NoSuchMethodError'{0x000000009430ead0}: 'java.lang.Object java.lang.invoke.DirectMethodHandle$Holder.invokeSpecial(java.lang.Object, java.lang.Object, java.lang.Object, java.lang.Object, int)'> (0x000000009430ead0) 
thrown [s\src\hotspot\share\interpreter\linkResolver.cpp, line 771]
Event: 4.068 Thread 0x0000023762382f90 Exception <a 'java/lang/NoSuchMethodError'{0x0000000094312940}: 'java.lang.Object java.lang.invoke.Invokers$Holder.linkToTargetMethod(java.lang.Object, java.lang.Object, int, java.lang.Object)'> (0x0000000094312940) 
thrown [s\src\hotspot\share\interpreter\linkResolver.cpp, line 771]

VM Operations (20 events):
Event: 3.336 Executing VM operation: HandshakeAllThreads
Event: 3.336 Executing VM operation: HandshakeAllThreads done
Event: 3.482 Executing VM operation: G1CollectForAllocation
Event: 3.500 Executing VM operation: G1CollectForAllocation done
Event: 3.810 Executing VM operation: CollectForMetadataAllocation
Event: 3.822 Executing VM operation: CollectForMetadataAllocation done
Event: 3.835 Executing VM operation: G1Concurrent
Event: 3.838 Executing VM operation: G1Concurrent done
Event: 3.846 Executing VM operation: G1Concurrent
Event: 3.846 Executing VM operation: G1Concurrent done
Event: 4.035 Executing VM operation: HandshakeAllThreads
Event: 4.035 Executing VM operation: HandshakeAllThreads done
Event: 4.063 Executing VM operation: HandshakeAllThreads
Event: 4.063 Executing VM operation: HandshakeAllThreads done
Event: 4.185 Executing VM operation: HandshakeAllThreads
Event: 4.185 Executing VM operation: HandshakeAllThreads done
Event: 4.359 Executing VM operation: HandshakeAllThreads
Event: 4.360 Executing VM operation: HandshakeAllThreads done
Event: 4.457 Executing VM operation: ICBufferFull
Event: 4.458 Executing VM operation: ICBufferFull done

Events (20 events):
Event: 4.373 loading class java/util/stream/ReduceOps$3ReducingSink
Event: 4.373 loading class java/util/stream/ReduceOps$AccumulatingSink
Event: 4.373 loading class java/util/stream/ReduceOps$AccumulatingSink done
Event: 4.373 loading class java/util/stream/ReduceOps$Box
Event: 4.373 loading class java/util/stream/ReduceOps$Box done
Event: 4.373 loading class java/util/stream/ReduceOps$3ReducingSink done
Event: 4.373 loading class java/util/stream/ReferencePipeline$2$1
Event: 4.374 loading class java/util/stream/ReferencePipeline$2$1 done
Event: 4.374 loading class java/util/stream/IntPipeline$1$1
Event: 4.374 loading class java/util/stream/Sink$ChainedInt
Event: 4.374 loading class java/util/stream/Sink$OfInt
Event: 4.374 loading class java/util/function/IntConsumer
Event: 4.374 loading class java/util/function/IntConsumer done
Event: 4.374 loading class java/util/stream/Sink$OfInt done
Event: 4.374 loading class java/util/stream/Sink$ChainedInt done
Event: 4.374 loading class java/util/stream/IntPipeline$1$1 done
Event: 4.407 loading class java/io/InvalidObjectException
Event: 4.407 loading class java/io/InvalidObjectException done
Event: 4.422 loading class java/util/ArrayList$SubList$1
Event: 4.422 loading class java/util/ArrayList$SubList$1 done


Dynamic libraries:
0x00007ff79aff0000 - 0x00007ff79affa000 	D:\AndroidStudio\jbr\bin\java.exe
0x00007ffb7caf0000 - 0x00007ffb7cce8000 	C:\WINDOWS\SYSTEM32\ntdll.dll
0x00007ffb7c7f0000 - 0x00007ffb7c8ad000 	C:\WINDOWS\System32\KERNEL32.DLL
0x00007ffb7a4f0000 - 0x00007ffb7a7e6000 	C:\WINDOWS\System32\KERNELBASE.dll
0x00007ffb7aa30000 - 0x00007ffb7ab30000 	C:\WINDOWS\System32\ucrtbase.dll
0x00007ffb6b5d0000 - 0x00007ffb6b5eb000 	D:\AndroidStudio\jbr\bin\VCRUNTIME140.dll
0x00007ffb71530000 - 0x00007ffb71547000 	D:\AndroidStudio\jbr\bin\jli.dll
0x00007ffb7b660000 - 0x00007ffb7b7fe000 	C:\WINDOWS\System32\USER32.dll
0x00007ffb6b8c0000 - 0x00007ffb6bb5a000 	C:\WINDOWS\WinSxS\amd64_microsoft.windows.common-controls_6595b64144ccf1df_6.0.19041.3636_none_60b6a03d71f818d5\COMCTL32.dll
0x00007ffb7a1b0000 - 0x00007ffb7a1d2000 	C:\WINDOWS\System32\win32u.dll
0x00007ffb7b800000 - 0x00007ffb7b89e000 	C:\WINDOWS\System32\msvcrt.dll
0x00007ffb7b5c0000 - 0x00007ffb7b5eb000 	C:\WINDOWS\System32\GDI32.dll
0x00007ffb7a910000 - 0x00007ffb7aa27000 	C:\WINDOWS\System32\gdi32full.dll
0x00007ffb7a230000 - 0x00007ffb7a2cd000 	C:\WINDOWS\System32\msvcp_win.dll
0x00007ffb7c090000 - 0x00007ffb7c0c2000 	C:\WINDOWS\System32\IMM32.DLL
0x00007ffb75510000 - 0x00007ffb7551c000 	D:\AndroidStudio\jbr\bin\vcruntime140_1.dll
0x00007ffb5fc70000 - 0x00007ffb5fcfd000 	D:\AndroidStudio\jbr\bin\msvcp140.dll
0x00007ffb2f1b0000 - 0x00007ffb2fe30000 	D:\AndroidStudio\jbr\bin\server\jvm.dll
0x00007ffb7c220000 - 0x00007ffb7c2d3000 	C:\WINDOWS\System32\ADVAPI32.dll
0x00007ffb7c600000 - 0x00007ffb7c69f000 	C:\WINDOWS\System32\sechost.dll
0x00007ffb7c980000 - 0x00007ffb7caa6000 	C:\WINDOWS\System32\RPCRT4.dll
0x00007ffb7a2d0000 - 0x00007ffb7a2f7000 	C:\WINDOWS\System32\bcrypt.dll
0x00007ffb70b50000 - 0x00007ffb70b77000 	C:\WINDOWS\SYSTEM32\WINMM.dll
0x00007ffb77200000 - 0x00007ffb77209000 	C:\WINDOWS\SYSTEM32\WSOCK32.dll
0x00007ffb70b90000 - 0x00007ffb70b9a000 	C:\WINDOWS\SYSTEM32\VERSION.dll
0x00007ffb7c6a0000 - 0x00007ffb7c70b000 	C:\WINDOWS\System32\WS2_32.dll
0x00007ffb78a00000 - 0x00007ffb78a12000 	C:\WINDOWS\SYSTEM32\kernel.appcore.dll
0x00007ffb771f0000 - 0x00007ffb771fa000 	D:\AndroidStudio\jbr\bin\jimage.dll
0x00007ffb78460000 - 0x00007ffb78644000 	C:\WINDOWS\SYSTEM32\DBGHELP.DLL
0x00007ffb68ba0000 - 0x00007ffb68bd4000 	C:\WINDOWS\SYSTEM32\dbgcore.DLL
0x00007ffb7a300000 - 0x00007ffb7a382000 	C:\WINDOWS\System32\bcryptPrimitives.dll
0x00007ffb74380000 - 0x00007ffb743a5000 	D:\AndroidStudio\jbr\bin\java.dll
0x00007ffb74130000 - 0x00007ffb74148000 	D:\AndroidStudio\jbr\bin\zip.dll
0x00007ffb7ab30000 - 0x00007ffb7b275000 	C:\WINDOWS\System32\SHELL32.dll
0x00007ffb77bf0000 - 0x00007ffb7838c000 	C:\WINDOWS\SYSTEM32\windows.storage.dll
0x00007ffb7b8a0000 - 0x00007ffb7bbf4000 	C:\WINDOWS\System32\combase.dll
0x00007ffb79b10000 - 0x00007ffb79b3e000 	C:\WINDOWS\SYSTEM32\Wldp.dll
0x00007ffb7c410000 - 0x00007ffb7c4dd000 	C:\WINDOWS\System32\OLEAUT32.dll
0x00007ffb7c160000 - 0x00007ffb7c20d000 	C:\WINDOWS\System32\SHCORE.dll
0x00007ffb7b5f0000 - 0x00007ffb7b645000 	C:\WINDOWS\System32\shlwapi.dll
0x00007ffb7a0e0000 - 0x00007ffb7a105000 	C:\WINDOWS\SYSTEM32\profapi.dll
0x00007ffb74110000 - 0x00007ffb74129000 	D:\AndroidStudio\jbr\bin\net.dll
0x00007ffb710a0000 - 0x00007ffb711aa000 	C:\WINDOWS\SYSTEM32\WINHTTP.dll
0x00007ffb79850000 - 0x00007ffb798ba000 	C:\WINDOWS\system32\mswsock.dll
0x00007ffb73790000 - 0x00007ffb737a6000 	D:\AndroidStudio\jbr\bin\nio.dll
0x00007ffb742f0000 - 0x00007ffb74300000 	D:\AndroidStudio\jbr\bin\verify.dll

dbghelp: loaded successfully - version: 4.0.5 - missing functions: none
symbol engine: initialized successfully - sym options: 0x614 - pdb path: .;D:\AndroidStudio\jbr\bin;C:\WINDOWS\SYSTEM32;C:\WINDOWS\WinSxS\amd64_microsoft.windows.common-controls_6595b64144ccf1df_6.0.19041.3636_none_60b6a03d71f818d5;D:\AndroidStudio\jbr\bin\server

VM Arguments:
java_command: org.jetbrains.kotlin.cli.jvm.K2JVMCompiler @D:\GEI\TFG\Travudget\FrontEnd\app\build\20240223_12282749494655461089.compiler.options
java_class_path (initial): D:\CarpetaGradle\.gradle\caches\modules-2\files-2.1\org.jetbrains.kotlin\kotlin-compiler-embeddable\1.9.22\9cd4dc7773cf2a99ecd961a88fbbc9a2da3fb5e1\kotlin-compiler-embeddable-1.9.22.jar;D:\CarpetaGradle\.gradle\caches\modules-2\files-2.1\org.jetbrains.kotlin\kotlin-stdlib\1.9.22\d6c44cd08d8f3f9bece8101216dbe6553365c6e3\kotlin-stdlib-1.9.22.jar;D:\CarpetaGradle\.gradle\caches\modules-2\files-2.1\org.jetbrains.kotlin\kotlin-script-runtime\1.9.22\f8139a46fc677ec9badc49ae954392f4f5e7e7c7\kotlin-script-runtime-1.9.22.jar;D:\CarpetaGradle\.gradle\caches\modules-2\files-2.1\org.jetbrains.kotlin\kotlin-reflect\1.6.10\1cbe9c92c12a94eea200d23c2bbaedaf3daf5132\kotlin-reflect-1.6.10.jar;D:\CarpetaGradle\.gradle\caches\modules-2\files-2.1\org.jetbrains.kotlin\kotlin-daemon-embeddable\1.9.22\20e2c5df715f3240c765cfc222530e2796542021\kotlin-daemon-embeddable-1.9.22.jar;D:\CarpetaGradle\.gradle\caches\modules-2\files-2.1\org.jetbrains.intellij.deps\trove4j\1.0.20200330\3afb14d5f9ceb459d724e907a21145e8ff394f02\trove4j-1.0.20200330.jar;D:\CarpetaGradle\.gradle\caches\modules-2\files-2.1\org.jetbrains\annotations\13.0\919f0dfe192fb4e063e7dacadee7f8bb9a2672a9\annotations-13.0.jar
Launcher Type: SUN_STANDARD

[Global flags]
     intx CICompilerCount                          = 4                                         {product} {ergonomic}
     uint ConcGCThreads                            = 2                                         {product} {ergonomic}
     uint G1ConcRefinementThreads                  = 8                                         {product} {ergonomic}
   size_t G1HeapRegionSize                         = 1048576                                   {product} {ergonomic}
    uintx GCDrainStackTargetSize                   = 64                                        {product} {ergonomic}
   size_t InitialHeapSize                          = 117440512                                 {product} {ergonomic}
   size_t MarkStackSize                            = 4194304                                   {product} {ergonomic}
   size_t MaxHeapSize                              = 1862270976                                {product} {ergonomic}
   size_t MaxNewSize                               = 1116733440                                {product} {ergonomic}
   size_t MinHeapDeltaBytes                        = 1048576                                   {product} {ergonomic}
   size_t MinHeapSize                              = 8388608                                   {product} {ergonomic}
    uintx NonNMethodCodeHeapSize                   = 5839372                                {pd product} {ergonomic}
    uintx NonProfiledCodeHeapSize                  = 122909434                              {pd product} {ergonomic}
    uintx ProfiledCodeHeapSize                     = 122909434                              {pd product} {ergonomic}
    uintx ReservedCodeCacheSize                    = 251658240                              {pd product} {ergonomic}
     bool SegmentedCodeCache                       = true                                      {product} {ergonomic}
   size_t SoftMaxHeapSize                          = 1862270976                             {manageable} {ergonomic}
     bool UseCompressedClassPointers               = true                           {product lp64_product} {ergonomic}
     bool UseCompressedOops                        = true                           {product lp64_product} {ergonomic}
     bool UseG1GC                                  = true                                      {product} {ergonomic}
     bool UseLargePagesIndividualAllocation        = false                                  {pd product} {ergonomic}

Logging:
Log output configuration:
 #0: stdout all=warning uptime,level,tags
 #1: stderr all=off uptime,level,tags

Environment Variables:
PATH=C:\Program Files\Common Files\Oracle\Java\javapath;C:\Program Files (x86)\Common Files\Oracle\Java\javapath;C:\Program Files (x86)\Razer\ChromaBroadcast\bin;C:\Program Files\Razer\ChromaBroadcast\bin;C:\Windows\system32;C:\Windows;C:\Windows\System32\Wbem;C:\Windows\System32\WindowsPowerShell\v1.0\;C:\Windows\System32\OpenSSH\;C:\Windows\system32\config\systemprofile\AppData\Local\Microsoft\WindowsApps;C:\WINDOWS\system32;C:\WINDOWS;C:\WINDOWS\System32\Wbem;C:\WINDOWS\System32\WindowsPowerShell\v1.0\;C:\WINDOWS\System32\OpenSSH\;C:\Program Files (x86)\Labcenter Electronics\Proteus 8 Professional\Tools\xc8\bin;C:\Program Files\Git\cmd;C:\Program Files\PuTTY\;D:\kotlin-compiler-1.9.22\kotlinc;D:\kotlin-compiler-1.9.22\kotlinc\bin;;C:\Program Files\Docker\Docker\resources\bin;C:\Users\Pol Salvador\AppData\Local\Programs\Python\Python39\Scripts\;C:\Users\Pol Salvador\AppData\Local\Programs\Python\Python39\;C:\Users\Pol Salvador\AppData\Local\Microsoft\WindowsApps;C:\Users\Pol Salvador\AppData\Local\Programs\Microsoft VS Code\bin;D:\kotlin-compiler-1.9.22\kotlinc;D:\kotlin-compiler-1.9.22\kotlinc\bin;D:\Docker;
USERNAME=Pol Salvador
OS=Windows_NT
PROCESSOR_IDENTIFIER=AMD64 Family 23 Model 24 Stepping 1, AuthenticAMD
TMP=C:\Users\POLSAL~1\AppData\Local\Temp
TEMP=C:\Users\POLSAL~1\AppData\Local\Temp


JNI global refs:
JNI global refs: 8, weak refs: 0

JNI global refs memory usage: 843, weak refs: 841

OOME stack traces (most recent first):
Classloader memory used:
Loader jdk.internal.loader.ClassLoaders$AppClassLoader                                 : 3831K
Loader bootstrap                                                                       : 1258K
Loader jdk.internal.reflect.DelegatingClassLoader                                      : 3083B


---------------  S Y S T E M  ---------------

OS:
 Windows 10 , 64 bit Build 19041 (10.0.19041.3636)
OS uptime: 0 days 3:37 hours
Hyper-V role detected

CPU: total 8 (initial active 8) (8 cores per cpu, 2 threads per core) family 23 model 24 stepping 1 microcode 0x0, cx8, cmov, fxsr, ht, mmx, 3dnowpref, sse, sse2, sse3, ssse3, sse4a, sse4.1, sse4.2, popcnt, lzcnt, tsc, tscinvbit, avx, avx2, aes, clmul, bmi1, bmi2, adx, sha, fma, vzeroupper, clflush, clflushopt, hv

Memory: 4k page, system-wide physical 7103M (906M free)
TotalPageFile size 14821M (AvailPageFile size 27M)
current process WorkingSet (physical memory assigned to process): 174M, peak: 176M
current process commit charge ("private bytes"): 212M, peak: 215M

vm_info: OpenJDK 64-Bit Server VM (17.0.7+0-b2043.56-10550314) for windows-amd64 JRE (17.0.7+0-b2043.56-10550314), built on Jul 24 2023 18:27:45 by "androidbuild" with MS VC++ 16.10 / 16.11 (VS2019)

END.
