#
# There is insufficient memory for the Java Runtime Environment to continue.
# Native memory allocation (malloc) failed to allocate 1930416 bytes for Chunk::new
# Possible reasons:
#   The system is out of physical RAM or swap space
#   The process is running with CompressedOops enabled, and the Java Heap may be blocking the growth of the native heap
# Possible solutions:
#   Reduce memory load on the system
#   Increase physical memory or swap space
#   Check if swap backing store is full
#   Decrease Java heap size (-Xmx/-Xms)
#   Decrease number of Java threads
#   Decrease Java thread stack sizes (-Xss)
#   Set larger code cache with -XX:ReservedCodeCacheSize=
#   JVM is running with Unscaled Compressed Oops mode in which the Java heap is
#     placed in the first 4GB address space. The Java Heap base address is the
#     maximum limit for the native heap growth. Please use -XX:HeapBaseMinAddress
#     to set the Java Heap base and to place the Java Heap above 4GB virtual address.
# This output file may be truncated or incomplete.
#
#  Out of Memory Error (arena.cpp:189), pid=8900, tid=10392
#
# JRE version: OpenJDK Runtime Environment (17.0.7) (build 17.0.7+0-b2043.56-10550314)
# Java VM: OpenJDK 64-Bit Server VM (17.0.7+0-b2043.56-10550314, mixed mode, tiered, compressed oops, compressed class ptrs, g1 gc, windows-amd64)
# No core dump will be written. Minidumps are not enabled by default on client versions of Windows
#

---------------  S U M M A R Y ------------

Command Line: org.jetbrains.kotlin.cli.jvm.K2JVMCompiler @D:\GEI\TFG\Travudget\FrontEnd\app\build\20240223_6997653658330216504.compiler.options

Host: AMD Ryzen 5 3500U with Radeon Vega Mobile Gfx  , 8 cores, 6G,  Windows 10 , 64 bit Build 19041 (10.0.19041.3636)
Time: Fri Feb 23 23:23:47 2024 Hora estándar romance elapsed time: 7.678848 seconds (0d 0h 0m 7s)

---------------  T H R E A D  ---------------

Current thread (0x000001ea7e01ed40):  JavaThread "C2 CompilerThread0" daemon [_thread_in_native, id=10392, stack(0x000000597f600000,0x000000597f700000)]


Current CompileTask:
C2:   7678 4909       4       org.jetbrains.org.objectweb.asm.ClassReader::readMethod (1061 bytes)

Stack: [0x000000597f600000,0x000000597f700000]
Native frames: (J=compiled Java code, j=interpreted, Vv=VM code, C=native code)
V  [jvm.dll+0x683bfa]
V  [jvm.dll+0x8430a4]
V  [jvm.dll+0x8449be]
V  [jvm.dll+0x845023]
V  [jvm.dll+0x24ad2f]
V  [jvm.dll+0xac25c]
V  [jvm.dll+0xac82c]
V  [jvm.dll+0x36a132]
V  [jvm.dll+0x334821]
V  [jvm.dll+0x333cca]
V  [jvm.dll+0x21d251]
V  [jvm.dll+0x21c671]
V  [jvm.dll+0x1a605d]
V  [jvm.dll+0x22c148]
V  [jvm.dll+0x22a209]
V  [jvm.dll+0x7f858c]
V  [jvm.dll+0x7f2aea]
V  [jvm.dll+0x682a35]
C  [ucrtbase.dll+0x21bb2]
C  [KERNEL32.DLL+0x17344]
C  [ntdll.dll+0x526b1]


---------------  P R O C E S S  ---------------

Threads class SMR info:
_java_thread_list=0x000001ea7eafdda0, length=14, elements={
0x000001ea6f821050, 0x000001ea79c99250, 0x000001ea79c9b0d0, 0x000001ea79c6c610,
0x000001ea79cae5e0, 0x000001ea79cb0fb0, 0x000001ea79cb1870, 0x000001ea7e01ed40,
0x000001ea7e01f640, 0x000001ea7e021f50, 0x000001ea7e17ce20, 0x000001ea7e182b60,
0x000001ea0fcc1c80, 0x000001ea0fc33130
}

Java Threads: ( => current thread )
  0x000001ea6f821050 JavaThread "main" [_thread_in_vm, id=7800, stack(0x000000597e900000,0x000000597ea00000)]
  0x000001ea79c99250 JavaThread "Reference Handler" daemon [_thread_blocked, id=15128, stack(0x000000597f000000,0x000000597f100000)]
  0x000001ea79c9b0d0 JavaThread "Finalizer" daemon [_thread_blocked, id=15552, stack(0x000000597f100000,0x000000597f200000)]
  0x000001ea79c6c610 JavaThread "Signal Dispatcher" daemon [_thread_blocked, id=8208, stack(0x000000597f200000,0x000000597f300000)]
  0x000001ea79cae5e0 JavaThread "Attach Listener" daemon [_thread_blocked, id=3216, stack(0x000000597f300000,0x000000597f400000)]
  0x000001ea79cb0fb0 JavaThread "Service Thread" daemon [_thread_blocked, id=1960, stack(0x000000597f400000,0x000000597f500000)]
  0x000001ea79cb1870 JavaThread "Monitor Deflation Thread" daemon [_thread_blocked, id=7512, stack(0x000000597f500000,0x000000597f600000)]
=>0x000001ea7e01ed40 JavaThread "C2 CompilerThread0" daemon [_thread_in_native, id=10392, stack(0x000000597f600000,0x000000597f700000)]
  0x000001ea7e01f640 JavaThread "C1 CompilerThread0" daemon [_thread_blocked, id=17360, stack(0x000000597f700000,0x000000597f800000)]
  0x000001ea7e021f50 JavaThread "Sweeper thread" daemon [_thread_blocked, id=6332, stack(0x000000597f800000,0x000000597f900000)]
  0x000001ea7e17ce20 JavaThread "Notification Thread" daemon [_thread_blocked, id=17256, stack(0x000000597f900000,0x000000597fa00000)]
  0x000001ea7e182b60 JavaThread "Common-Cleaner" daemon [_thread_blocked, id=10596, stack(0x000000597fb00000,0x000000597fc00000)]
  0x000001ea0fcc1c80 JavaThread "C2 CompilerThread1" daemon [_thread_in_native, id=16148, stack(0x0000005900500000,0x0000005900600000)]
  0x000001ea0fc33130 JavaThread "C2 CompilerThread2" daemon [_thread_in_native, id=11464, stack(0x0000005900600000,0x0000005900700000)]

Other Threads:
  0x000001ea79c84a10 VMThread "VM Thread" [stack: 0x000000597ef00000,0x000000597f000000] [id=11332]
  0x000001ea6f88b4f0 WatcherThread [stack: 0x000000597fa00000,0x000000597fb00000] [id=6784]
  0x000001ea6f8746e0 GCTaskThread "GC Thread#0" [stack: 0x000000597ea00000,0x000000597eb00000] [id=7024]
  0x000001ea7e788a60 GCTaskThread "GC Thread#1" [stack: 0x000000597fd00000,0x000000597fe00000] [id=9244]
  0x000001ea7e7b9b90 GCTaskThread "GC Thread#2" [stack: 0x000000597fe00000,0x000000597ff00000] [id=8552]
  0x000001ea7e7b9e40 GCTaskThread "GC Thread#3" [stack: 0x000000597ff00000,0x0000005980000000] [id=3960]
  0x000001ea7e7d0c30 GCTaskThread "GC Thread#4" [stack: 0x0000005900000000,0x0000005900100000] [id=18400]
  0x000001ea7e7d3b20 GCTaskThread "GC Thread#5" [stack: 0x0000005900100000,0x0000005900200000] [id=9204]
  0x000001ea7e83f190 GCTaskThread "GC Thread#6" [stack: 0x0000005900200000,0x0000005900300000] [id=13540]
  0x000001ea7e7fc4c0 GCTaskThread "GC Thread#7" [stack: 0x0000005900300000,0x0000005900400000] [id=732]
  0x000001ea6f884430 ConcurrentGCThread "G1 Main Marker" [stack: 0x000000597eb00000,0x000000597ec00000] [id=16840]
  0x000001ea6f884e40 ConcurrentGCThread "G1 Conc#0" [stack: 0x000000597ec00000,0x000000597ed00000] [id=5108]
  0x000001ea7ebf8a90 ConcurrentGCThread "G1 Conc#1" [stack: 0x0000005900400000,0x0000005900500000] [id=8556]
  0x000001ea6f8ee040 ConcurrentGCThread "G1 Refine#0" [stack: 0x000000597ed00000,0x000000597ee00000] [id=9460]
  0x000001ea7f19bcb0 ConcurrentGCThread "G1 Refine#1" [stack: 0x0000005900700000,0x0000005900800000] [id=1684]
  0x000001ea7eb32a90 ConcurrentGCThread "G1 Refine#2" [stack: 0x0000005900800000,0x0000005900900000] [id=17516]
  0x000001ea7eb7c1d0 ConcurrentGCThread "G1 Refine#3" [stack: 0x0000005900900000,0x0000005900a00000] [id=16692]
  0x000001ea7eb13bc0 ConcurrentGCThread "G1 Refine#4" [stack: 0x0000005900a00000,0x0000005900b00000] [id=15884]
  0x000001ea6f8eea60 ConcurrentGCThread "G1 Service" [stack: 0x000000597ee00000,0x000000597ef00000] [id=5924]

Threads with active compile tasks:
C2 CompilerThread0     7696 4909       4       org.jetbrains.org.objectweb.asm.ClassReader::readMethod (1061 bytes)
C2 CompilerThread1     7696 4956       4       org.jetbrains.kotlin.types.TypeUtils::contains (301 bytes)
C2 CompilerThread2     7697 5051       4       java.util.LinkedHashSet::<init> (27 bytes)

VM state: not at safepoint (normal execution)

VM Mutex/Monitor currently owned by a thread:  ([mutex/lock_event])
[0x000001ea6f808570] CodeCache_lock - owner thread: 0x0000000000000000

Heap address: 0x0000000091000000, size: 1776 MB, Compressed Oops mode: 32-bit

CDS archive(s) not mapped
Compressed class space mapped at: 0x0000000100000000-0x0000000140000000, reserved size: 1073741824
Narrow klass base: 0x0000000000000000, Narrow klass shift: 3, Narrow klass range: 0x140000000

GC Precious Log:
 CPUs: 8 total, 8 available
 Memory: 7103M
 Large Page Support: Disabled
 NUMA Support: Disabled
 Compressed Oops: Enabled (32-bit)
 Heap Region Size: 1M
 Heap Min Capacity: 8M
 Heap Initial Capacity: 112M
 Heap Max Capacity: 1776M
 Pre-touch: Disabled
 Parallel Workers: 8
 Concurrent Workers: 2
 Concurrent Refinement Workers: 8
 Periodic GC: Disabled

Heap:
 garbage-first heap   total 66560K, used 48763K [0x0000000091000000, 0x0000000100000000)
  region size 1024K, 16 young (16384K), 3 survivors (3072K)
 Metaspace       used 48376K, committed 48576K, reserved 1114112K
  class space    used 5678K, committed 5760K, reserved 1048576K

Heap Regions: E=young(eden), S=young(survivor), O=old, HS=humongous(starts), HC=humongous(continues), CS=collection set, F=free, OA=open archive, CA=closed archive, TAMS=top-at-mark-start (previous, next)
|   0|0x0000000091000000, 0x0000000091100000, 0x0000000091100000|100%|HS|  |TAMS 0x0000000091100000, 0x0000000091000000| Complete 
|   1|0x0000000091100000, 0x0000000091200000, 0x0000000091200000|100%|HC|  |TAMS 0x0000000091200000, 0x0000000091100000| Complete 
|   2|0x0000000091200000, 0x0000000091300000, 0x0000000091300000|100%|HC|  |TAMS 0x0000000091300000, 0x0000000091200000| Complete 
|   3|0x0000000091300000, 0x0000000091400000, 0x0000000091400000|100%|HC|  |TAMS 0x0000000091400000, 0x0000000091300000| Complete 
|   4|0x0000000091400000, 0x0000000091500000, 0x0000000091500000|100%| O|  |TAMS 0x0000000091500000, 0x0000000091400000| Untracked 
|   5|0x0000000091500000, 0x0000000091600000, 0x0000000091600000|100%| O|  |TAMS 0x0000000091600000, 0x0000000091500000| Untracked 
|   6|0x0000000091600000, 0x0000000091700000, 0x0000000091700000|100%| O|  |TAMS 0x0000000091700000, 0x0000000091600000| Untracked 
|   7|0x0000000091700000, 0x0000000091800000, 0x0000000091800000|100%| O|  |TAMS 0x0000000091800000, 0x0000000091700000| Untracked 
|   8|0x0000000091800000, 0x0000000091900000, 0x0000000091900000|100%| O|  |TAMS 0x0000000091900000, 0x0000000091800000| Untracked 
|   9|0x0000000091900000, 0x0000000091a00000, 0x0000000091a00000|100%| O|  |TAMS 0x0000000091a00000, 0x0000000091900000| Untracked 
|  10|0x0000000091a00000, 0x0000000091b00000, 0x0000000091b00000|100%| O|  |TAMS 0x0000000091b00000, 0x0000000091a00000| Untracked 
|  11|0x0000000091b00000, 0x0000000091c00000, 0x0000000091c00000|100%| O|  |TAMS 0x0000000091c00000, 0x0000000091b00000| Untracked 
|  12|0x0000000091c00000, 0x0000000091d00000, 0x0000000091d00000|100%| O|  |TAMS 0x0000000091d00000, 0x0000000091c00000| Untracked 
|  13|0x0000000091d00000, 0x0000000091e00000, 0x0000000091e00000|100%| O|  |TAMS 0x0000000091e00000, 0x0000000091d00000| Untracked 
|  14|0x0000000091e00000, 0x0000000091f00000, 0x0000000091f00000|100%| O|  |TAMS 0x0000000091f00000, 0x0000000091e00000| Untracked 
|  15|0x0000000091f00000, 0x0000000092000000, 0x0000000092000000|100%| O|  |TAMS 0x0000000092000000, 0x0000000091f00000| Untracked 
|  16|0x0000000092000000, 0x00000000920b8a00, 0x0000000092100000| 72%| O|  |TAMS 0x00000000920b8a00, 0x0000000092000000| Untracked 
|  17|0x0000000092100000, 0x0000000092200000, 0x0000000092200000|100%|HS|  |TAMS 0x0000000092200000, 0x0000000092100000| Complete 
|  18|0x0000000092200000, 0x0000000092300000, 0x0000000092300000|100%|HC|  |TAMS 0x0000000092300000, 0x0000000092200000| Complete 
|  19|0x0000000092300000, 0x0000000092400000, 0x0000000092400000|100%| O|  |TAMS 0x0000000092400000, 0x0000000092300000| Untracked 
|  20|0x0000000092400000, 0x0000000092500000, 0x0000000092500000|100%| O|  |TAMS 0x0000000092500000, 0x0000000092400000| Untracked 
|  21|0x0000000092500000, 0x0000000092600000, 0x0000000092600000|100%| O|  |TAMS 0x0000000092600000, 0x0000000092500000| Untracked 
|  22|0x0000000092600000, 0x0000000092700000, 0x0000000092700000|100%| O|  |TAMS 0x0000000092700000, 0x0000000092600000| Untracked 
|  23|0x0000000092700000, 0x0000000092800000, 0x0000000092800000|100%| O|  |TAMS 0x0000000092800000, 0x0000000092700000| Untracked 
|  24|0x0000000092800000, 0x0000000092900000, 0x0000000092900000|100%| O|  |TAMS 0x0000000092900000, 0x0000000092800000| Untracked 
|  25|0x0000000092900000, 0x0000000092a00000, 0x0000000092a00000|100%| O|  |TAMS 0x0000000092a00000, 0x0000000092900000| Untracked 
|  26|0x0000000092a00000, 0x0000000092b00000, 0x0000000092b00000|100%| O|  |TAMS 0x0000000092b00000, 0x0000000092a00000| Untracked 
|  27|0x0000000092b00000, 0x0000000092c00000, 0x0000000092c00000|100%| O|  |TAMS 0x0000000092b83200, 0x0000000092b00000| Untracked 
|  28|0x0000000092c00000, 0x0000000092d00000, 0x0000000092d00000|100%| O|  |TAMS 0x0000000092c00000, 0x0000000092c00000| Untracked 
|  29|0x0000000092d00000, 0x0000000092e00000, 0x0000000092e00000|100%| O|  |TAMS 0x0000000092d00000, 0x0000000092d00000| Untracked 
|  30|0x0000000092e00000, 0x0000000092ee6200, 0x0000000092f00000| 89%| O|  |TAMS 0x0000000092e00000, 0x0000000092e00000| Untracked 
|  31|0x0000000092f00000, 0x0000000092f00000, 0x0000000093000000|  0%| F|  |TAMS 0x0000000092f00000, 0x0000000092f00000| Untracked 
|  32|0x0000000093000000, 0x0000000093000000, 0x0000000093100000|  0%| F|  |TAMS 0x0000000093000000, 0x0000000093000000| Untracked 
|  33|0x0000000093100000, 0x0000000093100000, 0x0000000093200000|  0%| F|  |TAMS 0x0000000093100000, 0x0000000093100000| Untracked 
|  34|0x0000000093200000, 0x0000000093200000, 0x0000000093300000|  0%| F|  |TAMS 0x0000000093200000, 0x0000000093200000| Untracked 
|  35|0x0000000093300000, 0x0000000093300000, 0x0000000093400000|  0%| F|  |TAMS 0x0000000093300000, 0x0000000093300000| Untracked 
|  36|0x0000000093400000, 0x0000000093400000, 0x0000000093500000|  0%| F|  |TAMS 0x0000000093400000, 0x0000000093400000| Untracked 
|  37|0x0000000093500000, 0x0000000093500000, 0x0000000093600000|  0%| F|  |TAMS 0x0000000093500000, 0x0000000093500000| Untracked 
|  38|0x0000000093600000, 0x0000000093600000, 0x0000000093700000|  0%| F|  |TAMS 0x0000000093600000, 0x0000000093600000| Untracked 
|  39|0x0000000093700000, 0x0000000093700000, 0x0000000093800000|  0%| F|  |TAMS 0x0000000093700000, 0x0000000093700000| Untracked 
|  40|0x0000000093800000, 0x0000000093800000, 0x0000000093900000|  0%| F|  |TAMS 0x0000000093800000, 0x0000000093800000| Untracked 
|  41|0x0000000093900000, 0x0000000093900000, 0x0000000093a00000|  0%| F|  |TAMS 0x0000000093900000, 0x0000000093900000| Untracked 
|  42|0x0000000093a00000, 0x0000000093a00000, 0x0000000093b00000|  0%| F|  |TAMS 0x0000000093a00000, 0x0000000093a00000| Untracked 
|  43|0x0000000093b00000, 0x0000000093c00000, 0x0000000093c00000|100%| S|CS|TAMS 0x0000000093b00000, 0x0000000093b00000| Complete 
|  44|0x0000000093c00000, 0x0000000093d00000, 0x0000000093d00000|100%| S|CS|TAMS 0x0000000093c00000, 0x0000000093c00000| Complete 
|  45|0x0000000093d00000, 0x0000000093e00000, 0x0000000093e00000|100%| S|CS|TAMS 0x0000000093d00000, 0x0000000093d00000| Complete 
|  46|0x0000000093e00000, 0x0000000093e00000, 0x0000000093f00000|  0%| F|  |TAMS 0x0000000093e00000, 0x0000000093e00000| Untracked 
|  47|0x0000000093f00000, 0x0000000093f00000, 0x0000000094000000|  0%| F|  |TAMS 0x0000000093f00000, 0x0000000093f00000| Untracked 
|  48|0x0000000094000000, 0x0000000094000000, 0x0000000094100000|  0%| F|  |TAMS 0x0000000094000000, 0x0000000094000000| Untracked 
|  49|0x0000000094100000, 0x0000000094100000, 0x0000000094200000|  0%| F|  |TAMS 0x0000000094100000, 0x0000000094100000| Untracked 
|  50|0x0000000094200000, 0x00000000942ea788, 0x0000000094300000| 91%| E|  |TAMS 0x0000000094200000, 0x0000000094200000| Complete 
|  51|0x0000000094300000, 0x0000000094400000, 0x0000000094400000|100%| E|CS|TAMS 0x0000000094300000, 0x0000000094300000| Complete 
|  52|0x0000000094400000, 0x0000000094500000, 0x0000000094500000|100%| E|CS|TAMS 0x0000000094400000, 0x0000000094400000| Complete 
|  53|0x0000000094500000, 0x0000000094600000, 0x0000000094600000|100%| E|CS|TAMS 0x0000000094500000, 0x0000000094500000| Complete 
|  54|0x0000000094600000, 0x0000000094700000, 0x0000000094700000|100%| E|CS|TAMS 0x0000000094600000, 0x0000000094600000| Complete 
|  55|0x0000000094700000, 0x0000000094800000, 0x0000000094800000|100%| E|CS|TAMS 0x0000000094700000, 0x0000000094700000| Complete 
|  56|0x0000000094800000, 0x0000000094900000, 0x0000000094900000|100%| E|CS|TAMS 0x0000000094800000, 0x0000000094800000| Complete 
|  57|0x0000000094900000, 0x0000000094a00000, 0x0000000094a00000|100%| E|CS|TAMS 0x0000000094900000, 0x0000000094900000| Complete 
|  58|0x0000000094a00000, 0x0000000094b00000, 0x0000000094b00000|100%| E|CS|TAMS 0x0000000094a00000, 0x0000000094a00000| Complete 
|  59|0x0000000094b00000, 0x0000000094c00000, 0x0000000094c00000|100%| E|CS|TAMS 0x0000000094b00000, 0x0000000094b00000| Complete 
|  60|0x0000000094c00000, 0x0000000094d00000, 0x0000000094d00000|100%| E|CS|TAMS 0x0000000094c00000, 0x0000000094c00000| Complete 
|  61|0x0000000094d00000, 0x0000000094e00000, 0x0000000094e00000|100%| E|CS|TAMS 0x0000000094d00000, 0x0000000094d00000| Complete 
| 111|0x0000000097f00000, 0x0000000098000000, 0x0000000098000000|100%| E|CS|TAMS 0x0000000097f00000, 0x0000000097f00000| Complete 
|1774|0x00000000ffe00000, 0x00000000fff00000, 0x00000000fff00000|100%| O|  |TAMS 0x00000000fff00000, 0x00000000ffe00000| Untracked 
|1775|0x00000000fff00000, 0x0000000100000000, 0x0000000100000000|100%| O|  |TAMS 0x0000000100000000, 0x00000000fff00000| Untracked 

Card table byte_map: [0x000001ea733c0000,0x000001ea73740000] _byte_map_base: 0x000001ea72f38000

Marking Bits (Prev, Next): (CMBitMap*) 0x000001ea6f875d00, (CMBitMap*) 0x000001ea6f875d40
 Prev Bits: [0x000001ea73ac0000, 0x000001ea75680000)
 Next Bits: [0x000001ea75680000, 0x000001ea77240000)

Polling page: 0x000001ea6d990000

Metaspace:

Usage:
  Non-class:     41.73 MB used.
      Class:      5.55 MB used.
       Both:     47.27 MB used.

Virtual space:
  Non-class space:       64.00 MB reserved,      41.88 MB ( 65%) committed,  1 nodes.
      Class space:        1.00 GB reserved,       5.62 MB ( <1%) committed,  1 nodes.
             Both:        1.06 GB reserved,      47.50 MB (  4%) committed. 

Chunk freelists:
   Non-Class:  6.17 MB
       Class:  10.32 MB
        Both:  16.49 MB

MaxMetaspaceSize: unlimited
CompressedClassSpaceSize: 1.00 GB
Initial GC threshold: 21.00 MB
Current GC threshold: 78.25 MB
CDS: off
MetaspaceReclaimPolicy: balanced
 - commit_granule_bytes: 65536.
 - commit_granule_words: 8192.
 - virtual_space_node_default_size: 8388608.
 - enlarge_chunks_in_place: 1.
 - new_chunks_are_fully_committed: 0.
 - uncommit_free_chunks: 1.
 - use_allocation_guard: 0.
 - handle_deallocations: 1.


Internal statistics:

num_allocs_failed_limit: 3.
num_arena_births: 170.
num_arena_deaths: 0.
num_vsnodes_births: 2.
num_vsnodes_deaths: 0.
num_space_committed: 758.
num_space_uncommitted: 0.
num_chunks_returned_to_freelist: 3.
num_chunks_taken_from_freelist: 1560.
num_chunk_merges: 3.
num_chunk_splits: 1300.
num_chunks_enlarged: 1189.
num_inconsistent_stats: 0.

CodeHeap 'non-profiled nmethods': size=120000Kb used=2496Kb max_used=2496Kb free=117503Kb
 bounds [0x000001ea07ad0000, 0x000001ea07d50000, 0x000001ea0f000000]
CodeHeap 'profiled nmethods': size=120000Kb used=12474Kb max_used=12474Kb free=107525Kb
 bounds [0x000001ea00000000, 0x000001ea00c30000, 0x000001ea07530000]
CodeHeap 'non-nmethods': size=5760Kb used=1271Kb max_used=1317Kb free=4488Kb
 bounds [0x000001ea07530000, 0x000001ea077a0000, 0x000001ea07ad0000]
 total_blobs=5653 nmethods=5070 adapters=493
 compilation: enabled
              stopped_count=0, restarted_count=0
 full_count=0

Compilation events (20 events):
Event: 7.651 Thread 0x000001ea7e01f640 nmethod 5102 0x000001ea00c21b90 code [0x000001ea00c21e20, 0x000001ea00c22888]
Event: 7.651 Thread 0x000001ea7e01f640 5103       3       java.lang.Character::getType (9 bytes)
Event: 7.651 Thread 0x000001ea7e01f640 nmethod 5103 0x000001ea00c22c90 code [0x000001ea00c22e40, 0x000001ea00c23038]
Event: 7.651 Thread 0x000001ea7e01f640 5104       3       java.lang.CharacterDataLatin1::getType (11 bytes)
Event: 7.651 Thread 0x000001ea7e01f640 nmethod 5104 0x000001ea00c23110 code [0x000001ea00c232c0, 0x000001ea00c23478]
Event: 7.659 Thread 0x000001ea7e01f640 5105       3       java.lang.invoke.MethodHandles$Lookup::lookupClassProtectionDomain (29 bytes)
Event: 7.660 Thread 0x000001ea7e01f640 nmethod 5105 0x000001ea00c23590 code [0x000001ea00c23760, 0x000001ea00c23a68]
Event: 7.660 Thread 0x000001ea7e01f640 5106       3       java.lang.System$2::protectionDomain (5 bytes)
Event: 7.660 Thread 0x000001ea7e01f640 nmethod 5106 0x000001ea00c23c10 code [0x000001ea00c23dc0, 0x000001ea00c23f08]
Event: 7.666 Thread 0x000001ea7e01f640 5107       3       org.jetbrains.kotlin.metadata.deserialization.TypeTable::<init> (210 bytes)
Event: 7.669 Thread 0x000001ea7e01f640 nmethod 5107 0x000001ea00c24010 code [0x000001ea00c24420, 0x000001ea00c261c8]
Event: 7.669 Thread 0x000001ea7e01f640 5110       3       org.jetbrains.kotlin.metadata.deserialization.Flags$EnumLiteFlagField::get (6 bytes)
Event: 7.669 Thread 0x000001ea7e01f640 nmethod 5110 0x000001ea00c26e10 code [0x000001ea00c26fc0, 0x000001ea00c27108]
Event: 7.669 Thread 0x000001ea7e01f640 5108       3       org.jetbrains.kotlin.metadata.deserialization.VersionRequirementTable$Companion::create (39 bytes)
Event: 7.671 Thread 0x000001ea7e01f640 nmethod 5108 0x000001ea00c27190 code [0x000001ea00c27400, 0x000001ea00c27e38]
Event: 7.671 Thread 0x000001ea7e01f640 5109       3       org.jetbrains.kotlin.metadata.ProtoBuf$VersionRequirementTable::getRequirementCount (10 bytes)
Event: 7.671 Thread 0x000001ea7e01f640 nmethod 5109 0x000001ea00c28210 code [0x000001ea00c283c0, 0x000001ea00c28588]
Event: 7.673 Thread 0x000001ea7e01f640 5111       3       java.lang.invoke.MethodHandles$Lookup::resolveOrFail (44 bytes)
Event: 7.675 Thread 0x000001ea7e01f640 nmethod 5111 0x000001ea00c28690 code [0x000001ea00c28940, 0x000001ea00c295e8]
Event: 7.675 Thread 0x000001ea7e01f640 5112       3       java.lang.invoke.MethodHandles$Lookup::getDirectMethodForConstant (72 bytes)

GC Heap History (20 events):
Event: 2.427 GC heap before
{Heap before GC invocations=5 (full 0):
 garbage-first heap   total 32768K, used 22140K [0x0000000091000000, 0x0000000100000000)
  region size 1024K, 8 young (8192K), 1 survivors (1024K)
 Metaspace       used 25497K, committed 25664K, reserved 1114112K
  class space    used 3299K, committed 3392K, reserved 1048576K
}
Event: 2.434 GC heap after
{Heap after GC invocations=6 (full 0):
 garbage-first heap   total 32768K, used 15147K [0x0000000091000000, 0x0000000100000000)
  region size 1024K, 1 young (1024K), 1 survivors (1024K)
 Metaspace       used 25497K, committed 25664K, reserved 1114112K
  class space    used 3299K, committed 3392K, reserved 1048576K
}
Event: 2.701 GC heap before
{Heap before GC invocations=7 (full 0):
 garbage-first heap   total 32768K, used 22315K [0x0000000091000000, 0x0000000100000000)
  region size 1024K, 9 young (9216K), 1 survivors (1024K)
 Metaspace       used 27602K, committed 27776K, reserved 1114112K
  class space    used 3528K, committed 3584K, reserved 1048576K
}
Event: 2.705 GC heap after
{Heap after GC invocations=8 (full 0):
 garbage-first heap   total 32768K, used 16030K [0x0000000091000000, 0x0000000100000000)
  region size 1024K, 2 young (2048K), 2 survivors (2048K)
 Metaspace       used 27602K, committed 27776K, reserved 1114112K
  class space    used 3528K, committed 3584K, reserved 1048576K
}
Event: 2.928 GC heap before
{Heap before GC invocations=8 (full 0):
 garbage-first heap   total 32768K, used 22174K [0x0000000091000000, 0x0000000100000000)
  region size 1024K, 9 young (9216K), 2 survivors (2048K)
 Metaspace       used 28967K, committed 29184K, reserved 1114112K
  class space    used 3684K, committed 3776K, reserved 1048576K
}
Event: 2.934 GC heap after
{Heap after GC invocations=9 (full 0):
 garbage-first heap   total 57344K, used 14896K [0x0000000091000000, 0x0000000100000000)
  region size 1024K, 2 young (2048K), 2 survivors (2048K)
 Metaspace       used 28967K, committed 29184K, reserved 1114112K
  class space    used 3684K, committed 3776K, reserved 1048576K
}
Event: 3.598 GC heap before
{Heap before GC invocations=10 (full 0):
 garbage-first heap   total 55296K, used 41520K [0x0000000091000000, 0x0000000100000000)
  region size 1024K, 28 young (28672K), 2 survivors (2048K)
 Metaspace       used 34491K, committed 34688K, reserved 1114112K
  class space    used 4198K, committed 4288K, reserved 1048576K
}
Event: 3.606 GC heap after
{Heap after GC invocations=11 (full 0):
 garbage-first heap   total 55296K, used 17698K [0x0000000091000000, 0x0000000100000000)
  region size 1024K, 4 young (4096K), 4 survivors (4096K)
 Metaspace       used 34491K, committed 34688K, reserved 1114112K
  class space    used 4198K, committed 4288K, reserved 1048576K
}
Event: 4.255 GC heap before
{Heap before GC invocations=11 (full 0):
 garbage-first heap   total 55296K, used 40226K [0x0000000091000000, 0x0000000100000000)
  region size 1024K, 26 young (26624K), 4 survivors (4096K)
 Metaspace       used 39665K, committed 39872K, reserved 1114112K
  class space    used 4790K, committed 4864K, reserved 1048576K
}
Event: 4.268 GC heap after
{Heap after GC invocations=12 (full 0):
 garbage-first heap   total 55296K, used 19864K [0x0000000091000000, 0x0000000100000000)
  region size 1024K, 3 young (3072K), 3 survivors (3072K)
 Metaspace       used 39665K, committed 39872K, reserved 1114112K
  class space    used 4790K, committed 4864K, reserved 1048576K
}
Event: 4.789 GC heap before
{Heap before GC invocations=12 (full 0):
 garbage-first heap   total 55296K, used 43416K [0x0000000091000000, 0x0000000100000000)
  region size 1024K, 23 young (23552K), 3 survivors (3072K)
 Metaspace       used 42287K, committed 42496K, reserved 1114112K
  class space    used 5101K, committed 5184K, reserved 1048576K
}
Event: 4.801 GC heap after
{Heap after GC invocations=13 (full 0):
 garbage-first heap   total 55296K, used 25314K [0x0000000091000000, 0x0000000100000000)
  region size 1024K, 3 young (3072K), 3 survivors (3072K)
 Metaspace       used 42287K, committed 42496K, reserved 1114112K
  class space    used 5101K, committed 5184K, reserved 1048576K
}
Event: 4.916 GC heap before
{Heap before GC invocations=13 (full 0):
 garbage-first heap   total 55296K, used 41698K [0x0000000091000000, 0x0000000100000000)
  region size 1024K, 19 young (19456K), 3 survivors (3072K)
 Metaspace       used 42368K, committed 42560K, reserved 1114112K
  class space    used 5101K, committed 5184K, reserved 1048576K
}
Event: 4.927 GC heap after
{Heap after GC invocations=14 (full 0):
 garbage-first heap   total 66560K, used 26600K [0x0000000091000000, 0x0000000100000000)
  region size 1024K, 1 young (1024K), 1 survivors (1024K)
 Metaspace       used 42368K, committed 42560K, reserved 1114112K
  class space    used 5101K, committed 5184K, reserved 1048576K
}
Event: 5.928 GC heap before
{Heap before GC invocations=14 (full 0):
 garbage-first heap   total 66560K, used 49128K [0x0000000091000000, 0x0000000100000000)
  region size 1024K, 24 young (24576K), 1 survivors (1024K)
 Metaspace       used 46581K, committed 46848K, reserved 1114112K
  class space    used 5569K, committed 5696K, reserved 1048576K
}
Event: 5.942 GC heap after
{Heap after GC invocations=15 (full 0):
 garbage-first heap   total 66560K, used 29205K [0x0000000091000000, 0x0000000100000000)
  region size 1024K, 3 young (3072K), 3 survivors (3072K)
 Metaspace       used 46581K, committed 46848K, reserved 1114112K
  class space    used 5569K, committed 5696K, reserved 1048576K
}
Event: 6.877 GC heap before
{Heap before GC invocations=15 (full 0):
 garbage-first heap   total 66560K, used 50709K [0x0000000091000000, 0x0000000100000000)
  region size 1024K, 24 young (24576K), 3 survivors (3072K)
 Metaspace       used 47547K, committed 47744K, reserved 1114112K
  class space    used 5593K, committed 5696K, reserved 1048576K
}
Event: 6.895 GC heap after
{Heap after GC invocations=16 (full 0):
 garbage-first heap   total 66560K, used 33007K [0x0000000091000000, 0x0000000100000000)
  region size 1024K, 3 young (3072K), 3 survivors (3072K)
 Metaspace       used 47547K, committed 47744K, reserved 1114112K
  class space    used 5593K, committed 5696K, reserved 1048576K
}
Event: 7.335 GC heap before
{Heap before GC invocations=16 (full 0):
 garbage-first heap   total 66560K, used 50415K [0x0000000091000000, 0x0000000100000000)
  region size 1024K, 20 young (20480K), 3 survivors (3072K)
 Metaspace       used 47838K, committed 48064K, reserved 1114112K
  class space    used 5617K, committed 5696K, reserved 1048576K
}
Event: 7.353 GC heap after
{Heap after GC invocations=17 (full 0):
 garbage-first heap   total 66560K, used 36475K [0x0000000091000000, 0x0000000100000000)
  region size 1024K, 3 young (3072K), 3 survivors (3072K)
 Metaspace       used 47838K, committed 48064K, reserved 1114112K
  class space    used 5617K, committed 5696K, reserved 1048576K
}

Dll operation events (2 events):
Event: 0.014 Loaded shared library D:\AndroidStudio\jbr\bin\java.dll
Event: 1.581 Loaded shared library D:\AndroidStudio\jbr\bin\verify.dll

Deoptimization events (20 events):
Event: 7.648 Thread 0x000001ea6f821050 Uncommon trap: trap_request=0xffffffde fr.pc=0x000001ea07ce7d70 relative=0x0000000000001450
Event: 7.648 Thread 0x000001ea6f821050 Uncommon trap: reason=class_check action=maybe_recompile pc=0x000001ea07ce7d70 method=org.jetbrains.kotlin.load.java.lazy.descriptors.LazyJavaScope.getFunctionNamesLazy()Ljava/util/Set; @ 13 c2
Event: 7.648 Thread 0x000001ea6f821050 DEOPT PACKING pc=0x000001ea07ce7d70 sp=0x000000597e9fe590
Event: 7.648 Thread 0x000001ea6f821050 DEOPT UNPACKING pc=0x000001ea075869a3 sp=0x000000597e9fe4c0 mode 2
Event: 7.649 Thread 0x000001ea6f821050 Uncommon trap: trap_request=0xffffffde fr.pc=0x000001ea07ce7d70 relative=0x0000000000001450
Event: 7.649 Thread 0x000001ea6f821050 Uncommon trap: reason=class_check action=maybe_recompile pc=0x000001ea07ce7d70 method=org.jetbrains.kotlin.load.java.lazy.descriptors.LazyJavaScope.getFunctionNamesLazy()Ljava/util/Set; @ 13 c2
Event: 7.649 Thread 0x000001ea6f821050 DEOPT PACKING pc=0x000001ea07ce7d70 sp=0x000000597e9fe590
Event: 7.649 Thread 0x000001ea6f821050 DEOPT UNPACKING pc=0x000001ea075869a3 sp=0x000000597e9fe4c0 mode 2
Event: 7.649 Thread 0x000001ea6f821050 Uncommon trap: trap_request=0xffffffde fr.pc=0x000001ea07c9758c relative=0x000000000000054c
Event: 7.649 Thread 0x000001ea6f821050 Uncommon trap: reason=class_check action=maybe_recompile pc=0x000001ea07c9758c method=java.util.regex.Matcher.search(I)Z @ 121 c2
Event: 7.649 Thread 0x000001ea6f821050 DEOPT PACKING pc=0x000001ea07c9758c sp=0x000000597e9fe3c0
Event: 7.649 Thread 0x000001ea6f821050 DEOPT UNPACKING pc=0x000001ea075869a3 sp=0x000000597e9fe360 mode 2
Event: 7.649 Thread 0x000001ea6f821050 Uncommon trap: trap_request=0xffffffde fr.pc=0x000001ea07c9758c relative=0x000000000000054c
Event: 7.649 Thread 0x000001ea6f821050 Uncommon trap: reason=class_check action=maybe_recompile pc=0x000001ea07c9758c method=java.util.regex.Matcher.search(I)Z @ 121 c2
Event: 7.649 Thread 0x000001ea6f821050 DEOPT PACKING pc=0x000001ea07c9758c sp=0x000000597e9fe3c0
Event: 7.649 Thread 0x000001ea6f821050 DEOPT UNPACKING pc=0x000001ea075869a3 sp=0x000000597e9fe360 mode 2
Event: 7.649 Thread 0x000001ea6f821050 Uncommon trap: trap_request=0xffffffde fr.pc=0x000001ea07c9758c relative=0x000000000000054c
Event: 7.649 Thread 0x000001ea6f821050 Uncommon trap: reason=class_check action=maybe_recompile pc=0x000001ea07c9758c method=java.util.regex.Matcher.search(I)Z @ 121 c2
Event: 7.649 Thread 0x000001ea6f821050 DEOPT PACKING pc=0x000001ea07c9758c sp=0x000000597e9fe3c0
Event: 7.649 Thread 0x000001ea6f821050 DEOPT UNPACKING pc=0x000001ea075869a3 sp=0x000000597e9fe360 mode 2

Classes unloaded (0 events):
No events

Classes redefined (0 events):
No events

Internal exceptions (20 events):
Event: 1.528 Thread 0x000001ea6f821050 Exception <a 'java/lang/NoSuchMethodError'{0x0000000097345118}: 'void java.lang.invoke.DirectMethodHandle$Holder.invokeStaticInit(java.lang.Object, java.lang.Object)'> (0x0000000097345118) 
thrown [s\src\hotspot\share\interpreter\linkResolver.cpp, line 771]
Event: 1.676 Thread 0x000001ea6f821050 Exception <a 'java/lang/NoSuchMethodError'{0x0000000096e030b0}: 'void java.lang.invoke.DirectMethodHandle$Holder.invokeVirtual(java.lang.Object, java.lang.Object)'> (0x0000000096e030b0) 
thrown [s\src\hotspot\share\interpreter\linkResolver.cpp, line 771]
Event: 1.687 Thread 0x000001ea6f821050 Exception <a 'java/lang/NoSuchMethodError'{0x0000000096e7d200}: 'int java.lang.invoke.DirectMethodHandle$Holder.invokeVirtual(java.lang.Object, java.lang.Object)'> (0x0000000096e7d200) 
thrown [s\src\hotspot\share\interpreter\linkResolver.cpp, line 771]
Event: 1.720 Thread 0x000001ea6f821050 Exception <a 'java/lang/NoSuchMethodError'{0x0000000096d386a8}: 'java.lang.Object java.lang.invoke.Invokers$Holder.invokeExact_MT(java.lang.Object, java.lang.Object, java.lang.Object, java.lang.Object, java.lang.Object, java.lang.Object)'> (0x0000000096d386a8) 
thrown [s\src\hotspot\share\interpreter\linkResolver.cpp, line 771]
Event: 2.414 Thread 0x000001ea6f821050 Implicit null exception at 0x000001ea07af3972 to 0x000001ea07af3f3c
Event: 2.630 Thread 0x000001ea6f821050 Implicit null exception at 0x000001ea07af9e72 to 0x000001ea07afa44c
Event: 2.748 Thread 0x000001ea6f821050 Exception <a 'java/lang/NoSuchMethodError'{0x0000000096b49e18}: 'java.lang.Object java.lang.invoke.DirectMethodHandle$Holder.invokeVirtual(java.lang.Object, java.lang.Object, java.lang.Object)'> (0x0000000096b49e18) 
thrown [s\src\hotspot\share\interpreter\linkResolver.cpp, line 771]
Event: 3.878 Thread 0x000001ea6f821050 Exception <a 'java/lang/NoSuchMethodError'{0x00000000939cdb68}: 'java.lang.Object java.lang.invoke.DirectMethodHandle$Holder.newInvokeSpecial(java.lang.Object, java.lang.Object, int)'> (0x00000000939cdb68) 
thrown [s\src\hotspot\share\interpreter\linkResolver.cpp, line 771]
Event: 3.969 Thread 0x000001ea6f821050 Exception <a 'java/lang/NoSuchMethodError'{0x00000000937ab670}: 'java.lang.Object java.lang.invoke.DirectMethodHandle$Holder.newInvokeSpecial(java.lang.Object, java.lang.Object, java.lang.Object, int)'> (0x00000000937ab670) 
thrown [s\src\hotspot\share\interpreter\linkResolver.cpp, line 771]
Event: 3.969 Thread 0x000001ea6f821050 Exception <a 'java/lang/NoSuchMethodError'{0x00000000937afcf8}: 'java.lang.Object java.lang.invoke.DirectMethodHandle$Holder.invokeSpecial(java.lang.Object, java.lang.Object, java.lang.Object, java.lang.Object, int)'> (0x00000000937afcf8) 
thrown [s\src\hotspot\share\interpreter\linkResolver.cpp, line 771]
Event: 3.970 Thread 0x000001ea6f821050 Exception <a 'java/lang/NoSuchMethodError'{0x00000000937b3b68}: 'java.lang.Object java.lang.invoke.Invokers$Holder.linkToTargetMethod(java.lang.Object, java.lang.Object, int, java.lang.Object)'> (0x00000000937b3b68) 
thrown [s\src\hotspot\share\interpreter\linkResolver.cpp, line 771]
Event: 5.333 Thread 0x000001ea6f821050 Exception <a 'java/lang/NoSuchMethodError'{0x00000000944ee9c0}: 'java.lang.Object java.lang.invoke.DirectMethodHandle$Holder.newInvokeSpecial(java.lang.Object, java.lang.Object, java.lang.Object, java.lang.Object, java.lang.Object, java.lang.Object)'> (0x00000000944ee9c0) 
thrown [s\src\hotspot\share\interpreter\linkResolver.cpp, line 771]
Event: 5.632 Thread 0x000001ea6f821050 Exception <a 'java/lang/NoSuchMethodError'{0x0000000093ecb910}: 'java.lang.Object java.lang.invoke.DirectMethodHandle$Holder.newInvokeSpecial(java.lang.Object, java.lang.Object, java.lang.Object, java.lang.Object, java.lang.Object, java.lang.Object, java.lang.Object, java.lang.Object)'> (0x0000000093ecb910) 
thrown [s\src\hotspot\share\interpreter\linkResolver.cpp, line 771]
Event: 5.633 Thread 0x000001ea6f821050 Exception <a 'java/lang/NoSuchMethodError'{0x0000000093ed0f28}: 'java.lang.Object java.lang.invoke.DirectMethodHandle$Holder.invokeSpecial(java.lang.Object, java.lang.Object, java.lang.Object, java.lang.Object, java.lang.Object, java.lang.Object, java.lang.Object, java.lang.Object, java.lang.Object)'> (0x0000000093ed0f28) 
thrown [s\src\hotspot\share\interpreter\linkResolver.cpp, line 771]
Event: 5.634 Thread 0x000001ea6f821050 Exception <a 'java/lang/NoSuchMethodError'{0x0000000093ed5e58}: 'java.lang.Object java.lang.invoke.Invokers$Holder.linkToTargetMethod(java.lang.Object, java.lang.Object, java.lang.Object, java.lang.Object, java.lang.Object, java.lang.Object, java.lang.Object, java.lang.Object)'> (0x0000000093ed5e58) 
thrown [s\src\hotspot\share\interpreter\linkResolver.cpp, line 771]
Event: 6.857 Thread 0x000001ea6f821050 Implicit null exception at 0x000001ea07b8c38f to 0x000001ea07b8c71c
Event: 6.858 Thread 0x000001ea6f821050 Implicit null exception at 0x000001ea07b72a8f to 0x000001ea07b72b05
Event: 7.261 Thread 0x000001ea6f821050 Exception <a 'java/lang/NoSuchMethodError'{0x00000000940680a8}: 'java.lang.Object java.lang.invoke.DirectMethodHandle$Holder.newInvokeSpecial(java.lang.Object, int, java.lang.Object)'> (0x00000000940680a8) 
thrown [s\src\hotspot\share\interpreter\linkResolver.cpp, line 771]
Event: 7.263 Thread 0x000001ea6f821050 Exception <a 'java/lang/NoSuchMethodError'{0x000000009406e520}: 'int java.lang.invoke.DirectMethodHandle$Holder.invokeInterface(java.lang.Object, java.lang.Object)'> (0x000000009406e520) 
thrown [s\src\hotspot\share\interpreter\linkResolver.cpp, line 771]
Event: 7.674 Thread 0x000001ea6f821050 Exception <a 'java/lang/NoSuchMethodError'{0x00000000943d71d0}: 'java.lang.Object java.lang.invoke.DirectMethodHandle$Holder.newInvokeSpecial(java.lang.Object, java.lang.Object, java.lang.Object, java.lang.Object, java.lang.Object)'> (0x00000000943d71d0) 
thrown [s\src\hotspot\share\interpreter\linkResolver.cpp, line 771]

VM Operations (20 events):
Event: 7.028 Executing VM operation: ICBufferFull
Event: 7.029 Executing VM operation: ICBufferFull done
Event: 7.040 Executing VM operation: HandshakeAllThreads
Event: 7.041 Executing VM operation: HandshakeAllThreads done
Event: 7.186 Executing VM operation: ICBufferFull
Event: 7.186 Executing VM operation: ICBufferFull done
Event: 7.257 Executing VM operation: HandshakeAllThreads
Event: 7.257 Executing VM operation: HandshakeAllThreads done
Event: 7.334 Executing VM operation: G1CollectForAllocation
Event: 7.353 Executing VM operation: G1CollectForAllocation done
Event: 7.405 Executing VM operation: G1Concurrent
Event: 7.417 Executing VM operation: G1Concurrent done
Event: 7.439 Executing VM operation: G1Concurrent
Event: 7.439 Executing VM operation: G1Concurrent done
Event: 7.554 Executing VM operation: HandshakeAllThreads
Event: 7.554 Executing VM operation: HandshakeAllThreads done
Event: 7.569 Executing VM operation: HandshakeAllThreads
Event: 7.569 Executing VM operation: HandshakeAllThreads done
Event: 7.663 Executing VM operation: HandshakeAllThreads
Event: 7.663 Executing VM operation: HandshakeAllThreads done

Events (20 events):
Event: 4.253 loading class java/util/function/IntConsumer done
Event: 4.253 loading class java/util/stream/Sink$OfInt done
Event: 4.253 loading class java/util/stream/Sink$ChainedInt done
Event: 4.253 loading class java/util/stream/IntPipeline$1$1 done
Event: 4.292 loading class java/io/InvalidObjectException
Event: 4.292 loading class java/io/InvalidObjectException done
Event: 4.305 loading class java/util/ArrayList$SubList$1
Event: 4.305 loading class java/util/ArrayList$SubList$1 done
Event: 4.385 loading class java/util/AbstractList$SubList$1
Event: 4.385 loading class java/util/AbstractList$SubList$1 done
Event: 4.404 loading class java/text/StringCharacterIterator
Event: 4.405 loading class java/text/CharacterIterator
Event: 4.405 loading class java/text/CharacterIterator done
Event: 4.405 loading class java/text/StringCharacterIterator done
Event: 5.336 loading class java/util/RegularEnumSet$EnumSetIterator
Event: 5.336 loading class java/util/RegularEnumSet$EnumSetIterator done
Event: 5.614 loading class java/util/ComparableTimSort
Event: 5.614 loading class java/util/ComparableTimSort done
Event: 5.956 loading class java/util/Collections$SingletonMap
Event: 5.956 loading class java/util/Collections$SingletonMap done


Dynamic libraries:
0x00007ff79aff0000 - 0x00007ff79affa000 	D:\AndroidStudio\jbr\bin\java.exe
0x00007ffb7caf0000 - 0x00007ffb7cce8000 	C:\WINDOWS\SYSTEM32\ntdll.dll
0x00007ffb7c7f0000 - 0x00007ffb7c8ad000 	C:\WINDOWS\System32\KERNEL32.DLL
0x00007ffb7a4f0000 - 0x00007ffb7a7e6000 	C:\WINDOWS\System32\KERNELBASE.dll
0x00007ffb7aa30000 - 0x00007ffb7ab30000 	C:\WINDOWS\System32\ucrtbase.dll
0x00007ffb71530000 - 0x00007ffb71547000 	D:\AndroidStudio\jbr\bin\jli.dll
0x00007ffb6b5d0000 - 0x00007ffb6b5eb000 	D:\AndroidStudio\jbr\bin\VCRUNTIME140.dll
0x00007ffb7b660000 - 0x00007ffb7b7fe000 	C:\WINDOWS\System32\USER32.dll
0x00007ffb7a1b0000 - 0x00007ffb7a1d2000 	C:\WINDOWS\System32\win32u.dll
0x00007ffb7b5c0000 - 0x00007ffb7b5eb000 	C:\WINDOWS\System32\GDI32.dll
0x00007ffb7a910000 - 0x00007ffb7aa27000 	C:\WINDOWS\System32\gdi32full.dll
0x00007ffb7a230000 - 0x00007ffb7a2cd000 	C:\WINDOWS\System32\msvcp_win.dll
0x00007ffb6b8c0000 - 0x00007ffb6bb5a000 	C:\WINDOWS\WinSxS\amd64_microsoft.windows.common-controls_6595b64144ccf1df_6.0.19041.3636_none_60b6a03d71f818d5\COMCTL32.dll
0x00007ffb7b800000 - 0x00007ffb7b89e000 	C:\WINDOWS\System32\msvcrt.dll
0x00007ffb7c090000 - 0x00007ffb7c0c2000 	C:\WINDOWS\System32\IMM32.DLL
0x00007ffb75510000 - 0x00007ffb7551c000 	D:\AndroidStudio\jbr\bin\vcruntime140_1.dll
0x00007ffb5fc70000 - 0x00007ffb5fcfd000 	D:\AndroidStudio\jbr\bin\msvcp140.dll
0x00007ffb2f1b0000 - 0x00007ffb2fe30000 	D:\AndroidStudio\jbr\bin\server\jvm.dll
0x00007ffb7c220000 - 0x00007ffb7c2d3000 	C:\WINDOWS\System32\ADVAPI32.dll
0x00007ffb7c600000 - 0x00007ffb7c69f000 	C:\WINDOWS\System32\sechost.dll
0x00007ffb7c980000 - 0x00007ffb7caa6000 	C:\WINDOWS\System32\RPCRT4.dll
0x00007ffb7a2d0000 - 0x00007ffb7a2f7000 	C:\WINDOWS\System32\bcrypt.dll
0x00007ffb77200000 - 0x00007ffb77209000 	C:\WINDOWS\SYSTEM32\WSOCK32.dll
0x00007ffb7c6a0000 - 0x00007ffb7c70b000 	C:\WINDOWS\System32\WS2_32.dll
0x00007ffb70b50000 - 0x00007ffb70b77000 	C:\WINDOWS\SYSTEM32\WINMM.dll
0x00007ffb70b90000 - 0x00007ffb70b9a000 	C:\WINDOWS\SYSTEM32\VERSION.dll
0x00007ffb78a00000 - 0x00007ffb78a12000 	C:\WINDOWS\SYSTEM32\kernel.appcore.dll
0x00007ffb771f0000 - 0x00007ffb771fa000 	D:\AndroidStudio\jbr\bin\jimage.dll
0x00007ffb78460000 - 0x00007ffb78644000 	C:\WINDOWS\SYSTEM32\DBGHELP.DLL
0x00007ffb68ba0000 - 0x00007ffb68bd4000 	C:\WINDOWS\SYSTEM32\dbgcore.DLL
0x00007ffb7a300000 - 0x00007ffb7a382000 	C:\WINDOWS\System32\bcryptPrimitives.dll
0x00007ffb74380000 - 0x00007ffb743a5000 	D:\AndroidStudio\jbr\bin\java.dll
0x00007ffb74130000 - 0x00007ffb74148000 	D:\AndroidStudio\jbr\bin\zip.dll
0x00007ffb7ab30000 - 0x00007ffb7b275000 	C:\WINDOWS\System32\SHELL32.dll
0x00007ffb77bf0000 - 0x00007ffb7838c000 	C:\WINDOWS\SYSTEM32\windows.storage.dll
0x00007ffb7b8a0000 - 0x00007ffb7bbf4000 	C:\WINDOWS\System32\combase.dll
0x00007ffb79b10000 - 0x00007ffb79b3e000 	C:\WINDOWS\SYSTEM32\Wldp.dll
0x00007ffb7c410000 - 0x00007ffb7c4dd000 	C:\WINDOWS\System32\OLEAUT32.dll
0x00007ffb7c160000 - 0x00007ffb7c20d000 	C:\WINDOWS\System32\SHCORE.dll
0x00007ffb7b5f0000 - 0x00007ffb7b645000 	C:\WINDOWS\System32\shlwapi.dll
0x00007ffb7a0e0000 - 0x00007ffb7a105000 	C:\WINDOWS\SYSTEM32\profapi.dll
0x00007ffb74110000 - 0x00007ffb74129000 	D:\AndroidStudio\jbr\bin\net.dll
0x00007ffb710a0000 - 0x00007ffb711aa000 	C:\WINDOWS\SYSTEM32\WINHTTP.dll
0x00007ffb79850000 - 0x00007ffb798ba000 	C:\WINDOWS\system32\mswsock.dll
0x00007ffb73790000 - 0x00007ffb737a6000 	D:\AndroidStudio\jbr\bin\nio.dll
0x00007ffb742f0000 - 0x00007ffb74300000 	D:\AndroidStudio\jbr\bin\verify.dll

dbghelp: loaded successfully - version: 4.0.5 - missing functions: none
symbol engine: initialized successfully - sym options: 0x614 - pdb path: .;D:\AndroidStudio\jbr\bin;C:\WINDOWS\SYSTEM32;C:\WINDOWS\WinSxS\amd64_microsoft.windows.common-controls_6595b64144ccf1df_6.0.19041.3636_none_60b6a03d71f818d5;D:\AndroidStudio\jbr\bin\server

VM Arguments:
java_command: org.jetbrains.kotlin.cli.jvm.K2JVMCompiler @D:\GEI\TFG\Travudget\FrontEnd\app\build\20240223_6997653658330216504.compiler.options
java_class_path (initial): D:\CarpetaGradle\.gradle\caches\modules-2\files-2.1\org.jetbrains.kotlin\kotlin-compiler-embeddable\1.9.22\9cd4dc7773cf2a99ecd961a88fbbc9a2da3fb5e1\kotlin-compiler-embeddable-1.9.22.jar;D:\CarpetaGradle\.gradle\caches\modules-2\files-2.1\org.jetbrains.kotlin\kotlin-stdlib\1.9.22\d6c44cd08d8f3f9bece8101216dbe6553365c6e3\kotlin-stdlib-1.9.22.jar;D:\CarpetaGradle\.gradle\caches\modules-2\files-2.1\org.jetbrains.kotlin\kotlin-script-runtime\1.9.22\f8139a46fc677ec9badc49ae954392f4f5e7e7c7\kotlin-script-runtime-1.9.22.jar;D:\CarpetaGradle\.gradle\caches\modules-2\files-2.1\org.jetbrains.kotlin\kotlin-reflect\1.6.10\1cbe9c92c12a94eea200d23c2bbaedaf3daf5132\kotlin-reflect-1.6.10.jar;D:\CarpetaGradle\.gradle\caches\modules-2\files-2.1\org.jetbrains.kotlin\kotlin-daemon-embeddable\1.9.22\20e2c5df715f3240c765cfc222530e2796542021\kotlin-daemon-embeddable-1.9.22.jar;D:\CarpetaGradle\.gradle\caches\modules-2\files-2.1\org.jetbrains.intellij.deps\trove4j\1.0.20200330\3afb14d5f9ceb459d724e907a21145e8ff394f02\trove4j-1.0.20200330.jar;D:\CarpetaGradle\.gradle\caches\modules-2\files-2.1\org.jetbrains\annotations\13.0\919f0dfe192fb4e063e7dacadee7f8bb9a2672a9\annotations-13.0.jar
Launcher Type: SUN_STANDARD

[Global flags]
     intx CICompilerCount                          = 4                                         {product} {ergonomic}
     uint ConcGCThreads                            = 2                                         {product} {ergonomic}
     uint G1ConcRefinementThreads                  = 8                                         {product} {ergonomic}
   size_t G1HeapRegionSize                         = 1048576                                   {product} {ergonomic}
    uintx GCDrainStackTargetSize                   = 64                                        {product} {ergonomic}
   size_t InitialHeapSize                          = 117440512                                 {product} {ergonomic}
   size_t MarkStackSize                            = 4194304                                   {product} {ergonomic}
   size_t MaxHeapSize                              = 1862270976                                {product} {ergonomic}
   size_t MaxNewSize                               = 1116733440                                {product} {ergonomic}
   size_t MinHeapDeltaBytes                        = 1048576                                   {product} {ergonomic}
   size_t MinHeapSize                              = 8388608                                   {product} {ergonomic}
    uintx NonNMethodCodeHeapSize                   = 5839372                                {pd product} {ergonomic}
    uintx NonProfiledCodeHeapSize                  = 122909434                              {pd product} {ergonomic}
    uintx ProfiledCodeHeapSize                     = 122909434                              {pd product} {ergonomic}
    uintx ReservedCodeCacheSize                    = 251658240                              {pd product} {ergonomic}
     bool SegmentedCodeCache                       = true                                      {product} {ergonomic}
   size_t SoftMaxHeapSize                          = 1862270976                             {manageable} {ergonomic}
     bool UseCompressedClassPointers               = true                           {product lp64_product} {ergonomic}
     bool UseCompressedOops                        = true                           {product lp64_product} {ergonomic}
     bool UseG1GC                                  = true                                      {product} {ergonomic}
     bool UseLargePagesIndividualAllocation        = false                                  {pd product} {ergonomic}

Logging:
Log output configuration:
 #0: stdout all=warning uptime,level,tags
 #1: stderr all=off uptime,level,tags

Environment Variables:
PATH=C:\Program Files\Common Files\Oracle\Java\javapath;C:\Program Files (x86)\Common Files\Oracle\Java\javapath;C:\Program Files (x86)\Razer\ChromaBroadcast\bin;C:\Program Files\Razer\ChromaBroadcast\bin;C:\Windows\system32;C:\Windows;C:\Windows\System32\Wbem;C:\Windows\System32\WindowsPowerShell\v1.0\;C:\Windows\System32\OpenSSH\;C:\Windows\system32\config\systemprofile\AppData\Local\Microsoft\WindowsApps;C:\WINDOWS\system32;C:\WINDOWS;C:\WINDOWS\System32\Wbem;C:\WINDOWS\System32\WindowsPowerShell\v1.0\;C:\WINDOWS\System32\OpenSSH\;C:\Program Files (x86)\Labcenter Electronics\Proteus 8 Professional\Tools\xc8\bin;C:\Program Files\Git\cmd;C:\Program Files\PuTTY\;D:\kotlin-compiler-1.9.22\kotlinc;D:\kotlin-compiler-1.9.22\kotlinc\bin;;C:\Program Files\Docker\Docker\resources\bin;C:\Users\Pol Salvador\AppData\Local\Programs\Python\Python39\Scripts\;C:\Users\Pol Salvador\AppData\Local\Programs\Python\Python39\;C:\Users\Pol Salvador\AppData\Local\Microsoft\WindowsApps;C:\Users\Pol Salvador\AppData\Local\Programs\Microsoft VS Code\bin;D:\kotlin-compiler-1.9.22\kotlinc;D:\kotlin-compiler-1.9.22\kotlinc\bin;D:\Docker;
USERNAME=Pol Salvador
OS=Windows_NT
PROCESSOR_IDENTIFIER=AMD64 Family 23 Model 24 Stepping 1, AuthenticAMD
TMP=C:\Users\POLSAL~1\AppData\Local\Temp
TEMP=C:\Users\POLSAL~1\AppData\Local\Temp


JNI global refs:
JNI global refs: 11, weak refs: 1

JNI global refs memory usage: 843, weak refs: 841

OOME stack traces (most recent first):
Classloader memory used:
Loader jdk.internal.loader.ClassLoaders$AppClassLoader                                 : 4764K
Loader bootstrap                                                                       : 1290K
Loader jdk.internal.reflect.DelegatingClassLoader                                      : 4349B


---------------  S Y S T E M  ---------------

OS:
 Windows 10 , 64 bit Build 19041 (10.0.19041.3636)
OS uptime: 0 days 3:37 hours
Hyper-V role detected

CPU: total 8 (initial active 8) (8 cores per cpu, 2 threads per core) family 23 model 24 stepping 1 microcode 0x0, cx8, cmov, fxsr, ht, mmx, 3dnowpref, sse, sse2, sse3, ssse3, sse4a, sse4.1, sse4.2, popcnt, lzcnt, tsc, tscinvbit, avx, avx2, aes, clmul, bmi1, bmi2, adx, sha, fma, vzeroupper, clflush, clflushopt, hv

Memory: 4k page, system-wide physical 7103M (1014M free)
TotalPageFile size 14821M (AvailPageFile size 24M)
current process WorkingSet (physical memory assigned to process): 224M, peak: 224M
current process commit charge ("private bytes"): 260M, peak: 262M

vm_info: OpenJDK 64-Bit Server VM (17.0.7+0-b2043.56-10550314) for windows-amd64 JRE (17.0.7+0-b2043.56-10550314), built on Jul 24 2023 18:27:45 by "androidbuild" with MS VC++ 16.10 / 16.11 (VS2019)

END.
